[0.012s] Invoking command in '/home/ws2/ros2_ws/src/ardupilot_gz/build/ardupilot_gz_gazebo': CMAKE_PREFIX_PATH=${CMAKE_PREFIX_PATH}:/home/ws2/ros2_ws/install/py_srvcli:/home/ws2/ros2_ws/install/py_pubsub:/home/ws2/ros2_ws/install/ardupilot_ros:/home/ws2/ros2_ws/install/python_parameters:/home/ws2/ros2_ws/install/mission_test:/home/ws2/ros2_ws/install/ardupilot_dds_tests:/home/ws2/ros2_ws/install/launch_testing_examples:/home/ws2/ros2_ws/install/jetson_pkg:/home/ws2/ros2_ws/install/examples_rclpy_pointcloud_publisher:/home/ws2/ros2_ws/install/examples_rclpy_minimal_subscriber:/home/ws2/ros2_ws/install/examples_rclpy_minimal_service:/home/ws2/ros2_ws/install/examples_rclpy_minimal_publisher:/home/ws2/ros2_ws/install/examples_rclpy_minimal_client:/home/ws2/ros2_ws/install/examples_rclpy_minimal_action_server:/home/ws2/ros2_ws/install/examples_rclpy_minimal_action_client:/home/ws2/ros2_ws/install/examples_rclpy_guard_conditions:/home/ws2/ros2_ws/install/examples_rclpy_executors:/home/ws2/glenn/ros2/install/vision:/home/ws2/glenn/ros2/install/nav:/home/ws2/glenn/ros2/install/gps:/home/ws2/glenn/ros2/install/drone_test:/home/ws2/glenn/ros2/install/isaac_ros_test:/home/ws2/glenn/ros2/install/GPS:/opt/ros/humble CONDA_PROMPT_MODIFIER=(base) /home/ws2/.local/bin/cmake --build /home/ws2/ros2_ws/src/ardupilot_gz/build/ardupilot_gz_gazebo -- -j24 -l24
[0.042s] [ 50%] Built target FullSystem
[0.042s] [100%] Built target BasicSystem
[0.046s] Invoked command in '/home/ws2/ros2_ws/src/ardupilot_gz/build/ardupilot_gz_gazebo' returned '0': CMAKE_PREFIX_PATH=${CMAKE_PREFIX_PATH}:/home/ws2/ros2_ws/install/py_srvcli:/home/ws2/ros2_ws/install/py_pubsub:/home/ws2/ros2_ws/install/ardupilot_ros:/home/ws2/ros2_ws/install/python_parameters:/home/ws2/ros2_ws/install/mission_test:/home/ws2/ros2_ws/install/ardupilot_dds_tests:/home/ws2/ros2_ws/install/launch_testing_examples:/home/ws2/ros2_ws/install/jetson_pkg:/home/ws2/ros2_ws/install/examples_rclpy_pointcloud_publisher:/home/ws2/ros2_ws/install/examples_rclpy_minimal_subscriber:/home/ws2/ros2_ws/install/examples_rclpy_minimal_service:/home/ws2/ros2_ws/install/examples_rclpy_minimal_publisher:/home/ws2/ros2_ws/install/examples_rclpy_minimal_client:/home/ws2/ros2_ws/install/examples_rclpy_minimal_action_server:/home/ws2/ros2_ws/install/examples_rclpy_minimal_action_client:/home/ws2/ros2_ws/install/examples_rclpy_guard_conditions:/home/ws2/ros2_ws/install/examples_rclpy_executors:/home/ws2/glenn/ros2/install/vision:/home/ws2/glenn/ros2/install/nav:/home/ws2/glenn/ros2/install/gps:/home/ws2/glenn/ros2/install/drone_test:/home/ws2/glenn/ros2/install/isaac_ros_test:/home/ws2/glenn/ros2/install/GPS:/opt/ros/humble CONDA_PROMPT_MODIFIER=(base) /home/ws2/.local/bin/cmake --build /home/ws2/ros2_ws/src/ardupilot_gz/build/ardupilot_gz_gazebo -- -j24 -l24
[0.087s] Invoking command in '/home/ws2/ros2_ws/src/ardupilot_gz/build/ardupilot_gz_gazebo': CMAKE_PREFIX_PATH=${CMAKE_PREFIX_PATH}:/home/ws2/ros2_ws/install/py_srvcli:/home/ws2/ros2_ws/install/py_pubsub:/home/ws2/ros2_ws/install/ardupilot_ros:/home/ws2/ros2_ws/install/python_parameters:/home/ws2/ros2_ws/install/mission_test:/home/ws2/ros2_ws/install/ardupilot_dds_tests:/home/ws2/ros2_ws/install/launch_testing_examples:/home/ws2/ros2_ws/install/jetson_pkg:/home/ws2/ros2_ws/install/examples_rclpy_pointcloud_publisher:/home/ws2/ros2_ws/install/examples_rclpy_minimal_subscriber:/home/ws2/ros2_ws/install/examples_rclpy_minimal_service:/home/ws2/ros2_ws/install/examples_rclpy_minimal_publisher:/home/ws2/ros2_ws/install/examples_rclpy_minimal_client:/home/ws2/ros2_ws/install/examples_rclpy_minimal_action_server:/home/ws2/ros2_ws/install/examples_rclpy_minimal_action_client:/home/ws2/ros2_ws/install/examples_rclpy_guard_conditions:/home/ws2/ros2_ws/install/examples_rclpy_executors:/home/ws2/glenn/ros2/install/vision:/home/ws2/glenn/ros2/install/nav:/home/ws2/glenn/ros2/install/gps:/home/ws2/glenn/ros2/install/drone_test:/home/ws2/glenn/ros2/install/isaac_ros_test:/home/ws2/glenn/ros2/install/GPS:/opt/ros/humble CONDA_PROMPT_MODIFIER=(base) /home/ws2/.local/bin/cmake --install /home/ws2/ros2_ws/src/ardupilot_gz/build/ardupilot_gz_gazebo
[0.104s] -- Install configuration: ""
[0.104s] -- Up-to-date: /home/ws2/ros2_ws/src/ardupilot_gz/install/ardupilot_gz_gazebo/lib/ardupilot_gz_gazebo/libBasicSystem.so
[0.104s] -- Up-to-date: /home/ws2/ros2_ws/src/ardupilot_gz/install/ardupilot_gz_gazebo/lib/ardupilot_gz_gazebo/libFullSystem.so
[0.104s] -- Up-to-date: /home/ws2/ros2_ws/src/ardupilot_gz/install/ardupilot_gz_gazebo/share/ardupilot_gz_gazebo/worlds
[0.104s] -- Up-to-date: /home/ws2/ros2_ws/src/ardupilot_gz/install/ardupilot_gz_gazebo/share/ardupilot_gz_gazebo/worlds/iris_runway.sdf
[0.104s] -- Up-to-date: /home/ws2/ros2_ws/src/ardupilot_gz/install/ardupilot_gz_gazebo/share/ardupilot_gz_gazebo/worlds/iris_maze.sdf
[0.104s] -- Up-to-date: /home/ws2/ros2_ws/src/ardupilot_gz/install/ardupilot_gz_gazebo/share/ardupilot_gz_gazebo/worlds/wildthumper_playpen.sdf
[0.105s] -- Up-to-date: /home/ws2/ros2_ws/src/ardupilot_gz/install/ardupilot_gz_gazebo/share/ardupilot_gz_gazebo/environment/ardupilot_gz_gazebo.dsv
[0.105s] -- Up-to-date: /home/ws2/ros2_ws/src/ardupilot_gz/install/ardupilot_gz_gazebo/share/ardupilot_gz_gazebo/environment/ardupilot_gz_gazebo.sh
[0.105s] -- Up-to-date: /home/ws2/ros2_ws/src/ardupilot_gz/install/ardupilot_gz_gazebo/share/ament_index/resource_index/package_run_dependencies/ardupilot_gz_gazebo
[0.105s] -- Up-to-date: /home/ws2/ros2_ws/src/ardupilot_gz/install/ardupilot_gz_gazebo/share/ament_index/resource_index/parent_prefix_path/ardupilot_gz_gazebo
[0.105s] -- Up-to-date: /home/ws2/ros2_ws/src/ardupilot_gz/install/ardupilot_gz_gazebo/share/ardupilot_gz_gazebo/environment/ament_prefix_path.sh
[0.105s] -- Up-to-date: /home/ws2/ros2_ws/src/ardupilot_gz/install/ardupilot_gz_gazebo/share/ardupilot_gz_gazebo/environment/ament_prefix_path.dsv
[0.105s] -- Up-to-date: /home/ws2/ros2_ws/src/ardupilot_gz/install/ardupilot_gz_gazebo/share/ardupilot_gz_gazebo/environment/path.sh
[0.105s] -- Up-to-date: /home/ws2/ros2_ws/src/ardupilot_gz/install/ardupilot_gz_gazebo/share/ardupilot_gz_gazebo/environment/path.dsv
[0.105s] -- Up-to-date: /home/ws2/ros2_ws/src/ardupilot_gz/install/ardupilot_gz_gazebo/share/ardupilot_gz_gazebo/local_setup.bash
[0.105s] -- Up-to-date: /home/ws2/ros2_ws/src/ardupilot_gz/install/ardupilot_gz_gazebo/share/ardupilot_gz_gazebo/local_setup.sh
[0.105s] -- Up-to-date: /home/ws2/ros2_ws/src/ardupilot_gz/install/ardupilot_gz_gazebo/share/ardupilot_gz_gazebo/local_setup.zsh
[0.105s] -- Up-to-date: /home/ws2/ros2_ws/src/ardupilot_gz/install/ardupilot_gz_gazebo/share/ardupilot_gz_gazebo/local_setup.dsv
[0.105s] -- Installing: /home/ws2/ros2_ws/src/ardupilot_gz/install/ardupilot_gz_gazebo/share/ardupilot_gz_gazebo/package.dsv
[0.105s] -- Up-to-date: /home/ws2/ros2_ws/src/ardupilot_gz/install/ardupilot_gz_gazebo/share/ament_index/resource_index/packages/ardupilot_gz_gazebo
[0.105s] -- Up-to-date: /home/ws2/ros2_ws/src/ardupilot_gz/install/ardupilot_gz_gazebo/share/ardupilot_gz_gazebo/cmake/ardupilot_gz_gazeboConfig.cmake
[0.105s] -- Up-to-date: /home/ws2/ros2_ws/src/ardupilot_gz/install/ardupilot_gz_gazebo/share/ardupilot_gz_gazebo/cmake/ardupilot_gz_gazeboConfig-version.cmake
[0.105s] -- Up-to-date: /home/ws2/ros2_ws/src/ardupilot_gz/install/ardupilot_gz_gazebo/share/ardupilot_gz_gazebo/package.xml
[0.114s] Invoked command in '/home/ws2/ros2_ws/src/ardupilot_gz/build/ardupilot_gz_gazebo' returned '0': CMAKE_PREFIX_PATH=${CMAKE_PREFIX_PATH}:/home/ws2/ros2_ws/install/py_srvcli:/home/ws2/ros2_ws/install/py_pubsub:/home/ws2/ros2_ws/install/ardupilot_ros:/home/ws2/ros2_ws/install/python_parameters:/home/ws2/ros2_ws/install/mission_test:/home/ws2/ros2_ws/install/ardupilot_dds_tests:/home/ws2/ros2_ws/install/launch_testing_examples:/home/ws2/ros2_ws/install/jetson_pkg:/home/ws2/ros2_ws/install/examples_rclpy_pointcloud_publisher:/home/ws2/ros2_ws/install/examples_rclpy_minimal_subscriber:/home/ws2/ros2_ws/install/examples_rclpy_minimal_service:/home/ws2/ros2_ws/install/examples_rclpy_minimal_publisher:/home/ws2/ros2_ws/install/examples_rclpy_minimal_client:/home/ws2/ros2_ws/install/examples_rclpy_minimal_action_server:/home/ws2/ros2_ws/install/examples_rclpy_minimal_action_client:/home/ws2/ros2_ws/install/examples_rclpy_guard_conditions:/home/ws2/ros2_ws/install/examples_rclpy_executors:/home/ws2/glenn/ros2/install/vision:/home/ws2/glenn/ros2/install/nav:/home/ws2/glenn/ros2/install/gps:/home/ws2/glenn/ros2/install/drone_test:/home/ws2/glenn/ros2/install/isaac_ros_test:/home/ws2/glenn/ros2/install/GPS:/opt/ros/humble CONDA_PROMPT_MODIFIER=(base) /home/ws2/.local/bin/cmake --install /home/ws2/ros2_ws/src/ardupilot_gz/build/ardupilot_gz_gazebo
