[0.363s] Invoking command in '/home/ws2/ros2_ws/src/ardupilot_ros': CONDA_PROMPT_MODIFIER=(base) PYTHONPATH=/home/ws2/ros2_ws/src/ardupilot_ros/build/ardupilot_ros/prefix_override:/home/ws2/ros2_ws/src/ardupilot_ros/install/ardupilot_ros/lib/python3.10/site-packages:${PYTHONPATH} /usr/bin/python3 setup.py egg_info --egg-base build/ardupilot_ros build --build-base /home/ws2/ros2_ws/src/ardupilot_ros/build/ardupilot_ros/build install --record /home/ws2/ros2_ws/src/ardupilot_ros/build/ardupilot_ros/install.log --single-version-externally-managed
[0.497s] running egg_info
[0.497s] creating build/ardupilot_ros/ardupilot_ros.egg-info
[0.497s] writing build/ardupilot_ros/ardupilot_ros.egg-info/PKG-INFO
[0.498s] writing dependency_links to build/ardupilot_ros/ardupilot_ros.egg-info/dependency_links.txt
[0.498s] writing entry points to build/ardupilot_ros/ardupilot_ros.egg-info/entry_points.txt
[0.498s] writing requirements to build/ardupilot_ros/ardupilot_ros.egg-info/requires.txt
[0.498s] writing top-level names to build/ardupilot_ros/ardupilot_ros.egg-info/top_level.txt
[0.498s] writing manifest file 'build/ardupilot_ros/ardupilot_ros.egg-info/SOURCES.txt'
[0.498s] reading manifest file 'build/ardupilot_ros/ardupilot_ros.egg-info/SOURCES.txt'
[0.498s] adding license file 'COPYING.txt'
[0.499s] writing manifest file 'build/ardupilot_ros/ardupilot_ros.egg-info/SOURCES.txt'
[0.499s] running build
[0.499s] running build_py
[0.499s] creating /home/ws2/ros2_ws/src/ardupilot_ros/build/ardupilot_ros/build
[0.499s] creating /home/ws2/ros2_ws/src/ardupilot_ros/build/ardupilot_ros/build/lib
[0.499s] creating /home/ws2/ros2_ws/src/ardupilot_ros/build/ardupilot_ros/build/lib/ardupilot_ros
[0.499s] copying ardupilot_ros/__init__.py -> /home/ws2/ros2_ws/src/ardupilot_ros/build/ardupilot_ros/build/lib/ardupilot_ros
[0.499s] copying ardupilot_ros/joy_controller.py -> /home/ws2/ros2_ws/src/ardupilot_ros/build/ardupilot_ros/build/lib/ardupilot_ros
[0.499s] running install
[0.499s] /usr/lib/python3/dist-packages/setuptools/command/install.py:34: SetuptoolsDeprecationWarning: setup.py install is deprecated. Use build and pip and other standards-based tools.
[0.499s]   warnings.warn(
[0.499s] running install_lib
[0.499s] creating /home/ws2/ros2_ws/src/ardupilot_ros/install/ardupilot_ros/lib/python3.10/site-packages/ardupilot_ros
[0.499s] copying /home/ws2/ros2_ws/src/ardupilot_ros/build/ardupilot_ros/build/lib/ardupilot_ros/__init__.py -> /home/ws2/ros2_ws/src/ardupilot_ros/install/ardupilot_ros/lib/python3.10/site-packages/ardupilot_ros
[0.500s] copying /home/ws2/ros2_ws/src/ardupilot_ros/build/ardupilot_ros/build/lib/ardupilot_ros/joy_controller.py -> /home/ws2/ros2_ws/src/ardupilot_ros/install/ardupilot_ros/lib/python3.10/site-packages/ardupilot_ros
[0.500s] byte-compiling /home/ws2/ros2_ws/src/ardupilot_ros/install/ardupilot_ros/lib/python3.10/site-packages/ardupilot_ros/__init__.py to __init__.cpython-310.pyc
[0.500s] byte-compiling /home/ws2/ros2_ws/src/ardupilot_ros/install/ardupilot_ros/lib/python3.10/site-packages/ardupilot_ros/joy_controller.py to joy_controller.cpython-310.pyc
[0.500s] running install_data
[0.500s] creating /home/ws2/ros2_ws/src/ardupilot_ros/install/ardupilot_ros/share/ament_index
[0.501s] creating /home/ws2/ros2_ws/src/ardupilot_ros/install/ardupilot_ros/share/ament_index/resource_index
[0.501s] creating /home/ws2/ros2_ws/src/ardupilot_ros/install/ardupilot_ros/share/ament_index/resource_index/packages
[0.501s] copying resource/ardupilot_ros -> /home/ws2/ros2_ws/src/ardupilot_ros/install/ardupilot_ros/share/ament_index/resource_index/packages
[0.501s] copying package.xml -> /home/ws2/ros2_ws/src/ardupilot_ros/install/ardupilot_ros/share/ardupilot_ros
[0.501s] creating /home/ws2/ros2_ws/src/ardupilot_ros/install/ardupilot_ros/share/ardupilot_ros/launch
[0.501s] copying launch/cartographer.launch.py -> /home/ws2/ros2_ws/src/ardupilot_ros/install/ardupilot_ros/share/ardupilot_ros/launch
[0.501s] creating /home/ws2/ros2_ws/src/ardupilot_ros/install/ardupilot_ros/share/ardupilot_ros/config
[0.501s] copying config/cartographer.lua -> /home/ws2/ros2_ws/src/ardupilot_ros/install/ardupilot_ros/share/ardupilot_ros/config
[0.501s] creating /home/ws2/ros2_ws/src/ardupilot_ros/install/ardupilot_ros/share/ardupilot_ros/rviz
[0.501s] copying rviz/cartographer.rviz -> /home/ws2/ros2_ws/src/ardupilot_ros/install/ardupilot_ros/share/ardupilot_ros/rviz
[0.501s] running install_egg_info
[0.502s] Copying build/ardupilot_ros/ardupilot_ros.egg-info to /home/ws2/ros2_ws/src/ardupilot_ros/install/ardupilot_ros/lib/python3.10/site-packages/ardupilot_ros-0.0.0-py3.10.egg-info
[0.502s] running install_scripts
[0.513s] Installing joy_controller script to /home/ws2/ros2_ws/src/ardupilot_ros/install/ardupilot_ros/lib/ardupilot_ros
[0.514s] writing list of installed files to '/home/ws2/ros2_ws/src/ardupilot_ros/build/ardupilot_ros/install.log'
[0.524s] Invoked command in '/home/ws2/ros2_ws/src/ardupilot_ros' returned '0': CONDA_PROMPT_MODIFIER=(base) PYTHONPATH=/home/ws2/ros2_ws/src/ardupilot_ros/build/ardupilot_ros/prefix_override:/home/ws2/ros2_ws/src/ardupilot_ros/install/ardupilot_ros/lib/python3.10/site-packages:${PYTHONPATH} /usr/bin/python3 setup.py egg_info --egg-base build/ardupilot_ros build --build-base /home/ws2/ros2_ws/src/ardupilot_ros/build/ardupilot_ros/build install --record /home/ws2/ros2_ws/src/ardupilot_ros/build/ardupilot_ros/install.log --single-version-externally-managed
