[0mCMake Deprecation Warning at /usr/lib/x86_64-linux-gnu/cmake/jsoncpp/jsoncppConfig.cmake:2 (cmake_policy):
  Compatibility with CMake < 3.5 will be removed from a future version of
  CMake.

  Update the VERSION argument <min> value or use a ...<max> suffix to tell
  CMake that the project does not need compatibility with older versions.
Call Stack (most recent call first):
  /usr/share/cmake/gz-cmake3/cmake3/FindJSONCPP.cmake:34 (find_package)
  /usr/lib/x86_64-linux-gnu/cmake/gz-fuel_tools8/gz-fuel_tools8-config.cmake:94 (find_package)
  /usr/lib/x86_64-linux-gnu/cmake/gz-sim7/gz-sim7-config.cmake:97 (find_package)
  CMakeLists.txt:16 (find_package)

[0m
[33mCMake Warning at /opt/ros/humble/share/ament_cmake_pclint/cmake/ament_pclint.cmake:117 (message):
  WARNING: pclp64_linux not found, skipping pclint test creation
Call Stack (most recent call first):
  /opt/ros/humble/share/ament_cmake_pclint/cmake/ament_cmake_pclint_lint_hook.cmake:25 (ament_pclint)
  /opt/ros/humble/share/ament_cmake_core/cmake/core/ament_execute_extensions.cmake:48 (include)
  /opt/ros/humble/share/ament_lint_auto/cmake/ament_lint_auto_package_hook.cmake:21 (ament_execute_extensions)
  /opt/ros/humble/share/ament_cmake_core/cmake/core/ament_execute_extensions.cmake:48 (include)
  /opt/ros/humble/share/ament_cmake_core/cmake/core/ament_package.cmake:66 (ament_execute_extensions)
  CMakeLists.txt:80 (ament_package)

[0m
