[0.020s] Invoking command in '/home/ws2/ros2_ws/src/ardupilot_gz/build/ardupilot_gz_description': CMAKE_PREFIX_PATH=${CMAKE_PREFIX_PATH}:/home/ws2/ros2_ws/install/py_srvcli:/home/ws2/ros2_ws/install/py_pubsub:/home/ws2/ros2_ws/install/ardupilot_ros:/home/ws2/ros2_ws/install/python_parameters:/home/ws2/ros2_ws/install/mission_test:/home/ws2/ros2_ws/install/ardupilot_dds_tests:/home/ws2/ros2_ws/install/launch_testing_examples:/home/ws2/ros2_ws/install/jetson_pkg:/home/ws2/ros2_ws/install/examples_rclpy_pointcloud_publisher:/home/ws2/ros2_ws/install/examples_rclpy_minimal_subscriber:/home/ws2/ros2_ws/install/examples_rclpy_minimal_service:/home/ws2/ros2_ws/install/examples_rclpy_minimal_publisher:/home/ws2/ros2_ws/install/examples_rclpy_minimal_client:/home/ws2/ros2_ws/install/examples_rclpy_minimal_action_server:/home/ws2/ros2_ws/install/examples_rclpy_minimal_action_client:/home/ws2/ros2_ws/install/examples_rclpy_guard_conditions:/home/ws2/ros2_ws/install/examples_rclpy_executors:/home/ws2/glenn/ros2/install/vision:/home/ws2/glenn/ros2/install/nav:/home/ws2/glenn/ros2/install/gps:/home/ws2/glenn/ros2/install/drone_test:/home/ws2/glenn/ros2/install/isaac_ros_test:/home/ws2/glenn/ros2/install/GPS:/opt/ros/humble CONDA_PROMPT_MODIFIER=(base) /home/ws2/.local/bin/cmake /home/ws2/ros2_ws/src/ardupilot_gz/ardupilot_gz_description -DCMAKE_INSTALL_PREFIX=/home/ws2/ros2_ws/src/ardupilot_gz/install/ardupilot_gz_description
[0.115s] -- The C compiler identification is GNU 11.4.0
[0.168s] -- The CXX compiler identification is GNU 11.4.0
[0.185s] -- Detecting C compiler ABI info
[0.218s] -- Detecting C compiler ABI info - done
[0.224s] -- Check for working C compiler: /usr/lib/ccache/cc - skipped
[0.225s] -- Detecting C compile features
[0.225s] -- Detecting C compile features - done
[0.232s] -- Detecting CXX compiler ABI info
[0.265s] -- Detecting CXX compiler ABI info - done
[0.272s] -- Check for working CXX compiler: /usr/lib/ccache/c++ - skipped
[0.272s] -- Detecting CXX compile features
[0.272s] -- Detecting CXX compile features - done
[0.278s] -- Found ament_cmake: 1.3.5 (/opt/ros/humble/share/ament_cmake/cmake)
[0.781s] -- Found Python3: /home/ws2/mambaforge/bin/python3.10 (found version "3.10.12") found components: Interpreter 
[0.873s] -- Found ament_lint_auto: 0.12.7 (/opt/ros/humble/share/ament_lint_auto/cmake)
[0.958s] -- Added test 'copyright' to check source files copyright and LICENSE
[0.960s] -- Added test 'lint_cmake' to check CMake code style
[0.961s] -- Added test 'xmllint' to check XML markup files
[0.963s] -- Configuring done (0.9s)
[0.965s] -- Generating done (0.0s)
[0.965s] -- Build files have been written to: /home/ws2/ros2_ws/src/ardupilot_gz/build/ardupilot_gz_description
[0.969s] Invoked command in '/home/ws2/ros2_ws/src/ardupilot_gz/build/ardupilot_gz_description' returned '0': CMAKE_PREFIX_PATH=${CMAKE_PREFIX_PATH}:/home/ws2/ros2_ws/install/py_srvcli:/home/ws2/ros2_ws/install/py_pubsub:/home/ws2/ros2_ws/install/ardupilot_ros:/home/ws2/ros2_ws/install/python_parameters:/home/ws2/ros2_ws/install/mission_test:/home/ws2/ros2_ws/install/ardupilot_dds_tests:/home/ws2/ros2_ws/install/launch_testing_examples:/home/ws2/ros2_ws/install/jetson_pkg:/home/ws2/ros2_ws/install/examples_rclpy_pointcloud_publisher:/home/ws2/ros2_ws/install/examples_rclpy_minimal_subscriber:/home/ws2/ros2_ws/install/examples_rclpy_minimal_service:/home/ws2/ros2_ws/install/examples_rclpy_minimal_publisher:/home/ws2/ros2_ws/install/examples_rclpy_minimal_client:/home/ws2/ros2_ws/install/examples_rclpy_minimal_action_server:/home/ws2/ros2_ws/install/examples_rclpy_minimal_action_client:/home/ws2/ros2_ws/install/examples_rclpy_guard_conditions:/home/ws2/ros2_ws/install/examples_rclpy_executors:/home/ws2/glenn/ros2/install/vision:/home/ws2/glenn/ros2/install/nav:/home/ws2/glenn/ros2/install/gps:/home/ws2/glenn/ros2/install/drone_test:/home/ws2/glenn/ros2/install/isaac_ros_test:/home/ws2/glenn/ros2/install/GPS:/opt/ros/humble CONDA_PROMPT_MODIFIER=(base) /home/ws2/.local/bin/cmake /home/ws2/ros2_ws/src/ardupilot_gz/ardupilot_gz_description -DCMAKE_INSTALL_PREFIX=/home/ws2/ros2_ws/src/ardupilot_gz/install/ardupilot_gz_description
[0.971s] Invoking command in '/home/ws2/ros2_ws/src/ardupilot_gz/build/ardupilot_gz_description': CMAKE_PREFIX_PATH=${CMAKE_PREFIX_PATH}:/home/ws2/ros2_ws/install/py_srvcli:/home/ws2/ros2_ws/install/py_pubsub:/home/ws2/ros2_ws/install/ardupilot_ros:/home/ws2/ros2_ws/install/python_parameters:/home/ws2/ros2_ws/install/mission_test:/home/ws2/ros2_ws/install/ardupilot_dds_tests:/home/ws2/ros2_ws/install/launch_testing_examples:/home/ws2/ros2_ws/install/jetson_pkg:/home/ws2/ros2_ws/install/examples_rclpy_pointcloud_publisher:/home/ws2/ros2_ws/install/examples_rclpy_minimal_subscriber:/home/ws2/ros2_ws/install/examples_rclpy_minimal_service:/home/ws2/ros2_ws/install/examples_rclpy_minimal_publisher:/home/ws2/ros2_ws/install/examples_rclpy_minimal_client:/home/ws2/ros2_ws/install/examples_rclpy_minimal_action_server:/home/ws2/ros2_ws/install/examples_rclpy_minimal_action_client:/home/ws2/ros2_ws/install/examples_rclpy_guard_conditions:/home/ws2/ros2_ws/install/examples_rclpy_executors:/home/ws2/glenn/ros2/install/vision:/home/ws2/glenn/ros2/install/nav:/home/ws2/glenn/ros2/install/gps:/home/ws2/glenn/ros2/install/drone_test:/home/ws2/glenn/ros2/install/isaac_ros_test:/home/ws2/glenn/ros2/install/GPS:/opt/ros/humble CONDA_PROMPT_MODIFIER=(base) /home/ws2/.local/bin/cmake --build /home/ws2/ros2_ws/src/ardupilot_gz/build/ardupilot_gz_description -- -j24 -l24
[1.000s] Invoked command in '/home/ws2/ros2_ws/src/ardupilot_gz/build/ardupilot_gz_description' returned '0': CMAKE_PREFIX_PATH=${CMAKE_PREFIX_PATH}:/home/ws2/ros2_ws/install/py_srvcli:/home/ws2/ros2_ws/install/py_pubsub:/home/ws2/ros2_ws/install/ardupilot_ros:/home/ws2/ros2_ws/install/python_parameters:/home/ws2/ros2_ws/install/mission_test:/home/ws2/ros2_ws/install/ardupilot_dds_tests:/home/ws2/ros2_ws/install/launch_testing_examples:/home/ws2/ros2_ws/install/jetson_pkg:/home/ws2/ros2_ws/install/examples_rclpy_pointcloud_publisher:/home/ws2/ros2_ws/install/examples_rclpy_minimal_subscriber:/home/ws2/ros2_ws/install/examples_rclpy_minimal_service:/home/ws2/ros2_ws/install/examples_rclpy_minimal_publisher:/home/ws2/ros2_ws/install/examples_rclpy_minimal_client:/home/ws2/ros2_ws/install/examples_rclpy_minimal_action_server:/home/ws2/ros2_ws/install/examples_rclpy_minimal_action_client:/home/ws2/ros2_ws/install/examples_rclpy_guard_conditions:/home/ws2/ros2_ws/install/examples_rclpy_executors:/home/ws2/glenn/ros2/install/vision:/home/ws2/glenn/ros2/install/nav:/home/ws2/glenn/ros2/install/gps:/home/ws2/glenn/ros2/install/drone_test:/home/ws2/glenn/ros2/install/isaac_ros_test:/home/ws2/glenn/ros2/install/GPS:/opt/ros/humble CONDA_PROMPT_MODIFIER=(base) /home/ws2/.local/bin/cmake --build /home/ws2/ros2_ws/src/ardupilot_gz/build/ardupilot_gz_description -- -j24 -l24
[1.049s] Invoking command in '/home/ws2/ros2_ws/src/ardupilot_gz/build/ardupilot_gz_description': CMAKE_PREFIX_PATH=${CMAKE_PREFIX_PATH}:/home/ws2/ros2_ws/install/py_srvcli:/home/ws2/ros2_ws/install/py_pubsub:/home/ws2/ros2_ws/install/ardupilot_ros:/home/ws2/ros2_ws/install/python_parameters:/home/ws2/ros2_ws/install/mission_test:/home/ws2/ros2_ws/install/ardupilot_dds_tests:/home/ws2/ros2_ws/install/launch_testing_examples:/home/ws2/ros2_ws/install/jetson_pkg:/home/ws2/ros2_ws/install/examples_rclpy_pointcloud_publisher:/home/ws2/ros2_ws/install/examples_rclpy_minimal_subscriber:/home/ws2/ros2_ws/install/examples_rclpy_minimal_service:/home/ws2/ros2_ws/install/examples_rclpy_minimal_publisher:/home/ws2/ros2_ws/install/examples_rclpy_minimal_client:/home/ws2/ros2_ws/install/examples_rclpy_minimal_action_server:/home/ws2/ros2_ws/install/examples_rclpy_minimal_action_client:/home/ws2/ros2_ws/install/examples_rclpy_guard_conditions:/home/ws2/ros2_ws/install/examples_rclpy_executors:/home/ws2/glenn/ros2/install/vision:/home/ws2/glenn/ros2/install/nav:/home/ws2/glenn/ros2/install/gps:/home/ws2/glenn/ros2/install/drone_test:/home/ws2/glenn/ros2/install/isaac_ros_test:/home/ws2/glenn/ros2/install/GPS:/opt/ros/humble CONDA_PROMPT_MODIFIER=(base) /home/ws2/.local/bin/cmake --install /home/ws2/ros2_ws/src/ardupilot_gz/build/ardupilot_gz_description
[1.067s] -- Install configuration: ""
[1.067s] -- Installing: /home/ws2/ros2_ws/src/ardupilot_gz/install/ardupilot_gz_description/share/ardupilot_gz_description/models
[1.067s] -- Installing: /home/ws2/ros2_ws/src/ardupilot_gz/install/ardupilot_gz_description/share/ardupilot_gz_description/models/iris_with_lidar
[1.067s] -- Installing: /home/ws2/ros2_ws/src/ardupilot_gz/install/ardupilot_gz_description/share/ardupilot_gz_description/models/iris_with_lidar/model.sdf.bak
[1.067s] -- Installing: /home/ws2/ros2_ws/src/ardupilot_gz/install/ardupilot_gz_description/share/ardupilot_gz_description/models/iris_with_lidar/model.config
[1.067s] -- Installing: /home/ws2/ros2_ws/src/ardupilot_gz/install/ardupilot_gz_description/share/ardupilot_gz_description/models/iris_with_lidar/model.sdf
[1.068s] -- Installing: /home/ws2/ros2_ws/src/ardupilot_gz/install/ardupilot_gz_description/share/ardupilot_gz_description/environment/ardupilot_gz_description.dsv
[1.068s] -- Installing: /home/ws2/ros2_ws/src/ardupilot_gz/install/ardupilot_gz_description/share/ardupilot_gz_description/environment/ardupilot_gz_description.sh
[1.068s] -- Installing: /home/ws2/ros2_ws/src/ardupilot_gz/install/ardupilot_gz_description/share/ament_index/resource_index/package_run_dependencies/ardupilot_gz_description
[1.068s] -- Installing: /home/ws2/ros2_ws/src/ardupilot_gz/install/ardupilot_gz_description/share/ament_index/resource_index/parent_prefix_path/ardupilot_gz_description
[1.068s] -- Installing: /home/ws2/ros2_ws/src/ardupilot_gz/install/ardupilot_gz_description/share/ardupilot_gz_description/environment/ament_prefix_path.sh
[1.068s] -- Installing: /home/ws2/ros2_ws/src/ardupilot_gz/install/ardupilot_gz_description/share/ardupilot_gz_description/environment/ament_prefix_path.dsv
[1.068s] -- Installing: /home/ws2/ros2_ws/src/ardupilot_gz/install/ardupilot_gz_description/share/ardupilot_gz_description/environment/path.sh
[1.068s] -- Installing: /home/ws2/ros2_ws/src/ardupilot_gz/install/ardupilot_gz_description/share/ardupilot_gz_description/environment/path.dsv
[1.068s] -- Installing: /home/ws2/ros2_ws/src/ardupilot_gz/install/ardupilot_gz_description/share/ardupilot_gz_description/local_setup.bash
[1.068s] -- Installing: /home/ws2/ros2_ws/src/ardupilot_gz/install/ardupilot_gz_description/share/ardupilot_gz_description/local_setup.sh
[1.068s] -- Installing: /home/ws2/ros2_ws/src/ardupilot_gz/install/ardupilot_gz_description/share/ardupilot_gz_description/local_setup.zsh
[1.068s] -- Installing: /home/ws2/ros2_ws/src/ardupilot_gz/install/ardupilot_gz_description/share/ardupilot_gz_description/local_setup.dsv
[1.068s] -- Installing: /home/ws2/ros2_ws/src/ardupilot_gz/install/ardupilot_gz_description/share/ardupilot_gz_description/package.dsv
[1.068s] -- Installing: /home/ws2/ros2_ws/src/ardupilot_gz/install/ardupilot_gz_description/share/ament_index/resource_index/packages/ardupilot_gz_description
[1.068s] -- Installing: /home/ws2/ros2_ws/src/ardupilot_gz/install/ardupilot_gz_description/share/ardupilot_gz_description/cmake/ardupilot_gz_descriptionConfig.cmake
[1.068s] -- Installing: /home/ws2/ros2_ws/src/ardupilot_gz/install/ardupilot_gz_description/share/ardupilot_gz_description/cmake/ardupilot_gz_descriptionConfig-version.cmake
[1.068s] -- Installing: /home/ws2/ros2_ws/src/ardupilot_gz/install/ardupilot_gz_description/share/ardupilot_gz_description/package.xml
[1.071s] Invoked command in '/home/ws2/ros2_ws/src/ardupilot_gz/build/ardupilot_gz_description' returned '0': CMAKE_PREFIX_PATH=${CMAKE_PREFIX_PATH}:/home/ws2/ros2_ws/install/py_srvcli:/home/ws2/ros2_ws/install/py_pubsub:/home/ws2/ros2_ws/install/ardupilot_ros:/home/ws2/ros2_ws/install/python_parameters:/home/ws2/ros2_ws/install/mission_test:/home/ws2/ros2_ws/install/ardupilot_dds_tests:/home/ws2/ros2_ws/install/launch_testing_examples:/home/ws2/ros2_ws/install/jetson_pkg:/home/ws2/ros2_ws/install/examples_rclpy_pointcloud_publisher:/home/ws2/ros2_ws/install/examples_rclpy_minimal_subscriber:/home/ws2/ros2_ws/install/examples_rclpy_minimal_service:/home/ws2/ros2_ws/install/examples_rclpy_minimal_publisher:/home/ws2/ros2_ws/install/examples_rclpy_minimal_client:/home/ws2/ros2_ws/install/examples_rclpy_minimal_action_server:/home/ws2/ros2_ws/install/examples_rclpy_minimal_action_client:/home/ws2/ros2_ws/install/examples_rclpy_guard_conditions:/home/ws2/ros2_ws/install/examples_rclpy_executors:/home/ws2/glenn/ros2/install/vision:/home/ws2/glenn/ros2/install/nav:/home/ws2/glenn/ros2/install/gps:/home/ws2/glenn/ros2/install/drone_test:/home/ws2/glenn/ros2/install/isaac_ros_test:/home/ws2/glenn/ros2/install/GPS:/opt/ros/humble CONDA_PROMPT_MODIFIER=(base) /home/ws2/.local/bin/cmake --install /home/ws2/ros2_ws/src/ardupilot_gz/build/ardupilot_gz_description
