[0.243s] DEBUG:colcon:Command line arguments: ['/usr/bin/colcon', 'build']
[0.243s] DEBUG:colcon:Parsed command line arguments: Namespace(log_base=None, log_level=None, verb_name='build', build_base='build', install_base='install', merge_install=False, symlink_install=False, test_result_base=None, continue_on_error=False, executor='parallel', parallel_workers=24, event_handlers=None, ignore_user_meta=False, metas=['./colcon.meta'], base_paths=['.'], packages_ignore=None, packages_ignore_regex=None, paths=None, packages_up_to=None, packages_up_to_regex=None, packages_above=None, packages_above_and_dependencies=None, packages_above_depth=None, packages_select_by_dep=None, packages_skip_by_dep=None, packages_skip_up_to=None, packages_select_build_failed=False, packages_skip_build_finished=False, packages_select_test_failures=False, packages_skip_test_passed=False, packages_select=None, packages_skip=None, packages_select_regex=None, packages_skip_regex=None, packages_start=None, packages_end=None, allow_overriding=[], cmake_args=None, cmake_target=None, cmake_target_skip_unavailable=False, cmake_clean_cache=False, cmake_clean_first=False, cmake_force_configure=False, ament_cmake_args=None, catkin_cmake_args=None, catkin_skip_building_tests=False, verb_parser=<colcon_defaults.argument_parser.defaults.DefaultArgumentsDecorator object at 0x7ff1212463e0>, verb_extension=<colcon_core.verb.build.BuildVerb object at 0x7ff121c56e90>, main=<bound method BuildVerb.main of <colcon_core.verb.build.BuildVerb object at 0x7ff121c56e90>>)
[0.275s] Level 1:colcon.colcon_core.package_discovery:discover_packages(colcon_meta) check parameters
[0.275s] Level 1:colcon.colcon_core.package_discovery:discover_packages(recursive) check parameters
[0.275s] Level 1:colcon.colcon_core.package_discovery:discover_packages(ignore) check parameters
[0.275s] Level 1:colcon.colcon_core.package_discovery:discover_packages(path) check parameters
[0.275s] Level 1:colcon.colcon_core.package_discovery:discover_packages(colcon_meta) discover
[0.275s] Level 1:colcon.colcon_core.package_discovery:discover_packages(recursive) discover
[0.275s] INFO:colcon.colcon_core.package_discovery:Crawling recursively for packages in '/home/ws2/ros2_ws/src/ardupilot_gz'
[0.275s] Level 1:colcon.colcon_core.package_identification:_identify(.) by extensions ['ignore', 'ignore_ament_install']
[0.275s] Level 1:colcon.colcon_core.package_identification:_identify(.) by extension 'ignore'
[0.276s] Level 1:colcon.colcon_core.package_identification:_identify(.) by extension 'ignore_ament_install'
[0.276s] Level 1:colcon.colcon_core.package_identification:_identify(.) by extensions ['colcon_pkg']
[0.276s] Level 1:colcon.colcon_core.package_identification:_identify(.) by extension 'colcon_pkg'
[0.276s] Level 1:colcon.colcon_core.package_identification:_identify(.) by extensions ['colcon_meta']
[0.276s] Level 1:colcon.colcon_core.package_identification:_identify(.) by extension 'colcon_meta'
[0.276s] Level 1:colcon.colcon_core.package_identification:_identify(.) by extensions ['ros']
[0.276s] Level 1:colcon.colcon_core.package_identification:_identify(.) by extension 'ros'
[0.283s] Level 1:colcon.colcon_core.package_identification:_identify(.) by extensions ['cmake', 'python']
[0.283s] Level 1:colcon.colcon_core.package_identification:_identify(.) by extension 'cmake'
[0.283s] Level 1:colcon.colcon_core.package_identification:_identify(.) by extension 'python'
[0.283s] Level 1:colcon.colcon_core.package_identification:_identify(.) by extensions ['python_setup_py']
[0.283s] Level 1:colcon.colcon_core.package_identification:_identify(.) by extension 'python_setup_py'
[0.283s] Level 1:colcon.colcon_core.package_identification:_identify(ardupilot_gz_application) by extensions ['ignore', 'ignore_ament_install']
[0.283s] Level 1:colcon.colcon_core.package_identification:_identify(ardupilot_gz_application) by extension 'ignore'
[0.283s] Level 1:colcon.colcon_core.package_identification:_identify(ardupilot_gz_application) by extension 'ignore_ament_install'
[0.283s] Level 1:colcon.colcon_core.package_identification:_identify(ardupilot_gz_application) by extensions ['colcon_pkg']
[0.283s] Level 1:colcon.colcon_core.package_identification:_identify(ardupilot_gz_application) by extension 'colcon_pkg'
[0.284s] Level 1:colcon.colcon_core.package_identification:_identify(ardupilot_gz_application) by extensions ['colcon_meta']
[0.284s] Level 1:colcon.colcon_core.package_identification:_identify(ardupilot_gz_application) by extension 'colcon_meta'
[0.284s] Level 1:colcon.colcon_core.package_identification:_identify(ardupilot_gz_application) by extensions ['ros']
[0.284s] Level 1:colcon.colcon_core.package_identification:_identify(ardupilot_gz_application) by extension 'ros'
[0.285s] DEBUG:colcon.colcon_core.package_identification:Package 'ardupilot_gz_application' with type 'ros.ament_cmake' and name 'ardupilot_gz_application'
[0.285s] Level 1:colcon.colcon_core.package_identification:_identify(ardupilot_gz_bringup) by extensions ['ignore', 'ignore_ament_install']
[0.285s] Level 1:colcon.colcon_core.package_identification:_identify(ardupilot_gz_bringup) by extension 'ignore'
[0.285s] Level 1:colcon.colcon_core.package_identification:_identify(ardupilot_gz_bringup) by extension 'ignore_ament_install'
[0.286s] Level 1:colcon.colcon_core.package_identification:_identify(ardupilot_gz_bringup) by extensions ['colcon_pkg']
[0.286s] Level 1:colcon.colcon_core.package_identification:_identify(ardupilot_gz_bringup) by extension 'colcon_pkg'
[0.286s] Level 1:colcon.colcon_core.package_identification:_identify(ardupilot_gz_bringup) by extensions ['colcon_meta']
[0.286s] Level 1:colcon.colcon_core.package_identification:_identify(ardupilot_gz_bringup) by extension 'colcon_meta'
[0.286s] Level 1:colcon.colcon_core.package_identification:_identify(ardupilot_gz_bringup) by extensions ['ros']
[0.286s] Level 1:colcon.colcon_core.package_identification:_identify(ardupilot_gz_bringup) by extension 'ros'
[0.286s] DEBUG:colcon.colcon_core.package_identification:Package 'ardupilot_gz_bringup' with type 'ros.ament_cmake' and name 'ardupilot_gz_bringup'
[0.286s] Level 1:colcon.colcon_core.package_identification:_identify(ardupilot_gz_description) by extensions ['ignore', 'ignore_ament_install']
[0.286s] Level 1:colcon.colcon_core.package_identification:_identify(ardupilot_gz_description) by extension 'ignore'
[0.286s] Level 1:colcon.colcon_core.package_identification:_identify(ardupilot_gz_description) by extension 'ignore_ament_install'
[0.286s] Level 1:colcon.colcon_core.package_identification:_identify(ardupilot_gz_description) by extensions ['colcon_pkg']
[0.286s] Level 1:colcon.colcon_core.package_identification:_identify(ardupilot_gz_description) by extension 'colcon_pkg'
[0.286s] Level 1:colcon.colcon_core.package_identification:_identify(ardupilot_gz_description) by extensions ['colcon_meta']
[0.286s] Level 1:colcon.colcon_core.package_identification:_identify(ardupilot_gz_description) by extension 'colcon_meta'
[0.286s] Level 1:colcon.colcon_core.package_identification:_identify(ardupilot_gz_description) by extensions ['ros']
[0.286s] Level 1:colcon.colcon_core.package_identification:_identify(ardupilot_gz_description) by extension 'ros'
[0.287s] DEBUG:colcon.colcon_core.package_identification:Package 'ardupilot_gz_description' with type 'ros.ament_cmake' and name 'ardupilot_gz_description'
[0.287s] Level 1:colcon.colcon_core.package_identification:_identify(ardupilot_gz_gazebo) by extensions ['ignore', 'ignore_ament_install']
[0.287s] Level 1:colcon.colcon_core.package_identification:_identify(ardupilot_gz_gazebo) by extension 'ignore'
[0.287s] Level 1:colcon.colcon_core.package_identification:_identify(ardupilot_gz_gazebo) by extension 'ignore_ament_install'
[0.287s] Level 1:colcon.colcon_core.package_identification:_identify(ardupilot_gz_gazebo) by extensions ['colcon_pkg']
[0.287s] Level 1:colcon.colcon_core.package_identification:_identify(ardupilot_gz_gazebo) by extension 'colcon_pkg'
[0.287s] Level 1:colcon.colcon_core.package_identification:_identify(ardupilot_gz_gazebo) by extensions ['colcon_meta']
[0.287s] Level 1:colcon.colcon_core.package_identification:_identify(ardupilot_gz_gazebo) by extension 'colcon_meta'
[0.287s] Level 1:colcon.colcon_core.package_identification:_identify(ardupilot_gz_gazebo) by extensions ['ros']
[0.287s] Level 1:colcon.colcon_core.package_identification:_identify(ardupilot_gz_gazebo) by extension 'ros'
[0.288s] DEBUG:colcon.colcon_core.package_identification:Package 'ardupilot_gz_gazebo' with type 'ros.ament_cmake' and name 'ardupilot_gz_gazebo'
[0.288s] Level 1:colcon.colcon_core.package_identification:_identify(build) by extensions ['ignore', 'ignore_ament_install']
[0.288s] Level 1:colcon.colcon_core.package_identification:_identify(build) by extension 'ignore'
[0.288s] Level 1:colcon.colcon_core.package_identification:_identify(build) ignored
[0.288s] Level 1:colcon.colcon_core.package_identification:_identify(install) by extensions ['ignore', 'ignore_ament_install']
[0.288s] Level 1:colcon.colcon_core.package_identification:_identify(install) by extension 'ignore'
[0.288s] Level 1:colcon.colcon_core.package_identification:_identify(install) ignored
[0.288s] Level 1:colcon.colcon_core.package_identification:_identify(log) by extensions ['ignore', 'ignore_ament_install']
[0.289s] Level 1:colcon.colcon_core.package_identification:_identify(log) by extension 'ignore'
[0.289s] Level 1:colcon.colcon_core.package_identification:_identify(log) ignored
[0.289s] Level 1:colcon.colcon_core.package_discovery:discover_packages(recursive) using defaults
[0.289s] Level 1:colcon.colcon_core.package_discovery:discover_packages(ignore) discover
[0.289s] Level 1:colcon.colcon_core.package_discovery:discover_packages(ignore) using defaults
[0.289s] Level 1:colcon.colcon_core.package_discovery:discover_packages(path) discover
[0.289s] Level 1:colcon.colcon_core.package_discovery:discover_packages(path) using defaults
[0.321s] Level 1:colcon.colcon_core.package_discovery:discover_packages(prefix_path) check parameters
[0.322s] Level 1:colcon.colcon_core.package_discovery:discover_packages(prefix_path) discover
[0.326s] DEBUG:colcon.colcon_installed_package_information.package_discovery:Found 60 installed packages in /home/ws2/ros2_ws/install
[0.327s] DEBUG:colcon.colcon_installed_package_information.package_discovery:Found 17 installed packages in /home/ws2/glenn/ros2/install
[0.327s] DEBUG:colcon.colcon_installed_package_information.package_discovery:Found 312 installed packages in /opt/ros/humble
[0.328s] Level 1:colcon.colcon_core.package_discovery:discover_packages(prefix_path) using defaults
[0.364s] WARNING:colcon.colcon_core.package_selection:Some selected packages are already built in one or more underlay workspaces:
	'ardupilot_gz_gazebo' is in: /home/ws2/ros2_ws/install/ardupilot_gz_gazebo
	'ardupilot_gz_description' is in: /home/ws2/ros2_ws/install/ardupilot_gz_description
If a package in a merged underlay workspace is overridden and it installs headers, then all packages in the overlay must sort their include directories by workspace order. Failure to do so may result in build failures or undefined behavior at run time.
If the overridden package is used by another package in any underlay, then the overriding package in the overlay must be API and ABI compatible or undefined behavior at run time may occur.

If you understand the risks and want to override a package anyways, add the following to the command line:
	--allow-overriding ardupilot_gz_description ardupilot_gz_gazebo

This may be promoted to an error in a future release of colcon-override-check.
[0.365s] Level 5:colcon.colcon_core.verb:set package 'ardupilot_gz_application' build argument 'cmake_args' from command line to 'None'
[0.365s] Level 5:colcon.colcon_core.verb:set package 'ardupilot_gz_application' build argument 'cmake_target' from command line to 'None'
[0.365s] Level 5:colcon.colcon_core.verb:set package 'ardupilot_gz_application' build argument 'cmake_target_skip_unavailable' from command line to 'False'
[0.365s] Level 5:colcon.colcon_core.verb:set package 'ardupilot_gz_application' build argument 'cmake_clean_cache' from command line to 'False'
[0.365s] Level 5:colcon.colcon_core.verb:set package 'ardupilot_gz_application' build argument 'cmake_clean_first' from command line to 'False'
[0.365s] Level 5:colcon.colcon_core.verb:set package 'ardupilot_gz_application' build argument 'cmake_force_configure' from command line to 'False'
[0.365s] Level 5:colcon.colcon_core.verb:set package 'ardupilot_gz_application' build argument 'ament_cmake_args' from command line to 'None'
[0.365s] Level 5:colcon.colcon_core.verb:set package 'ardupilot_gz_application' build argument 'catkin_cmake_args' from command line to 'None'
[0.365s] Level 5:colcon.colcon_core.verb:set package 'ardupilot_gz_application' build argument 'catkin_skip_building_tests' from command line to 'False'
[0.365s] DEBUG:colcon.colcon_core.verb:Building package 'ardupilot_gz_application' with the following arguments: {'ament_cmake_args': None, 'build_base': '/home/ws2/ros2_ws/src/ardupilot_gz/build/ardupilot_gz_application', 'catkin_cmake_args': None, 'catkin_skip_building_tests': False, 'cmake_args': None, 'cmake_clean_cache': False, 'cmake_clean_first': False, 'cmake_force_configure': False, 'cmake_target': None, 'cmake_target_skip_unavailable': False, 'install_base': '/home/ws2/ros2_ws/src/ardupilot_gz/install/ardupilot_gz_application', 'merge_install': False, 'path': '/home/ws2/ros2_ws/src/ardupilot_gz/ardupilot_gz_application', 'symlink_install': False, 'test_result_base': None}
[0.366s] Level 5:colcon.colcon_core.verb:set package 'ardupilot_gz_description' build argument 'cmake_args' from command line to 'None'
[0.366s] Level 5:colcon.colcon_core.verb:set package 'ardupilot_gz_description' build argument 'cmake_target' from command line to 'None'
[0.366s] Level 5:colcon.colcon_core.verb:set package 'ardupilot_gz_description' build argument 'cmake_target_skip_unavailable' from command line to 'False'
[0.366s] Level 5:colcon.colcon_core.verb:set package 'ardupilot_gz_description' build argument 'cmake_clean_cache' from command line to 'False'
[0.366s] Level 5:colcon.colcon_core.verb:set package 'ardupilot_gz_description' build argument 'cmake_clean_first' from command line to 'False'
[0.366s] Level 5:colcon.colcon_core.verb:set package 'ardupilot_gz_description' build argument 'cmake_force_configure' from command line to 'False'
[0.366s] Level 5:colcon.colcon_core.verb:set package 'ardupilot_gz_description' build argument 'ament_cmake_args' from command line to 'None'
[0.366s] Level 5:colcon.colcon_core.verb:set package 'ardupilot_gz_description' build argument 'catkin_cmake_args' from command line to 'None'
[0.366s] Level 5:colcon.colcon_core.verb:set package 'ardupilot_gz_description' build argument 'catkin_skip_building_tests' from command line to 'False'
[0.366s] DEBUG:colcon.colcon_core.verb:Building package 'ardupilot_gz_description' with the following arguments: {'ament_cmake_args': None, 'build_base': '/home/ws2/ros2_ws/src/ardupilot_gz/build/ardupilot_gz_description', 'catkin_cmake_args': None, 'catkin_skip_building_tests': False, 'cmake_args': None, 'cmake_clean_cache': False, 'cmake_clean_first': False, 'cmake_force_configure': False, 'cmake_target': None, 'cmake_target_skip_unavailable': False, 'install_base': '/home/ws2/ros2_ws/src/ardupilot_gz/install/ardupilot_gz_description', 'merge_install': False, 'path': '/home/ws2/ros2_ws/src/ardupilot_gz/ardupilot_gz_description', 'symlink_install': False, 'test_result_base': None}
[0.367s] Level 5:colcon.colcon_core.verb:set package 'ardupilot_gz_gazebo' build argument 'cmake_args' from command line to 'None'
[0.367s] Level 5:colcon.colcon_core.verb:set package 'ardupilot_gz_gazebo' build argument 'cmake_target' from command line to 'None'
[0.367s] Level 5:colcon.colcon_core.verb:set package 'ardupilot_gz_gazebo' build argument 'cmake_target_skip_unavailable' from command line to 'False'
[0.367s] Level 5:colcon.colcon_core.verb:set package 'ardupilot_gz_gazebo' build argument 'cmake_clean_cache' from command line to 'False'
[0.367s] Level 5:colcon.colcon_core.verb:set package 'ardupilot_gz_gazebo' build argument 'cmake_clean_first' from command line to 'False'
[0.367s] Level 5:colcon.colcon_core.verb:set package 'ardupilot_gz_gazebo' build argument 'cmake_force_configure' from command line to 'False'
[0.367s] Level 5:colcon.colcon_core.verb:set package 'ardupilot_gz_gazebo' build argument 'ament_cmake_args' from command line to 'None'
[0.367s] Level 5:colcon.colcon_core.verb:set package 'ardupilot_gz_gazebo' build argument 'catkin_cmake_args' from command line to 'None'
[0.367s] Level 5:colcon.colcon_core.verb:set package 'ardupilot_gz_gazebo' build argument 'catkin_skip_building_tests' from command line to 'False'
[0.367s] DEBUG:colcon.colcon_core.verb:Building package 'ardupilot_gz_gazebo' with the following arguments: {'ament_cmake_args': None, 'build_base': '/home/ws2/ros2_ws/src/ardupilot_gz/build/ardupilot_gz_gazebo', 'catkin_cmake_args': None, 'catkin_skip_building_tests': False, 'cmake_args': None, 'cmake_clean_cache': False, 'cmake_clean_first': False, 'cmake_force_configure': False, 'cmake_target': None, 'cmake_target_skip_unavailable': False, 'install_base': '/home/ws2/ros2_ws/src/ardupilot_gz/install/ardupilot_gz_gazebo', 'merge_install': False, 'path': '/home/ws2/ros2_ws/src/ardupilot_gz/ardupilot_gz_gazebo', 'symlink_install': False, 'test_result_base': None}
[0.367s] Level 5:colcon.colcon_core.verb:set package 'ardupilot_gz_bringup' build argument 'cmake_args' from command line to 'None'
[0.367s] Level 5:colcon.colcon_core.verb:set package 'ardupilot_gz_bringup' build argument 'cmake_target' from command line to 'None'
[0.367s] Level 5:colcon.colcon_core.verb:set package 'ardupilot_gz_bringup' build argument 'cmake_target_skip_unavailable' from command line to 'False'
[0.367s] Level 5:colcon.colcon_core.verb:set package 'ardupilot_gz_bringup' build argument 'cmake_clean_cache' from command line to 'False'
[0.367s] Level 5:colcon.colcon_core.verb:set package 'ardupilot_gz_bringup' build argument 'cmake_clean_first' from command line to 'False'
[0.367s] Level 5:colcon.colcon_core.verb:set package 'ardupilot_gz_bringup' build argument 'cmake_force_configure' from command line to 'False'
[0.367s] Level 5:colcon.colcon_core.verb:set package 'ardupilot_gz_bringup' build argument 'ament_cmake_args' from command line to 'None'
[0.367s] Level 5:colcon.colcon_core.verb:set package 'ardupilot_gz_bringup' build argument 'catkin_cmake_args' from command line to 'None'
[0.367s] Level 5:colcon.colcon_core.verb:set package 'ardupilot_gz_bringup' build argument 'catkin_skip_building_tests' from command line to 'False'
[0.367s] DEBUG:colcon.colcon_core.verb:Building package 'ardupilot_gz_bringup' with the following arguments: {'ament_cmake_args': None, 'build_base': '/home/ws2/ros2_ws/src/ardupilot_gz/build/ardupilot_gz_bringup', 'catkin_cmake_args': None, 'catkin_skip_building_tests': False, 'cmake_args': None, 'cmake_clean_cache': False, 'cmake_clean_first': False, 'cmake_force_configure': False, 'cmake_target': None, 'cmake_target_skip_unavailable': False, 'install_base': '/home/ws2/ros2_ws/src/ardupilot_gz/install/ardupilot_gz_bringup', 'merge_install': False, 'path': '/home/ws2/ros2_ws/src/ardupilot_gz/ardupilot_gz_bringup', 'symlink_install': False, 'test_result_base': None}
[0.368s] INFO:colcon.colcon_core.executor:Executing jobs using 'parallel' executor
[0.369s] DEBUG:colcon.colcon_parallel_executor.executor.parallel:run_until_complete
[0.370s] INFO:colcon.colcon_ros.task.ament_cmake.build:Building ROS package in '/home/ws2/ros2_ws/src/ardupilot_gz/ardupilot_gz_description' with build type 'ament_cmake'
[0.370s] INFO:colcon.colcon_cmake.task.cmake.build:Building CMake package in '/home/ws2/ros2_ws/src/ardupilot_gz/ardupilot_gz_description'
[0.374s] INFO:colcon.colcon_core.plugin_system:Skipping extension 'colcon_core.shell.bat': Not used on non-Windows systems
[0.374s] INFO:colcon.colcon_core.shell:Skip shell extension 'powershell' for command environment: Not usable outside of PowerShell
[0.374s] DEBUG:colcon.colcon_core.shell:Skip shell extension 'dsv' for command environment
[0.378s] INFO:colcon.colcon_ros.task.ament_cmake.build:Building ROS package in '/home/ws2/ros2_ws/src/ardupilot_gz/ardupilot_gz_gazebo' with build type 'ament_cmake'
[0.378s] INFO:colcon.colcon_cmake.task.cmake.build:Building CMake package in '/home/ws2/ros2_ws/src/ardupilot_gz/ardupilot_gz_gazebo'
[0.379s] INFO:colcon.colcon_core.shell:Skip shell extension 'powershell' for command environment: Not usable outside of PowerShell
[0.379s] DEBUG:colcon.colcon_core.shell:Skip shell extension 'dsv' for command environment
[0.383s] INFO:colcon.colcon_ros.task.ament_cmake.build:Building ROS package in '/home/ws2/ros2_ws/src/ardupilot_gz/ardupilot_gz_application' with build type 'ament_cmake'
[0.383s] INFO:colcon.colcon_cmake.task.cmake.build:Building CMake package in '/home/ws2/ros2_ws/src/ardupilot_gz/ardupilot_gz_application'
[0.383s] INFO:colcon.colcon_core.shell:Skip shell extension 'powershell' for command environment: Not usable outside of PowerShell
[0.383s] DEBUG:colcon.colcon_core.shell:Skip shell extension 'dsv' for command environment
[0.390s] DEBUG:colcon.colcon_core.event_handler.log_command:Invoking command in '/home/ws2/ros2_ws/src/ardupilot_gz/build/ardupilot_gz_description': CMAKE_PREFIX_PATH=${CMAKE_PREFIX_PATH}:/home/ws2/ros2_ws/install/py_srvcli:/home/ws2/ros2_ws/install/py_pubsub:/home/ws2/ros2_ws/install/ardupilot_ros:/home/ws2/ros2_ws/install/python_parameters:/home/ws2/ros2_ws/install/mission_test:/home/ws2/ros2_ws/install/ardupilot_dds_tests:/home/ws2/ros2_ws/install/launch_testing_examples:/home/ws2/ros2_ws/install/jetson_pkg:/home/ws2/ros2_ws/install/examples_rclpy_pointcloud_publisher:/home/ws2/ros2_ws/install/examples_rclpy_minimal_subscriber:/home/ws2/ros2_ws/install/examples_rclpy_minimal_service:/home/ws2/ros2_ws/install/examples_rclpy_minimal_publisher:/home/ws2/ros2_ws/install/examples_rclpy_minimal_client:/home/ws2/ros2_ws/install/examples_rclpy_minimal_action_server:/home/ws2/ros2_ws/install/examples_rclpy_minimal_action_client:/home/ws2/ros2_ws/install/examples_rclpy_guard_conditions:/home/ws2/ros2_ws/install/examples_rclpy_executors:/home/ws2/glenn/ros2/install/vision:/home/ws2/glenn/ros2/install/nav:/home/ws2/glenn/ros2/install/gps:/home/ws2/glenn/ros2/install/drone_test:/home/ws2/glenn/ros2/install/isaac_ros_test:/home/ws2/glenn/ros2/install/GPS:/opt/ros/humble CONDA_PROMPT_MODIFIER=(base) /home/ws2/.local/bin/cmake /home/ws2/ros2_ws/src/ardupilot_gz/ardupilot_gz_description -DCMAKE_INSTALL_PREFIX=/home/ws2/ros2_ws/src/ardupilot_gz/install/ardupilot_gz_description
[0.392s] DEBUG:colcon.colcon_core.event_handler.log_command:Invoking command in '/home/ws2/ros2_ws/src/ardupilot_gz/build/ardupilot_gz_gazebo': CMAKE_PREFIX_PATH=${CMAKE_PREFIX_PATH}:/home/ws2/ros2_ws/install/py_srvcli:/home/ws2/ros2_ws/install/py_pubsub:/home/ws2/ros2_ws/install/ardupilot_ros:/home/ws2/ros2_ws/install/python_parameters:/home/ws2/ros2_ws/install/mission_test:/home/ws2/ros2_ws/install/ardupilot_dds_tests:/home/ws2/ros2_ws/install/launch_testing_examples:/home/ws2/ros2_ws/install/jetson_pkg:/home/ws2/ros2_ws/install/examples_rclpy_pointcloud_publisher:/home/ws2/ros2_ws/install/examples_rclpy_minimal_subscriber:/home/ws2/ros2_ws/install/examples_rclpy_minimal_service:/home/ws2/ros2_ws/install/examples_rclpy_minimal_publisher:/home/ws2/ros2_ws/install/examples_rclpy_minimal_client:/home/ws2/ros2_ws/install/examples_rclpy_minimal_action_server:/home/ws2/ros2_ws/install/examples_rclpy_minimal_action_client:/home/ws2/ros2_ws/install/examples_rclpy_guard_conditions:/home/ws2/ros2_ws/install/examples_rclpy_executors:/home/ws2/glenn/ros2/install/vision:/home/ws2/glenn/ros2/install/nav:/home/ws2/glenn/ros2/install/gps:/home/ws2/glenn/ros2/install/drone_test:/home/ws2/glenn/ros2/install/isaac_ros_test:/home/ws2/glenn/ros2/install/GPS:/opt/ros/humble CONDA_PROMPT_MODIFIER=(base) /home/ws2/.local/bin/cmake /home/ws2/ros2_ws/src/ardupilot_gz/ardupilot_gz_gazebo -DCMAKE_INSTALL_PREFIX=/home/ws2/ros2_ws/src/ardupilot_gz/install/ardupilot_gz_gazebo
[0.394s] DEBUG:colcon.colcon_core.event_handler.log_command:Invoking command in '/home/ws2/ros2_ws/src/ardupilot_gz/build/ardupilot_gz_application': CMAKE_PREFIX_PATH=${CMAKE_PREFIX_PATH}:/home/ws2/ros2_ws/install/py_srvcli:/home/ws2/ros2_ws/install/py_pubsub:/home/ws2/ros2_ws/install/ardupilot_ros:/home/ws2/ros2_ws/install/python_parameters:/home/ws2/ros2_ws/install/mission_test:/home/ws2/ros2_ws/install/ardupilot_dds_tests:/home/ws2/ros2_ws/install/launch_testing_examples:/home/ws2/ros2_ws/install/jetson_pkg:/home/ws2/ros2_ws/install/examples_rclpy_pointcloud_publisher:/home/ws2/ros2_ws/install/examples_rclpy_minimal_subscriber:/home/ws2/ros2_ws/install/examples_rclpy_minimal_service:/home/ws2/ros2_ws/install/examples_rclpy_minimal_publisher:/home/ws2/ros2_ws/install/examples_rclpy_minimal_client:/home/ws2/ros2_ws/install/examples_rclpy_minimal_action_server:/home/ws2/ros2_ws/install/examples_rclpy_minimal_action_client:/home/ws2/ros2_ws/install/examples_rclpy_guard_conditions:/home/ws2/ros2_ws/install/examples_rclpy_executors:/home/ws2/glenn/ros2/install/vision:/home/ws2/glenn/ros2/install/nav:/home/ws2/glenn/ros2/install/gps:/home/ws2/glenn/ros2/install/drone_test:/home/ws2/glenn/ros2/install/isaac_ros_test:/home/ws2/glenn/ros2/install/GPS:/opt/ros/humble CONDA_PROMPT_MODIFIER=(base) /home/ws2/.local/bin/cmake /home/ws2/ros2_ws/src/ardupilot_gz/ardupilot_gz_application -DCMAKE_INSTALL_PREFIX=/home/ws2/ros2_ws/src/ardupilot_gz/install/ardupilot_gz_application
[1.339s] DEBUG:colcon.colcon_core.event_handler.log_command:Invoked command in '/home/ws2/ros2_ws/src/ardupilot_gz/build/ardupilot_gz_description' returned '0': CMAKE_PREFIX_PATH=${CMAKE_PREFIX_PATH}:/home/ws2/ros2_ws/install/py_srvcli:/home/ws2/ros2_ws/install/py_pubsub:/home/ws2/ros2_ws/install/ardupilot_ros:/home/ws2/ros2_ws/install/python_parameters:/home/ws2/ros2_ws/install/mission_test:/home/ws2/ros2_ws/install/ardupilot_dds_tests:/home/ws2/ros2_ws/install/launch_testing_examples:/home/ws2/ros2_ws/install/jetson_pkg:/home/ws2/ros2_ws/install/examples_rclpy_pointcloud_publisher:/home/ws2/ros2_ws/install/examples_rclpy_minimal_subscriber:/home/ws2/ros2_ws/install/examples_rclpy_minimal_service:/home/ws2/ros2_ws/install/examples_rclpy_minimal_publisher:/home/ws2/ros2_ws/install/examples_rclpy_minimal_client:/home/ws2/ros2_ws/install/examples_rclpy_minimal_action_server:/home/ws2/ros2_ws/install/examples_rclpy_minimal_action_client:/home/ws2/ros2_ws/install/examples_rclpy_guard_conditions:/home/ws2/ros2_ws/install/examples_rclpy_executors:/home/ws2/glenn/ros2/install/vision:/home/ws2/glenn/ros2/install/nav:/home/ws2/glenn/ros2/install/gps:/home/ws2/glenn/ros2/install/drone_test:/home/ws2/glenn/ros2/install/isaac_ros_test:/home/ws2/glenn/ros2/install/GPS:/opt/ros/humble CONDA_PROMPT_MODIFIER=(base) /home/ws2/.local/bin/cmake /home/ws2/ros2_ws/src/ardupilot_gz/ardupilot_gz_description -DCMAKE_INSTALL_PREFIX=/home/ws2/ros2_ws/src/ardupilot_gz/install/ardupilot_gz_description
[1.341s] DEBUG:colcon.colcon_core.event_handler.log_command:Invoking command in '/home/ws2/ros2_ws/src/ardupilot_gz/build/ardupilot_gz_description': CMAKE_PREFIX_PATH=${CMAKE_PREFIX_PATH}:/home/ws2/ros2_ws/install/py_srvcli:/home/ws2/ros2_ws/install/py_pubsub:/home/ws2/ros2_ws/install/ardupilot_ros:/home/ws2/ros2_ws/install/python_parameters:/home/ws2/ros2_ws/install/mission_test:/home/ws2/ros2_ws/install/ardupilot_dds_tests:/home/ws2/ros2_ws/install/launch_testing_examples:/home/ws2/ros2_ws/install/jetson_pkg:/home/ws2/ros2_ws/install/examples_rclpy_pointcloud_publisher:/home/ws2/ros2_ws/install/examples_rclpy_minimal_subscriber:/home/ws2/ros2_ws/install/examples_rclpy_minimal_service:/home/ws2/ros2_ws/install/examples_rclpy_minimal_publisher:/home/ws2/ros2_ws/install/examples_rclpy_minimal_client:/home/ws2/ros2_ws/install/examples_rclpy_minimal_action_server:/home/ws2/ros2_ws/install/examples_rclpy_minimal_action_client:/home/ws2/ros2_ws/install/examples_rclpy_guard_conditions:/home/ws2/ros2_ws/install/examples_rclpy_executors:/home/ws2/glenn/ros2/install/vision:/home/ws2/glenn/ros2/install/nav:/home/ws2/glenn/ros2/install/gps:/home/ws2/glenn/ros2/install/drone_test:/home/ws2/glenn/ros2/install/isaac_ros_test:/home/ws2/glenn/ros2/install/GPS:/opt/ros/humble CONDA_PROMPT_MODIFIER=(base) /home/ws2/.local/bin/cmake --build /home/ws2/ros2_ws/src/ardupilot_gz/build/ardupilot_gz_description -- -j24 -l24
[1.341s] DEBUG:colcon.colcon_core.event_handler.log_command:Invoked command in '/home/ws2/ros2_ws/src/ardupilot_gz/build/ardupilot_gz_application' returned '0': CMAKE_PREFIX_PATH=${CMAKE_PREFIX_PATH}:/home/ws2/ros2_ws/install/py_srvcli:/home/ws2/ros2_ws/install/py_pubsub:/home/ws2/ros2_ws/install/ardupilot_ros:/home/ws2/ros2_ws/install/python_parameters:/home/ws2/ros2_ws/install/mission_test:/home/ws2/ros2_ws/install/ardupilot_dds_tests:/home/ws2/ros2_ws/install/launch_testing_examples:/home/ws2/ros2_ws/install/jetson_pkg:/home/ws2/ros2_ws/install/examples_rclpy_pointcloud_publisher:/home/ws2/ros2_ws/install/examples_rclpy_minimal_subscriber:/home/ws2/ros2_ws/install/examples_rclpy_minimal_service:/home/ws2/ros2_ws/install/examples_rclpy_minimal_publisher:/home/ws2/ros2_ws/install/examples_rclpy_minimal_client:/home/ws2/ros2_ws/install/examples_rclpy_minimal_action_server:/home/ws2/ros2_ws/install/examples_rclpy_minimal_action_client:/home/ws2/ros2_ws/install/examples_rclpy_guard_conditions:/home/ws2/ros2_ws/install/examples_rclpy_executors:/home/ws2/glenn/ros2/install/vision:/home/ws2/glenn/ros2/install/nav:/home/ws2/glenn/ros2/install/gps:/home/ws2/glenn/ros2/install/drone_test:/home/ws2/glenn/ros2/install/isaac_ros_test:/home/ws2/glenn/ros2/install/GPS:/opt/ros/humble CONDA_PROMPT_MODIFIER=(base) /home/ws2/.local/bin/cmake /home/ws2/ros2_ws/src/ardupilot_gz/ardupilot_gz_application -DCMAKE_INSTALL_PREFIX=/home/ws2/ros2_ws/src/ardupilot_gz/install/ardupilot_gz_application
[1.342s] DEBUG:colcon.colcon_core.event_handler.log_command:Invoking command in '/home/ws2/ros2_ws/src/ardupilot_gz/build/ardupilot_gz_application': CMAKE_PREFIX_PATH=${CMAKE_PREFIX_PATH}:/home/ws2/ros2_ws/install/py_srvcli:/home/ws2/ros2_ws/install/py_pubsub:/home/ws2/ros2_ws/install/ardupilot_ros:/home/ws2/ros2_ws/install/python_parameters:/home/ws2/ros2_ws/install/mission_test:/home/ws2/ros2_ws/install/ardupilot_dds_tests:/home/ws2/ros2_ws/install/launch_testing_examples:/home/ws2/ros2_ws/install/jetson_pkg:/home/ws2/ros2_ws/install/examples_rclpy_pointcloud_publisher:/home/ws2/ros2_ws/install/examples_rclpy_minimal_subscriber:/home/ws2/ros2_ws/install/examples_rclpy_minimal_service:/home/ws2/ros2_ws/install/examples_rclpy_minimal_publisher:/home/ws2/ros2_ws/install/examples_rclpy_minimal_client:/home/ws2/ros2_ws/install/examples_rclpy_minimal_action_server:/home/ws2/ros2_ws/install/examples_rclpy_minimal_action_client:/home/ws2/ros2_ws/install/examples_rclpy_guard_conditions:/home/ws2/ros2_ws/install/examples_rclpy_executors:/home/ws2/glenn/ros2/install/vision:/home/ws2/glenn/ros2/install/nav:/home/ws2/glenn/ros2/install/gps:/home/ws2/glenn/ros2/install/drone_test:/home/ws2/glenn/ros2/install/isaac_ros_test:/home/ws2/glenn/ros2/install/GPS:/opt/ros/humble CONDA_PROMPT_MODIFIER=(base) /home/ws2/.local/bin/cmake --build /home/ws2/ros2_ws/src/ardupilot_gz/build/ardupilot_gz_application -- -j24 -l24
[1.370s] DEBUG:colcon.colcon_core.event_handler.log_command:Invoked command in '/home/ws2/ros2_ws/src/ardupilot_gz/build/ardupilot_gz_description' returned '0': CMAKE_PREFIX_PATH=${CMAKE_PREFIX_PATH}:/home/ws2/ros2_ws/install/py_srvcli:/home/ws2/ros2_ws/install/py_pubsub:/home/ws2/ros2_ws/install/ardupilot_ros:/home/ws2/ros2_ws/install/python_parameters:/home/ws2/ros2_ws/install/mission_test:/home/ws2/ros2_ws/install/ardupilot_dds_tests:/home/ws2/ros2_ws/install/launch_testing_examples:/home/ws2/ros2_ws/install/jetson_pkg:/home/ws2/ros2_ws/install/examples_rclpy_pointcloud_publisher:/home/ws2/ros2_ws/install/examples_rclpy_minimal_subscriber:/home/ws2/ros2_ws/install/examples_rclpy_minimal_service:/home/ws2/ros2_ws/install/examples_rclpy_minimal_publisher:/home/ws2/ros2_ws/install/examples_rclpy_minimal_client:/home/ws2/ros2_ws/install/examples_rclpy_minimal_action_server:/home/ws2/ros2_ws/install/examples_rclpy_minimal_action_client:/home/ws2/ros2_ws/install/examples_rclpy_guard_conditions:/home/ws2/ros2_ws/install/examples_rclpy_executors:/home/ws2/glenn/ros2/install/vision:/home/ws2/glenn/ros2/install/nav:/home/ws2/glenn/ros2/install/gps:/home/ws2/glenn/ros2/install/drone_test:/home/ws2/glenn/ros2/install/isaac_ros_test:/home/ws2/glenn/ros2/install/GPS:/opt/ros/humble CONDA_PROMPT_MODIFIER=(base) /home/ws2/.local/bin/cmake --build /home/ws2/ros2_ws/src/ardupilot_gz/build/ardupilot_gz_description -- -j24 -l24
[1.371s] DEBUG:colcon.colcon_core.event_handler.log_command:Invoked command in '/home/ws2/ros2_ws/src/ardupilot_gz/build/ardupilot_gz_application' returned '0': CMAKE_PREFIX_PATH=${CMAKE_PREFIX_PATH}:/home/ws2/ros2_ws/install/py_srvcli:/home/ws2/ros2_ws/install/py_pubsub:/home/ws2/ros2_ws/install/ardupilot_ros:/home/ws2/ros2_ws/install/python_parameters:/home/ws2/ros2_ws/install/mission_test:/home/ws2/ros2_ws/install/ardupilot_dds_tests:/home/ws2/ros2_ws/install/launch_testing_examples:/home/ws2/ros2_ws/install/jetson_pkg:/home/ws2/ros2_ws/install/examples_rclpy_pointcloud_publisher:/home/ws2/ros2_ws/install/examples_rclpy_minimal_subscriber:/home/ws2/ros2_ws/install/examples_rclpy_minimal_service:/home/ws2/ros2_ws/install/examples_rclpy_minimal_publisher:/home/ws2/ros2_ws/install/examples_rclpy_minimal_client:/home/ws2/ros2_ws/install/examples_rclpy_minimal_action_server:/home/ws2/ros2_ws/install/examples_rclpy_minimal_action_client:/home/ws2/ros2_ws/install/examples_rclpy_guard_conditions:/home/ws2/ros2_ws/install/examples_rclpy_executors:/home/ws2/glenn/ros2/install/vision:/home/ws2/glenn/ros2/install/nav:/home/ws2/glenn/ros2/install/gps:/home/ws2/glenn/ros2/install/drone_test:/home/ws2/glenn/ros2/install/isaac_ros_test:/home/ws2/glenn/ros2/install/GPS:/opt/ros/humble CONDA_PROMPT_MODIFIER=(base) /home/ws2/.local/bin/cmake --build /home/ws2/ros2_ws/src/ardupilot_gz/build/ardupilot_gz_application -- -j24 -l24
[1.419s] DEBUG:colcon.colcon_core.event_handler.log_command:Invoking command in '/home/ws2/ros2_ws/src/ardupilot_gz/build/ardupilot_gz_description': CMAKE_PREFIX_PATH=${CMAKE_PREFIX_PATH}:/home/ws2/ros2_ws/install/py_srvcli:/home/ws2/ros2_ws/install/py_pubsub:/home/ws2/ros2_ws/install/ardupilot_ros:/home/ws2/ros2_ws/install/python_parameters:/home/ws2/ros2_ws/install/mission_test:/home/ws2/ros2_ws/install/ardupilot_dds_tests:/home/ws2/ros2_ws/install/launch_testing_examples:/home/ws2/ros2_ws/install/jetson_pkg:/home/ws2/ros2_ws/install/examples_rclpy_pointcloud_publisher:/home/ws2/ros2_ws/install/examples_rclpy_minimal_subscriber:/home/ws2/ros2_ws/install/examples_rclpy_minimal_service:/home/ws2/ros2_ws/install/examples_rclpy_minimal_publisher:/home/ws2/ros2_ws/install/examples_rclpy_minimal_client:/home/ws2/ros2_ws/install/examples_rclpy_minimal_action_server:/home/ws2/ros2_ws/install/examples_rclpy_minimal_action_client:/home/ws2/ros2_ws/install/examples_rclpy_guard_conditions:/home/ws2/ros2_ws/install/examples_rclpy_executors:/home/ws2/glenn/ros2/install/vision:/home/ws2/glenn/ros2/install/nav:/home/ws2/glenn/ros2/install/gps:/home/ws2/glenn/ros2/install/drone_test:/home/ws2/glenn/ros2/install/isaac_ros_test:/home/ws2/glenn/ros2/install/GPS:/opt/ros/humble CONDA_PROMPT_MODIFIER=(base) /home/ws2/.local/bin/cmake --install /home/ws2/ros2_ws/src/ardupilot_gz/build/ardupilot_gz_description
[1.420s] DEBUG:colcon.colcon_core.event_handler.log_command:Invoking command in '/home/ws2/ros2_ws/src/ardupilot_gz/build/ardupilot_gz_application': CMAKE_PREFIX_PATH=${CMAKE_PREFIX_PATH}:/home/ws2/ros2_ws/install/py_srvcli:/home/ws2/ros2_ws/install/py_pubsub:/home/ws2/ros2_ws/install/ardupilot_ros:/home/ws2/ros2_ws/install/python_parameters:/home/ws2/ros2_ws/install/mission_test:/home/ws2/ros2_ws/install/ardupilot_dds_tests:/home/ws2/ros2_ws/install/launch_testing_examples:/home/ws2/ros2_ws/install/jetson_pkg:/home/ws2/ros2_ws/install/examples_rclpy_pointcloud_publisher:/home/ws2/ros2_ws/install/examples_rclpy_minimal_subscriber:/home/ws2/ros2_ws/install/examples_rclpy_minimal_service:/home/ws2/ros2_ws/install/examples_rclpy_minimal_publisher:/home/ws2/ros2_ws/install/examples_rclpy_minimal_client:/home/ws2/ros2_ws/install/examples_rclpy_minimal_action_server:/home/ws2/ros2_ws/install/examples_rclpy_minimal_action_client:/home/ws2/ros2_ws/install/examples_rclpy_guard_conditions:/home/ws2/ros2_ws/install/examples_rclpy_executors:/home/ws2/glenn/ros2/install/vision:/home/ws2/glenn/ros2/install/nav:/home/ws2/glenn/ros2/install/gps:/home/ws2/glenn/ros2/install/drone_test:/home/ws2/glenn/ros2/install/isaac_ros_test:/home/ws2/glenn/ros2/install/GPS:/opt/ros/humble CONDA_PROMPT_MODIFIER=(base) /home/ws2/.local/bin/cmake --install /home/ws2/ros2_ws/src/ardupilot_gz/build/ardupilot_gz_application
[1.440s] Level 1:colcon.colcon_core.environment:create_environment_scripts_only(ardupilot_gz_description)
[1.441s] DEBUG:colcon.colcon_core.event_handler.log_command:Invoked command in '/home/ws2/ros2_ws/src/ardupilot_gz/build/ardupilot_gz_description' returned '0': CMAKE_PREFIX_PATH=${CMAKE_PREFIX_PATH}:/home/ws2/ros2_ws/install/py_srvcli:/home/ws2/ros2_ws/install/py_pubsub:/home/ws2/ros2_ws/install/ardupilot_ros:/home/ws2/ros2_ws/install/python_parameters:/home/ws2/ros2_ws/install/mission_test:/home/ws2/ros2_ws/install/ardupilot_dds_tests:/home/ws2/ros2_ws/install/launch_testing_examples:/home/ws2/ros2_ws/install/jetson_pkg:/home/ws2/ros2_ws/install/examples_rclpy_pointcloud_publisher:/home/ws2/ros2_ws/install/examples_rclpy_minimal_subscriber:/home/ws2/ros2_ws/install/examples_rclpy_minimal_service:/home/ws2/ros2_ws/install/examples_rclpy_minimal_publisher:/home/ws2/ros2_ws/install/examples_rclpy_minimal_client:/home/ws2/ros2_ws/install/examples_rclpy_minimal_action_server:/home/ws2/ros2_ws/install/examples_rclpy_minimal_action_client:/home/ws2/ros2_ws/install/examples_rclpy_guard_conditions:/home/ws2/ros2_ws/install/examples_rclpy_executors:/home/ws2/glenn/ros2/install/vision:/home/ws2/glenn/ros2/install/nav:/home/ws2/glenn/ros2/install/gps:/home/ws2/glenn/ros2/install/drone_test:/home/ws2/glenn/ros2/install/isaac_ros_test:/home/ws2/glenn/ros2/install/GPS:/opt/ros/humble CONDA_PROMPT_MODIFIER=(base) /home/ws2/.local/bin/cmake --install /home/ws2/ros2_ws/src/ardupilot_gz/build/ardupilot_gz_description
[1.445s] Level 1:colcon.colcon_core.environment:checking '/home/ws2/ros2_ws/src/ardupilot_gz/install/ardupilot_gz_description' for CMake module files
[1.445s] Level 1:colcon.colcon_core.environment:checking '/home/ws2/ros2_ws/src/ardupilot_gz/install/ardupilot_gz_description' for CMake config files
[1.445s] Level 1:colcon.colcon_core.shell:create_environment_hook('ardupilot_gz_description', 'cmake_prefix_path')
[1.446s] INFO:colcon.colcon_core.shell:Creating environment hook '/home/ws2/ros2_ws/src/ardupilot_gz/install/ardupilot_gz_description/share/ardupilot_gz_description/hook/cmake_prefix_path.ps1'
[1.447s] INFO:colcon.colcon_core.shell:Creating environment descriptor '/home/ws2/ros2_ws/src/ardupilot_gz/install/ardupilot_gz_description/share/ardupilot_gz_description/hook/cmake_prefix_path.dsv'
[1.447s] INFO:colcon.colcon_core.shell:Creating environment hook '/home/ws2/ros2_ws/src/ardupilot_gz/install/ardupilot_gz_description/share/ardupilot_gz_description/hook/cmake_prefix_path.sh'
[1.447s] Level 1:colcon.colcon_core.environment:checking '/home/ws2/ros2_ws/src/ardupilot_gz/install/ardupilot_gz_description/bin'
[1.447s] Level 1:colcon.colcon_core.environment:checking '/home/ws2/ros2_ws/src/ardupilot_gz/install/ardupilot_gz_description/lib/pkgconfig/ardupilot_gz_description.pc'
[1.447s] Level 1:colcon.colcon_core.environment:checking '/home/ws2/ros2_ws/src/ardupilot_gz/install/ardupilot_gz_description/lib/python3.10/site-packages'
[1.447s] Level 1:colcon.colcon_core.environment:checking '/home/ws2/ros2_ws/src/ardupilot_gz/install/ardupilot_gz_description/bin'
[1.448s] INFO:colcon.colcon_core.shell:Creating package script '/home/ws2/ros2_ws/src/ardupilot_gz/install/ardupilot_gz_description/share/ardupilot_gz_description/package.ps1'
[1.448s] INFO:colcon.colcon_core.shell:Creating package descriptor '/home/ws2/ros2_ws/src/ardupilot_gz/install/ardupilot_gz_description/share/ardupilot_gz_description/package.dsv'
[1.449s] INFO:colcon.colcon_core.shell:Creating package script '/home/ws2/ros2_ws/src/ardupilot_gz/install/ardupilot_gz_description/share/ardupilot_gz_description/package.sh'
[1.449s] INFO:colcon.colcon_core.shell:Creating package script '/home/ws2/ros2_ws/src/ardupilot_gz/install/ardupilot_gz_description/share/ardupilot_gz_description/package.bash'
[1.450s] INFO:colcon.colcon_core.shell:Creating package script '/home/ws2/ros2_ws/src/ardupilot_gz/install/ardupilot_gz_description/share/ardupilot_gz_description/package.zsh'
[1.450s] Level 1:colcon.colcon_core.environment:create_file_with_runtime_dependencies(/home/ws2/ros2_ws/src/ardupilot_gz/install/ardupilot_gz_description/share/colcon-core/packages/ardupilot_gz_description)
[1.451s] Level 1:colcon.colcon_core.environment:create_environment_scripts_only(ardupilot_gz_application)
[1.452s] Level 1:colcon.colcon_core.environment:checking '/home/ws2/ros2_ws/src/ardupilot_gz/install/ardupilot_gz_application' for CMake module files
[1.452s] DEBUG:colcon.colcon_core.event_handler.log_command:Invoked command in '/home/ws2/ros2_ws/src/ardupilot_gz/build/ardupilot_gz_application' returned '0': CMAKE_PREFIX_PATH=${CMAKE_PREFIX_PATH}:/home/ws2/ros2_ws/install/py_srvcli:/home/ws2/ros2_ws/install/py_pubsub:/home/ws2/ros2_ws/install/ardupilot_ros:/home/ws2/ros2_ws/install/python_parameters:/home/ws2/ros2_ws/install/mission_test:/home/ws2/ros2_ws/install/ardupilot_dds_tests:/home/ws2/ros2_ws/install/launch_testing_examples:/home/ws2/ros2_ws/install/jetson_pkg:/home/ws2/ros2_ws/install/examples_rclpy_pointcloud_publisher:/home/ws2/ros2_ws/install/examples_rclpy_minimal_subscriber:/home/ws2/ros2_ws/install/examples_rclpy_minimal_service:/home/ws2/ros2_ws/install/examples_rclpy_minimal_publisher:/home/ws2/ros2_ws/install/examples_rclpy_minimal_client:/home/ws2/ros2_ws/install/examples_rclpy_minimal_action_server:/home/ws2/ros2_ws/install/examples_rclpy_minimal_action_client:/home/ws2/ros2_ws/install/examples_rclpy_guard_conditions:/home/ws2/ros2_ws/install/examples_rclpy_executors:/home/ws2/glenn/ros2/install/vision:/home/ws2/glenn/ros2/install/nav:/home/ws2/glenn/ros2/install/gps:/home/ws2/glenn/ros2/install/drone_test:/home/ws2/glenn/ros2/install/isaac_ros_test:/home/ws2/glenn/ros2/install/GPS:/opt/ros/humble CONDA_PROMPT_MODIFIER=(base) /home/ws2/.local/bin/cmake --install /home/ws2/ros2_ws/src/ardupilot_gz/build/ardupilot_gz_application
[1.452s] Level 1:colcon.colcon_core.environment:checking '/home/ws2/ros2_ws/src/ardupilot_gz/install/ardupilot_gz_application' for CMake config files
[1.452s] Level 1:colcon.colcon_core.shell:create_environment_hook('ardupilot_gz_application', 'cmake_prefix_path')
[1.453s] INFO:colcon.colcon_core.shell:Creating environment hook '/home/ws2/ros2_ws/src/ardupilot_gz/install/ardupilot_gz_application/share/ardupilot_gz_application/hook/cmake_prefix_path.ps1'
[1.453s] INFO:colcon.colcon_core.shell:Creating environment descriptor '/home/ws2/ros2_ws/src/ardupilot_gz/install/ardupilot_gz_application/share/ardupilot_gz_application/hook/cmake_prefix_path.dsv'
[1.453s] INFO:colcon.colcon_core.shell:Creating environment hook '/home/ws2/ros2_ws/src/ardupilot_gz/install/ardupilot_gz_application/share/ardupilot_gz_application/hook/cmake_prefix_path.sh'
[1.453s] Level 1:colcon.colcon_core.environment:checking '/home/ws2/ros2_ws/src/ardupilot_gz/install/ardupilot_gz_application/bin'
[1.453s] Level 1:colcon.colcon_core.environment:checking '/home/ws2/ros2_ws/src/ardupilot_gz/install/ardupilot_gz_application/lib/pkgconfig/ardupilot_gz_application.pc'
[1.453s] Level 1:colcon.colcon_core.environment:checking '/home/ws2/ros2_ws/src/ardupilot_gz/install/ardupilot_gz_application/lib/python3.10/site-packages'
[1.454s] Level 1:colcon.colcon_core.environment:checking '/home/ws2/ros2_ws/src/ardupilot_gz/install/ardupilot_gz_application/bin'
[1.454s] INFO:colcon.colcon_core.shell:Creating package script '/home/ws2/ros2_ws/src/ardupilot_gz/install/ardupilot_gz_application/share/ardupilot_gz_application/package.ps1'
[1.454s] INFO:colcon.colcon_core.shell:Creating package descriptor '/home/ws2/ros2_ws/src/ardupilot_gz/install/ardupilot_gz_application/share/ardupilot_gz_application/package.dsv'
[1.455s] INFO:colcon.colcon_core.shell:Creating package script '/home/ws2/ros2_ws/src/ardupilot_gz/install/ardupilot_gz_application/share/ardupilot_gz_application/package.sh'
[1.455s] INFO:colcon.colcon_core.shell:Creating package script '/home/ws2/ros2_ws/src/ardupilot_gz/install/ardupilot_gz_application/share/ardupilot_gz_application/package.bash'
[1.455s] INFO:colcon.colcon_core.shell:Creating package script '/home/ws2/ros2_ws/src/ardupilot_gz/install/ardupilot_gz_application/share/ardupilot_gz_application/package.zsh'
[1.455s] Level 1:colcon.colcon_core.environment:create_file_with_runtime_dependencies(/home/ws2/ros2_ws/src/ardupilot_gz/install/ardupilot_gz_application/share/colcon-core/packages/ardupilot_gz_application)
[1.482s] Level 1:colcon.colcon_core.environment:create_environment_scripts_only(ardupilot_gz_description)
[1.483s] Level 1:colcon.colcon_core.environment:checking '/home/ws2/ros2_ws/src/ardupilot_gz/install/ardupilot_gz_description' for CMake module files
[1.484s] Level 1:colcon.colcon_core.environment:checking '/home/ws2/ros2_ws/src/ardupilot_gz/install/ardupilot_gz_description' for CMake config files
[1.484s] Level 1:colcon.colcon_core.shell:create_environment_hook('ardupilot_gz_description', 'cmake_prefix_path')
[1.485s] INFO:colcon.colcon_core.shell:Creating environment hook '/home/ws2/ros2_ws/src/ardupilot_gz/install/ardupilot_gz_description/share/ardupilot_gz_description/hook/cmake_prefix_path.ps1'
[1.485s] INFO:colcon.colcon_core.shell:Creating environment descriptor '/home/ws2/ros2_ws/src/ardupilot_gz/install/ardupilot_gz_description/share/ardupilot_gz_description/hook/cmake_prefix_path.dsv'
[1.485s] INFO:colcon.colcon_core.shell:Creating environment hook '/home/ws2/ros2_ws/src/ardupilot_gz/install/ardupilot_gz_description/share/ardupilot_gz_description/hook/cmake_prefix_path.sh'
[1.486s] Level 1:colcon.colcon_core.environment:checking '/home/ws2/ros2_ws/src/ardupilot_gz/install/ardupilot_gz_description/bin'
[1.486s] Level 1:colcon.colcon_core.environment:checking '/home/ws2/ros2_ws/src/ardupilot_gz/install/ardupilot_gz_description/lib/pkgconfig/ardupilot_gz_description.pc'
[1.486s] Level 1:colcon.colcon_core.environment:checking '/home/ws2/ros2_ws/src/ardupilot_gz/install/ardupilot_gz_description/lib/python3.10/site-packages'
[1.486s] Level 1:colcon.colcon_core.environment:checking '/home/ws2/ros2_ws/src/ardupilot_gz/install/ardupilot_gz_description/bin'
[1.487s] INFO:colcon.colcon_core.shell:Creating package script '/home/ws2/ros2_ws/src/ardupilot_gz/install/ardupilot_gz_description/share/ardupilot_gz_description/package.ps1'
[1.487s] INFO:colcon.colcon_core.shell:Creating package descriptor '/home/ws2/ros2_ws/src/ardupilot_gz/install/ardupilot_gz_description/share/ardupilot_gz_description/package.dsv'
[1.487s] INFO:colcon.colcon_core.shell:Creating package script '/home/ws2/ros2_ws/src/ardupilot_gz/install/ardupilot_gz_description/share/ardupilot_gz_description/package.sh'
[1.488s] INFO:colcon.colcon_core.shell:Creating package script '/home/ws2/ros2_ws/src/ardupilot_gz/install/ardupilot_gz_description/share/ardupilot_gz_description/package.bash'
[1.488s] INFO:colcon.colcon_core.shell:Creating package script '/home/ws2/ros2_ws/src/ardupilot_gz/install/ardupilot_gz_description/share/ardupilot_gz_description/package.zsh'
[1.488s] Level 1:colcon.colcon_core.environment:create_file_with_runtime_dependencies(/home/ws2/ros2_ws/src/ardupilot_gz/install/ardupilot_gz_description/share/colcon-core/packages/ardupilot_gz_description)
[1.489s] Level 1:colcon.colcon_core.environment:create_environment_scripts_only(ardupilot_gz_application)
[1.490s] Level 1:colcon.colcon_core.environment:checking '/home/ws2/ros2_ws/src/ardupilot_gz/install/ardupilot_gz_application' for CMake module files
[1.490s] Level 1:colcon.colcon_core.environment:checking '/home/ws2/ros2_ws/src/ardupilot_gz/install/ardupilot_gz_application' for CMake config files
[1.490s] Level 1:colcon.colcon_core.shell:create_environment_hook('ardupilot_gz_application', 'cmake_prefix_path')
[1.491s] INFO:colcon.colcon_core.shell:Creating environment hook '/home/ws2/ros2_ws/src/ardupilot_gz/install/ardupilot_gz_application/share/ardupilot_gz_application/hook/cmake_prefix_path.ps1'
[1.491s] INFO:colcon.colcon_core.shell:Creating environment descriptor '/home/ws2/ros2_ws/src/ardupilot_gz/install/ardupilot_gz_application/share/ardupilot_gz_application/hook/cmake_prefix_path.dsv'
[1.491s] INFO:colcon.colcon_core.shell:Creating environment hook '/home/ws2/ros2_ws/src/ardupilot_gz/install/ardupilot_gz_application/share/ardupilot_gz_application/hook/cmake_prefix_path.sh'
[1.492s] Level 1:colcon.colcon_core.environment:checking '/home/ws2/ros2_ws/src/ardupilot_gz/install/ardupilot_gz_application/bin'
[1.492s] Level 1:colcon.colcon_core.environment:checking '/home/ws2/ros2_ws/src/ardupilot_gz/install/ardupilot_gz_application/lib/pkgconfig/ardupilot_gz_application.pc'
[1.492s] Level 1:colcon.colcon_core.environment:checking '/home/ws2/ros2_ws/src/ardupilot_gz/install/ardupilot_gz_application/lib/python3.10/site-packages'
[1.492s] Level 1:colcon.colcon_core.environment:checking '/home/ws2/ros2_ws/src/ardupilot_gz/install/ardupilot_gz_application/bin'
[1.492s] INFO:colcon.colcon_core.shell:Creating package script '/home/ws2/ros2_ws/src/ardupilot_gz/install/ardupilot_gz_application/share/ardupilot_gz_application/package.ps1'
[1.493s] INFO:colcon.colcon_core.shell:Creating package descriptor '/home/ws2/ros2_ws/src/ardupilot_gz/install/ardupilot_gz_application/share/ardupilot_gz_application/package.dsv'
[1.493s] INFO:colcon.colcon_core.shell:Creating package script '/home/ws2/ros2_ws/src/ardupilot_gz/install/ardupilot_gz_application/share/ardupilot_gz_application/package.sh'
[1.493s] INFO:colcon.colcon_core.shell:Creating package script '/home/ws2/ros2_ws/src/ardupilot_gz/install/ardupilot_gz_application/share/ardupilot_gz_application/package.bash'
[1.493s] INFO:colcon.colcon_core.shell:Creating package script '/home/ws2/ros2_ws/src/ardupilot_gz/install/ardupilot_gz_application/share/ardupilot_gz_application/package.zsh'
[1.493s] Level 1:colcon.colcon_core.environment:create_file_with_runtime_dependencies(/home/ws2/ros2_ws/src/ardupilot_gz/install/ardupilot_gz_application/share/colcon-core/packages/ardupilot_gz_application)
[2.309s] DEBUG:colcon.colcon_core.event_handler.log_command:Invoked command in '/home/ws2/ros2_ws/src/ardupilot_gz/build/ardupilot_gz_gazebo' returned '0': CMAKE_PREFIX_PATH=${CMAKE_PREFIX_PATH}:/home/ws2/ros2_ws/install/py_srvcli:/home/ws2/ros2_ws/install/py_pubsub:/home/ws2/ros2_ws/install/ardupilot_ros:/home/ws2/ros2_ws/install/python_parameters:/home/ws2/ros2_ws/install/mission_test:/home/ws2/ros2_ws/install/ardupilot_dds_tests:/home/ws2/ros2_ws/install/launch_testing_examples:/home/ws2/ros2_ws/install/jetson_pkg:/home/ws2/ros2_ws/install/examples_rclpy_pointcloud_publisher:/home/ws2/ros2_ws/install/examples_rclpy_minimal_subscriber:/home/ws2/ros2_ws/install/examples_rclpy_minimal_service:/home/ws2/ros2_ws/install/examples_rclpy_minimal_publisher:/home/ws2/ros2_ws/install/examples_rclpy_minimal_client:/home/ws2/ros2_ws/install/examples_rclpy_minimal_action_server:/home/ws2/ros2_ws/install/examples_rclpy_minimal_action_client:/home/ws2/ros2_ws/install/examples_rclpy_guard_conditions:/home/ws2/ros2_ws/install/examples_rclpy_executors:/home/ws2/glenn/ros2/install/vision:/home/ws2/glenn/ros2/install/nav:/home/ws2/glenn/ros2/install/gps:/home/ws2/glenn/ros2/install/drone_test:/home/ws2/glenn/ros2/install/isaac_ros_test:/home/ws2/glenn/ros2/install/GPS:/opt/ros/humble CONDA_PROMPT_MODIFIER=(base) /home/ws2/.local/bin/cmake /home/ws2/ros2_ws/src/ardupilot_gz/ardupilot_gz_gazebo -DCMAKE_INSTALL_PREFIX=/home/ws2/ros2_ws/src/ardupilot_gz/install/ardupilot_gz_gazebo
[2.311s] DEBUG:colcon.colcon_core.event_handler.log_command:Invoking command in '/home/ws2/ros2_ws/src/ardupilot_gz/build/ardupilot_gz_gazebo': CMAKE_PREFIX_PATH=${CMAKE_PREFIX_PATH}:/home/ws2/ros2_ws/install/py_srvcli:/home/ws2/ros2_ws/install/py_pubsub:/home/ws2/ros2_ws/install/ardupilot_ros:/home/ws2/ros2_ws/install/python_parameters:/home/ws2/ros2_ws/install/mission_test:/home/ws2/ros2_ws/install/ardupilot_dds_tests:/home/ws2/ros2_ws/install/launch_testing_examples:/home/ws2/ros2_ws/install/jetson_pkg:/home/ws2/ros2_ws/install/examples_rclpy_pointcloud_publisher:/home/ws2/ros2_ws/install/examples_rclpy_minimal_subscriber:/home/ws2/ros2_ws/install/examples_rclpy_minimal_service:/home/ws2/ros2_ws/install/examples_rclpy_minimal_publisher:/home/ws2/ros2_ws/install/examples_rclpy_minimal_client:/home/ws2/ros2_ws/install/examples_rclpy_minimal_action_server:/home/ws2/ros2_ws/install/examples_rclpy_minimal_action_client:/home/ws2/ros2_ws/install/examples_rclpy_guard_conditions:/home/ws2/ros2_ws/install/examples_rclpy_executors:/home/ws2/glenn/ros2/install/vision:/home/ws2/glenn/ros2/install/nav:/home/ws2/glenn/ros2/install/gps:/home/ws2/glenn/ros2/install/drone_test:/home/ws2/glenn/ros2/install/isaac_ros_test:/home/ws2/glenn/ros2/install/GPS:/opt/ros/humble CONDA_PROMPT_MODIFIER=(base) /home/ws2/.local/bin/cmake --build /home/ws2/ros2_ws/src/ardupilot_gz/build/ardupilot_gz_gazebo -- -j24 -l24
[2.516s] DEBUG:colcon.colcon_core.event_handler.log_command:Invoked command in '/home/ws2/ros2_ws/src/ardupilot_gz/build/ardupilot_gz_gazebo' returned '0': CMAKE_PREFIX_PATH=${CMAKE_PREFIX_PATH}:/home/ws2/ros2_ws/install/py_srvcli:/home/ws2/ros2_ws/install/py_pubsub:/home/ws2/ros2_ws/install/ardupilot_ros:/home/ws2/ros2_ws/install/python_parameters:/home/ws2/ros2_ws/install/mission_test:/home/ws2/ros2_ws/install/ardupilot_dds_tests:/home/ws2/ros2_ws/install/launch_testing_examples:/home/ws2/ros2_ws/install/jetson_pkg:/home/ws2/ros2_ws/install/examples_rclpy_pointcloud_publisher:/home/ws2/ros2_ws/install/examples_rclpy_minimal_subscriber:/home/ws2/ros2_ws/install/examples_rclpy_minimal_service:/home/ws2/ros2_ws/install/examples_rclpy_minimal_publisher:/home/ws2/ros2_ws/install/examples_rclpy_minimal_client:/home/ws2/ros2_ws/install/examples_rclpy_minimal_action_server:/home/ws2/ros2_ws/install/examples_rclpy_minimal_action_client:/home/ws2/ros2_ws/install/examples_rclpy_guard_conditions:/home/ws2/ros2_ws/install/examples_rclpy_executors:/home/ws2/glenn/ros2/install/vision:/home/ws2/glenn/ros2/install/nav:/home/ws2/glenn/ros2/install/gps:/home/ws2/glenn/ros2/install/drone_test:/home/ws2/glenn/ros2/install/isaac_ros_test:/home/ws2/glenn/ros2/install/GPS:/opt/ros/humble CONDA_PROMPT_MODIFIER=(base) /home/ws2/.local/bin/cmake --build /home/ws2/ros2_ws/src/ardupilot_gz/build/ardupilot_gz_gazebo -- -j24 -l24
[2.550s] DEBUG:colcon.colcon_core.event_handler.log_command:Invoking command in '/home/ws2/ros2_ws/src/ardupilot_gz/build/ardupilot_gz_gazebo': CMAKE_PREFIX_PATH=${CMAKE_PREFIX_PATH}:/home/ws2/ros2_ws/install/py_srvcli:/home/ws2/ros2_ws/install/py_pubsub:/home/ws2/ros2_ws/install/ardupilot_ros:/home/ws2/ros2_ws/install/python_parameters:/home/ws2/ros2_ws/install/mission_test:/home/ws2/ros2_ws/install/ardupilot_dds_tests:/home/ws2/ros2_ws/install/launch_testing_examples:/home/ws2/ros2_ws/install/jetson_pkg:/home/ws2/ros2_ws/install/examples_rclpy_pointcloud_publisher:/home/ws2/ros2_ws/install/examples_rclpy_minimal_subscriber:/home/ws2/ros2_ws/install/examples_rclpy_minimal_service:/home/ws2/ros2_ws/install/examples_rclpy_minimal_publisher:/home/ws2/ros2_ws/install/examples_rclpy_minimal_client:/home/ws2/ros2_ws/install/examples_rclpy_minimal_action_server:/home/ws2/ros2_ws/install/examples_rclpy_minimal_action_client:/home/ws2/ros2_ws/install/examples_rclpy_guard_conditions:/home/ws2/ros2_ws/install/examples_rclpy_executors:/home/ws2/glenn/ros2/install/vision:/home/ws2/glenn/ros2/install/nav:/home/ws2/glenn/ros2/install/gps:/home/ws2/glenn/ros2/install/drone_test:/home/ws2/glenn/ros2/install/isaac_ros_test:/home/ws2/glenn/ros2/install/GPS:/opt/ros/humble CONDA_PROMPT_MODIFIER=(base) /home/ws2/.local/bin/cmake --install /home/ws2/ros2_ws/src/ardupilot_gz/build/ardupilot_gz_gazebo
[2.581s] Level 1:colcon.colcon_core.environment:create_environment_scripts_only(ardupilot_gz_gazebo)
[2.582s] Level 1:colcon.colcon_core.environment:checking '/home/ws2/ros2_ws/src/ardupilot_gz/install/ardupilot_gz_gazebo' for CMake module files
[2.582s] DEBUG:colcon.colcon_core.event_handler.log_command:Invoked command in '/home/ws2/ros2_ws/src/ardupilot_gz/build/ardupilot_gz_gazebo' returned '0': CMAKE_PREFIX_PATH=${CMAKE_PREFIX_PATH}:/home/ws2/ros2_ws/install/py_srvcli:/home/ws2/ros2_ws/install/py_pubsub:/home/ws2/ros2_ws/install/ardupilot_ros:/home/ws2/ros2_ws/install/python_parameters:/home/ws2/ros2_ws/install/mission_test:/home/ws2/ros2_ws/install/ardupilot_dds_tests:/home/ws2/ros2_ws/install/launch_testing_examples:/home/ws2/ros2_ws/install/jetson_pkg:/home/ws2/ros2_ws/install/examples_rclpy_pointcloud_publisher:/home/ws2/ros2_ws/install/examples_rclpy_minimal_subscriber:/home/ws2/ros2_ws/install/examples_rclpy_minimal_service:/home/ws2/ros2_ws/install/examples_rclpy_minimal_publisher:/home/ws2/ros2_ws/install/examples_rclpy_minimal_client:/home/ws2/ros2_ws/install/examples_rclpy_minimal_action_server:/home/ws2/ros2_ws/install/examples_rclpy_minimal_action_client:/home/ws2/ros2_ws/install/examples_rclpy_guard_conditions:/home/ws2/ros2_ws/install/examples_rclpy_executors:/home/ws2/glenn/ros2/install/vision:/home/ws2/glenn/ros2/install/nav:/home/ws2/glenn/ros2/install/gps:/home/ws2/glenn/ros2/install/drone_test:/home/ws2/glenn/ros2/install/isaac_ros_test:/home/ws2/glenn/ros2/install/GPS:/opt/ros/humble CONDA_PROMPT_MODIFIER=(base) /home/ws2/.local/bin/cmake --install /home/ws2/ros2_ws/src/ardupilot_gz/build/ardupilot_gz_gazebo
[2.582s] Level 1:colcon.colcon_core.environment:checking '/home/ws2/ros2_ws/src/ardupilot_gz/install/ardupilot_gz_gazebo' for CMake config files
[2.582s] Level 1:colcon.colcon_core.shell:create_environment_hook('ardupilot_gz_gazebo', 'cmake_prefix_path')
[2.583s] INFO:colcon.colcon_core.shell:Creating environment hook '/home/ws2/ros2_ws/src/ardupilot_gz/install/ardupilot_gz_gazebo/share/ardupilot_gz_gazebo/hook/cmake_prefix_path.ps1'
[2.583s] INFO:colcon.colcon_core.shell:Creating environment descriptor '/home/ws2/ros2_ws/src/ardupilot_gz/install/ardupilot_gz_gazebo/share/ardupilot_gz_gazebo/hook/cmake_prefix_path.dsv'
[2.583s] INFO:colcon.colcon_core.shell:Creating environment hook '/home/ws2/ros2_ws/src/ardupilot_gz/install/ardupilot_gz_gazebo/share/ardupilot_gz_gazebo/hook/cmake_prefix_path.sh'
[2.583s] Level 1:colcon.colcon_core.environment:checking '/home/ws2/ros2_ws/src/ardupilot_gz/install/ardupilot_gz_gazebo/lib'
[2.583s] Level 1:colcon.colcon_core.environment:checking '/home/ws2/ros2_ws/src/ardupilot_gz/install/ardupilot_gz_gazebo/bin'
[2.583s] Level 1:colcon.colcon_core.environment:checking '/home/ws2/ros2_ws/src/ardupilot_gz/install/ardupilot_gz_gazebo/lib/pkgconfig/ardupilot_gz_gazebo.pc'
[2.583s] Level 1:colcon.colcon_core.environment:checking '/home/ws2/ros2_ws/src/ardupilot_gz/install/ardupilot_gz_gazebo/lib/python3.10/site-packages'
[2.583s] Level 1:colcon.colcon_core.environment:checking '/home/ws2/ros2_ws/src/ardupilot_gz/install/ardupilot_gz_gazebo/bin'
[2.584s] INFO:colcon.colcon_core.shell:Creating package script '/home/ws2/ros2_ws/src/ardupilot_gz/install/ardupilot_gz_gazebo/share/ardupilot_gz_gazebo/package.ps1'
[2.584s] INFO:colcon.colcon_core.shell:Creating package descriptor '/home/ws2/ros2_ws/src/ardupilot_gz/install/ardupilot_gz_gazebo/share/ardupilot_gz_gazebo/package.dsv'
[2.584s] INFO:colcon.colcon_core.shell:Creating package script '/home/ws2/ros2_ws/src/ardupilot_gz/install/ardupilot_gz_gazebo/share/ardupilot_gz_gazebo/package.sh'
[2.585s] INFO:colcon.colcon_core.shell:Creating package script '/home/ws2/ros2_ws/src/ardupilot_gz/install/ardupilot_gz_gazebo/share/ardupilot_gz_gazebo/package.bash'
[2.585s] INFO:colcon.colcon_core.shell:Creating package script '/home/ws2/ros2_ws/src/ardupilot_gz/install/ardupilot_gz_gazebo/share/ardupilot_gz_gazebo/package.zsh'
[2.585s] Level 1:colcon.colcon_core.environment:create_file_with_runtime_dependencies(/home/ws2/ros2_ws/src/ardupilot_gz/install/ardupilot_gz_gazebo/share/colcon-core/packages/ardupilot_gz_gazebo)
[2.628s] Level 1:colcon.colcon_core.environment:create_environment_scripts_only(ardupilot_gz_gazebo)
[2.629s] Level 1:colcon.colcon_core.environment:checking '/home/ws2/ros2_ws/src/ardupilot_gz/install/ardupilot_gz_gazebo' for CMake module files
[2.629s] Level 1:colcon.colcon_core.environment:checking '/home/ws2/ros2_ws/src/ardupilot_gz/install/ardupilot_gz_gazebo' for CMake config files
[2.629s] Level 1:colcon.colcon_core.shell:create_environment_hook('ardupilot_gz_gazebo', 'cmake_prefix_path')
[2.630s] INFO:colcon.colcon_core.shell:Creating environment hook '/home/ws2/ros2_ws/src/ardupilot_gz/install/ardupilot_gz_gazebo/share/ardupilot_gz_gazebo/hook/cmake_prefix_path.ps1'
[2.630s] INFO:colcon.colcon_core.shell:Creating environment descriptor '/home/ws2/ros2_ws/src/ardupilot_gz/install/ardupilot_gz_gazebo/share/ardupilot_gz_gazebo/hook/cmake_prefix_path.dsv'
[2.631s] INFO:colcon.colcon_core.shell:Creating environment hook '/home/ws2/ros2_ws/src/ardupilot_gz/install/ardupilot_gz_gazebo/share/ardupilot_gz_gazebo/hook/cmake_prefix_path.sh'
[2.631s] Level 1:colcon.colcon_core.environment:checking '/home/ws2/ros2_ws/src/ardupilot_gz/install/ardupilot_gz_gazebo/lib'
[2.631s] Level 1:colcon.colcon_core.environment:checking '/home/ws2/ros2_ws/src/ardupilot_gz/install/ardupilot_gz_gazebo/bin'
[2.631s] Level 1:colcon.colcon_core.environment:checking '/home/ws2/ros2_ws/src/ardupilot_gz/install/ardupilot_gz_gazebo/lib/pkgconfig/ardupilot_gz_gazebo.pc'
[2.631s] Level 1:colcon.colcon_core.environment:checking '/home/ws2/ros2_ws/src/ardupilot_gz/install/ardupilot_gz_gazebo/lib/python3.10/site-packages'
[2.631s] Level 1:colcon.colcon_core.environment:checking '/home/ws2/ros2_ws/src/ardupilot_gz/install/ardupilot_gz_gazebo/bin'
[2.632s] INFO:colcon.colcon_core.shell:Creating package script '/home/ws2/ros2_ws/src/ardupilot_gz/install/ardupilot_gz_gazebo/share/ardupilot_gz_gazebo/package.ps1'
[2.632s] INFO:colcon.colcon_core.shell:Creating package descriptor '/home/ws2/ros2_ws/src/ardupilot_gz/install/ardupilot_gz_gazebo/share/ardupilot_gz_gazebo/package.dsv'
[2.632s] INFO:colcon.colcon_core.shell:Creating package script '/home/ws2/ros2_ws/src/ardupilot_gz/install/ardupilot_gz_gazebo/share/ardupilot_gz_gazebo/package.sh'
[2.633s] INFO:colcon.colcon_core.shell:Creating package script '/home/ws2/ros2_ws/src/ardupilot_gz/install/ardupilot_gz_gazebo/share/ardupilot_gz_gazebo/package.bash'
[2.633s] INFO:colcon.colcon_core.shell:Creating package script '/home/ws2/ros2_ws/src/ardupilot_gz/install/ardupilot_gz_gazebo/share/ardupilot_gz_gazebo/package.zsh'
[2.633s] Level 1:colcon.colcon_core.environment:create_file_with_runtime_dependencies(/home/ws2/ros2_ws/src/ardupilot_gz/install/ardupilot_gz_gazebo/share/colcon-core/packages/ardupilot_gz_gazebo)
[2.633s] INFO:colcon.colcon_ros.task.ament_cmake.build:Building ROS package in '/home/ws2/ros2_ws/src/ardupilot_gz/ardupilot_gz_bringup' with build type 'ament_cmake'
[2.633s] INFO:colcon.colcon_cmake.task.cmake.build:Building CMake package in '/home/ws2/ros2_ws/src/ardupilot_gz/ardupilot_gz_bringup'
[2.634s] INFO:colcon.colcon_core.shell:Skip shell extension 'powershell' for command environment: Not usable outside of PowerShell
[2.634s] DEBUG:colcon.colcon_core.shell:Skip shell extension 'dsv' for command environment
[2.642s] DEBUG:colcon.colcon_core.event_handler.log_command:Invoking command in '/home/ws2/ros2_ws/src/ardupilot_gz/build/ardupilot_gz_bringup': AMENT_PREFIX_PATH=/home/ws2/ros2_ws/src/ardupilot_gz/install/ardupilot_gz_gazebo:/home/ws2/ros2_ws/src/ardupilot_gz/install/ardupilot_gz_description:${AMENT_PREFIX_PATH} CMAKE_PREFIX_PATH=/home/ws2/ros2_ws/src/ardupilot_gz/install/ardupilot_gz_gazebo:/home/ws2/ros2_ws/src/ardupilot_gz/install/ardupilot_gz_description:/home/ws2/ros2_ws/install/tutorial_interfaces:/home/ws2/ros2_ws/install/turtlesim:/home/ws2/ros2_ws/install/ros_ign:/home/ws2/ros2_ws/install/ros_ign_gazebo_demos:/home/ws2/ros2_ws/install/ros_gz:/home/ws2/ros2_ws/install/ros_gz_sim_demos:/home/ws2/ros2_ws/install/ardupilot_gz_bringup:/home/ws2/ros2_ws/install/sdformat_urdf:/home/ws2/ros2_ws/install/sdformat_test_files:/home/ws2/ros2_ws/install/ros_ign_interfaces:/home/ws2/ros2_ws/install/ros_ign_image:/home/ws2/ros2_ws/install/ros_ign_gazebo:/home/ws2/ros2_ws/install/ros_ign_bridge:/home/ws2/ros2_ws/install/ros_gz_sim:/home/ws2/ros2_ws/install/ros_gz_image:/home/ws2/ros2_ws/install/ros_gz_bridge:/home/ws2/ros2_ws/install/ros_gz_interfaces:/home/ws2/ros2_ws/install/polygon_plugins:/home/ws2/ros2_ws/install/polygon_base:/home/ws2/ros2_ws/install/my_package:/home/ws2/ros2_ws/install/more_interfaces:/home/ws2/ros2_ws/install/ardupilot_sitl:/home/ws2/ros2_ws/install/micro_ros_agent:/home/ws2/ros2_ws/install/examples_rclcpp_wait_set:/home/ws2/ros2_ws/install/examples_rclcpp_multithreaded_executor:/home/ws2/ros2_ws/install/examples_rclcpp_minimal_timer:/home/ws2/ros2_ws/install/examples_rclcpp_minimal_subscriber:/home/ws2/ros2_ws/install/examples_rclcpp_minimal_service:/home/ws2/ros2_ws/install/examples_rclcpp_minimal_publisher:/home/ws2/ros2_ws/install/examples_rclcpp_minimal_composition:/home/ws2/ros2_ws/install/examples_rclcpp_minimal_client:/home/ws2/ros2_ws/install/examples_rclcpp_minimal_action_server:/home/ws2/ros2_ws/install/examples_rclcpp_minimal_action_client:/home/ws2/ros2_ws/install/examples_rclcpp_cbg_executor:/home/ws2/ros2_ws/install/examples_rclcpp_async_client:/home/ws2/ros2_ws/install/cpp_pubsub:/home/ws2/ros2_ws/install/ardupilot_sitl_models:/home/ws2/ros2_ws/install/ardupilot_msgs:/home/ws2/ros2_ws/install/ardupilot_gz_gazebo:/home/ws2/ros2_ws/install/ardupilot_gz_description:/home/ws2/ros2_ws/install/ardupilot_gz_application:/home/ws2/ros2_ws/install/ardupilot_gazebo:/home/ws2/ros2_ws/install/action_tutorials_interfaces:/home/ws2/glenn/ros2/install/realsense2_description:/home/ws2/glenn/ros2/install/realsense2_camera:/home/ws2/glenn/ros2/install/realsense2_camera_msgs:/home/ws2/glenn/ros2/install/nav_action:/home/ws2/glenn/ros2/install/mavros_extras:/home/ws2/glenn/ros2/install/mavros:/home/ws2/glenn/ros2/install/mavros_msgs:/home/ws2/glenn/ros2/install/libmavconn:/home/ws2/glenn/ros2/install/mavlink:/home/ws2/glenn/ros2/install/drone_test_action:/home/ws2/ros2_ws/install/py_srvcli:/home/ws2/ros2_ws/install/py_pubsub:/home/ws2/ros2_ws/install/ardupilot_ros:/home/ws2/ros2_ws/install/python_parameters:/home/ws2/ros2_ws/install/mission_test:/home/ws2/ros2_ws/install/ardupilot_dds_tests:/home/ws2/ros2_ws/install/launch_testing_examples:/home/ws2/ros2_ws/install/jetson_pkg:/home/ws2/ros2_ws/install/examples_rclpy_pointcloud_publisher:/home/ws2/ros2_ws/install/examples_rclpy_minimal_subscriber:/home/ws2/ros2_ws/install/examples_rclpy_minimal_service:/home/ws2/ros2_ws/install/examples_rclpy_minimal_publisher:/home/ws2/ros2_ws/install/examples_rclpy_minimal_client:/home/ws2/ros2_ws/install/examples_rclpy_minimal_action_server:/home/ws2/ros2_ws/install/examples_rclpy_minimal_action_client:/home/ws2/ros2_ws/install/examples_rclpy_guard_conditions:/home/ws2/ros2_ws/install/examples_rclpy_executors:/home/ws2/glenn/ros2/install/vision:/home/ws2/glenn/ros2/install/nav:/home/ws2/glenn/ros2/install/gps:/home/ws2/glenn/ros2/install/drone_test:/home/ws2/glenn/ros2/install/isaac_ros_test:/home/ws2/glenn/ros2/install/GPS:/opt/ros/humble CONDA_PROMPT_MODIFIER=(base) GZ_SIM_PLUGIn_PATH=/home/ws2/ros2_ws/src/ardupilot_gz/install/ardupilot_gz_gazebo/lib/ardupilot_gz_gazebo GZ_SIM_RESOURCE_PATH=/home/ws2/ros2_ws/src/ardupilot_gz/install/ardupilot_gz_gazebo/share/ardupilot_gz_gazebo/worlds:/home/ws2/ros2_ws/src/ardupilot_gz/install/ardupilot_gz_description/share/ardupilot_gz_description/models:${GZ_SIM_RESOURCE_PATH} /home/ws2/.local/bin/cmake /home/ws2/ros2_ws/src/ardupilot_gz/ardupilot_gz_bringup -DCMAKE_INSTALL_PREFIX=/home/ws2/ros2_ws/src/ardupilot_gz/install/ardupilot_gz_bringup
[3.537s] DEBUG:colcon.colcon_core.event_handler.log_command:Invoked command in '/home/ws2/ros2_ws/src/ardupilot_gz/build/ardupilot_gz_bringup' returned '0': AMENT_PREFIX_PATH=/home/ws2/ros2_ws/src/ardupilot_gz/install/ardupilot_gz_gazebo:/home/ws2/ros2_ws/src/ardupilot_gz/install/ardupilot_gz_description:${AMENT_PREFIX_PATH} CMAKE_PREFIX_PATH=/home/ws2/ros2_ws/src/ardupilot_gz/install/ardupilot_gz_gazebo:/home/ws2/ros2_ws/src/ardupilot_gz/install/ardupilot_gz_description:/home/ws2/ros2_ws/install/tutorial_interfaces:/home/ws2/ros2_ws/install/turtlesim:/home/ws2/ros2_ws/install/ros_ign:/home/ws2/ros2_ws/install/ros_ign_gazebo_demos:/home/ws2/ros2_ws/install/ros_gz:/home/ws2/ros2_ws/install/ros_gz_sim_demos:/home/ws2/ros2_ws/install/ardupilot_gz_bringup:/home/ws2/ros2_ws/install/sdformat_urdf:/home/ws2/ros2_ws/install/sdformat_test_files:/home/ws2/ros2_ws/install/ros_ign_interfaces:/home/ws2/ros2_ws/install/ros_ign_image:/home/ws2/ros2_ws/install/ros_ign_gazebo:/home/ws2/ros2_ws/install/ros_ign_bridge:/home/ws2/ros2_ws/install/ros_gz_sim:/home/ws2/ros2_ws/install/ros_gz_image:/home/ws2/ros2_ws/install/ros_gz_bridge:/home/ws2/ros2_ws/install/ros_gz_interfaces:/home/ws2/ros2_ws/install/polygon_plugins:/home/ws2/ros2_ws/install/polygon_base:/home/ws2/ros2_ws/install/my_package:/home/ws2/ros2_ws/install/more_interfaces:/home/ws2/ros2_ws/install/ardupilot_sitl:/home/ws2/ros2_ws/install/micro_ros_agent:/home/ws2/ros2_ws/install/examples_rclcpp_wait_set:/home/ws2/ros2_ws/install/examples_rclcpp_multithreaded_executor:/home/ws2/ros2_ws/install/examples_rclcpp_minimal_timer:/home/ws2/ros2_ws/install/examples_rclcpp_minimal_subscriber:/home/ws2/ros2_ws/install/examples_rclcpp_minimal_service:/home/ws2/ros2_ws/install/examples_rclcpp_minimal_publisher:/home/ws2/ros2_ws/install/examples_rclcpp_minimal_composition:/home/ws2/ros2_ws/install/examples_rclcpp_minimal_client:/home/ws2/ros2_ws/install/examples_rclcpp_minimal_action_server:/home/ws2/ros2_ws/install/examples_rclcpp_minimal_action_client:/home/ws2/ros2_ws/install/examples_rclcpp_cbg_executor:/home/ws2/ros2_ws/install/examples_rclcpp_async_client:/home/ws2/ros2_ws/install/cpp_pubsub:/home/ws2/ros2_ws/install/ardupilot_sitl_models:/home/ws2/ros2_ws/install/ardupilot_msgs:/home/ws2/ros2_ws/install/ardupilot_gz_gazebo:/home/ws2/ros2_ws/install/ardupilot_gz_description:/home/ws2/ros2_ws/install/ardupilot_gz_application:/home/ws2/ros2_ws/install/ardupilot_gazebo:/home/ws2/ros2_ws/install/action_tutorials_interfaces:/home/ws2/glenn/ros2/install/realsense2_description:/home/ws2/glenn/ros2/install/realsense2_camera:/home/ws2/glenn/ros2/install/realsense2_camera_msgs:/home/ws2/glenn/ros2/install/nav_action:/home/ws2/glenn/ros2/install/mavros_extras:/home/ws2/glenn/ros2/install/mavros:/home/ws2/glenn/ros2/install/mavros_msgs:/home/ws2/glenn/ros2/install/libmavconn:/home/ws2/glenn/ros2/install/mavlink:/home/ws2/glenn/ros2/install/drone_test_action:/home/ws2/ros2_ws/install/py_srvcli:/home/ws2/ros2_ws/install/py_pubsub:/home/ws2/ros2_ws/install/ardupilot_ros:/home/ws2/ros2_ws/install/python_parameters:/home/ws2/ros2_ws/install/mission_test:/home/ws2/ros2_ws/install/ardupilot_dds_tests:/home/ws2/ros2_ws/install/launch_testing_examples:/home/ws2/ros2_ws/install/jetson_pkg:/home/ws2/ros2_ws/install/examples_rclpy_pointcloud_publisher:/home/ws2/ros2_ws/install/examples_rclpy_minimal_subscriber:/home/ws2/ros2_ws/install/examples_rclpy_minimal_service:/home/ws2/ros2_ws/install/examples_rclpy_minimal_publisher:/home/ws2/ros2_ws/install/examples_rclpy_minimal_client:/home/ws2/ros2_ws/install/examples_rclpy_minimal_action_server:/home/ws2/ros2_ws/install/examples_rclpy_minimal_action_client:/home/ws2/ros2_ws/install/examples_rclpy_guard_conditions:/home/ws2/ros2_ws/install/examples_rclpy_executors:/home/ws2/glenn/ros2/install/vision:/home/ws2/glenn/ros2/install/nav:/home/ws2/glenn/ros2/install/gps:/home/ws2/glenn/ros2/install/drone_test:/home/ws2/glenn/ros2/install/isaac_ros_test:/home/ws2/glenn/ros2/install/GPS:/opt/ros/humble CONDA_PROMPT_MODIFIER=(base) GZ_SIM_PLUGIn_PATH=/home/ws2/ros2_ws/src/ardupilot_gz/install/ardupilot_gz_gazebo/lib/ardupilot_gz_gazebo GZ_SIM_RESOURCE_PATH=/home/ws2/ros2_ws/src/ardupilot_gz/install/ardupilot_gz_gazebo/share/ardupilot_gz_gazebo/worlds:/home/ws2/ros2_ws/src/ardupilot_gz/install/ardupilot_gz_description/share/ardupilot_gz_description/models:${GZ_SIM_RESOURCE_PATH} /home/ws2/.local/bin/cmake /home/ws2/ros2_ws/src/ardupilot_gz/ardupilot_gz_bringup -DCMAKE_INSTALL_PREFIX=/home/ws2/ros2_ws/src/ardupilot_gz/install/ardupilot_gz_bringup
[3.538s] DEBUG:colcon.colcon_core.event_handler.log_command:Invoking command in '/home/ws2/ros2_ws/src/ardupilot_gz/build/ardupilot_gz_bringup': AMENT_PREFIX_PATH=/home/ws2/ros2_ws/src/ardupilot_gz/install/ardupilot_gz_gazebo:/home/ws2/ros2_ws/src/ardupilot_gz/install/ardupilot_gz_description:${AMENT_PREFIX_PATH} CMAKE_PREFIX_PATH=/home/ws2/ros2_ws/src/ardupilot_gz/install/ardupilot_gz_gazebo:/home/ws2/ros2_ws/src/ardupilot_gz/install/ardupilot_gz_description:/home/ws2/ros2_ws/install/tutorial_interfaces:/home/ws2/ros2_ws/install/turtlesim:/home/ws2/ros2_ws/install/ros_ign:/home/ws2/ros2_ws/install/ros_ign_gazebo_demos:/home/ws2/ros2_ws/install/ros_gz:/home/ws2/ros2_ws/install/ros_gz_sim_demos:/home/ws2/ros2_ws/install/ardupilot_gz_bringup:/home/ws2/ros2_ws/install/sdformat_urdf:/home/ws2/ros2_ws/install/sdformat_test_files:/home/ws2/ros2_ws/install/ros_ign_interfaces:/home/ws2/ros2_ws/install/ros_ign_image:/home/ws2/ros2_ws/install/ros_ign_gazebo:/home/ws2/ros2_ws/install/ros_ign_bridge:/home/ws2/ros2_ws/install/ros_gz_sim:/home/ws2/ros2_ws/install/ros_gz_image:/home/ws2/ros2_ws/install/ros_gz_bridge:/home/ws2/ros2_ws/install/ros_gz_interfaces:/home/ws2/ros2_ws/install/polygon_plugins:/home/ws2/ros2_ws/install/polygon_base:/home/ws2/ros2_ws/install/my_package:/home/ws2/ros2_ws/install/more_interfaces:/home/ws2/ros2_ws/install/ardupilot_sitl:/home/ws2/ros2_ws/install/micro_ros_agent:/home/ws2/ros2_ws/install/examples_rclcpp_wait_set:/home/ws2/ros2_ws/install/examples_rclcpp_multithreaded_executor:/home/ws2/ros2_ws/install/examples_rclcpp_minimal_timer:/home/ws2/ros2_ws/install/examples_rclcpp_minimal_subscriber:/home/ws2/ros2_ws/install/examples_rclcpp_minimal_service:/home/ws2/ros2_ws/install/examples_rclcpp_minimal_publisher:/home/ws2/ros2_ws/install/examples_rclcpp_minimal_composition:/home/ws2/ros2_ws/install/examples_rclcpp_minimal_client:/home/ws2/ros2_ws/install/examples_rclcpp_minimal_action_server:/home/ws2/ros2_ws/install/examples_rclcpp_minimal_action_client:/home/ws2/ros2_ws/install/examples_rclcpp_cbg_executor:/home/ws2/ros2_ws/install/examples_rclcpp_async_client:/home/ws2/ros2_ws/install/cpp_pubsub:/home/ws2/ros2_ws/install/ardupilot_sitl_models:/home/ws2/ros2_ws/install/ardupilot_msgs:/home/ws2/ros2_ws/install/ardupilot_gz_gazebo:/home/ws2/ros2_ws/install/ardupilot_gz_description:/home/ws2/ros2_ws/install/ardupilot_gz_application:/home/ws2/ros2_ws/install/ardupilot_gazebo:/home/ws2/ros2_ws/install/action_tutorials_interfaces:/home/ws2/glenn/ros2/install/realsense2_description:/home/ws2/glenn/ros2/install/realsense2_camera:/home/ws2/glenn/ros2/install/realsense2_camera_msgs:/home/ws2/glenn/ros2/install/nav_action:/home/ws2/glenn/ros2/install/mavros_extras:/home/ws2/glenn/ros2/install/mavros:/home/ws2/glenn/ros2/install/mavros_msgs:/home/ws2/glenn/ros2/install/libmavconn:/home/ws2/glenn/ros2/install/mavlink:/home/ws2/glenn/ros2/install/drone_test_action:/home/ws2/ros2_ws/install/py_srvcli:/home/ws2/ros2_ws/install/py_pubsub:/home/ws2/ros2_ws/install/ardupilot_ros:/home/ws2/ros2_ws/install/python_parameters:/home/ws2/ros2_ws/install/mission_test:/home/ws2/ros2_ws/install/ardupilot_dds_tests:/home/ws2/ros2_ws/install/launch_testing_examples:/home/ws2/ros2_ws/install/jetson_pkg:/home/ws2/ros2_ws/install/examples_rclpy_pointcloud_publisher:/home/ws2/ros2_ws/install/examples_rclpy_minimal_subscriber:/home/ws2/ros2_ws/install/examples_rclpy_minimal_service:/home/ws2/ros2_ws/install/examples_rclpy_minimal_publisher:/home/ws2/ros2_ws/install/examples_rclpy_minimal_client:/home/ws2/ros2_ws/install/examples_rclpy_minimal_action_server:/home/ws2/ros2_ws/install/examples_rclpy_minimal_action_client:/home/ws2/ros2_ws/install/examples_rclpy_guard_conditions:/home/ws2/ros2_ws/install/examples_rclpy_executors:/home/ws2/glenn/ros2/install/vision:/home/ws2/glenn/ros2/install/nav:/home/ws2/glenn/ros2/install/gps:/home/ws2/glenn/ros2/install/drone_test:/home/ws2/glenn/ros2/install/isaac_ros_test:/home/ws2/glenn/ros2/install/GPS:/opt/ros/humble CONDA_PROMPT_MODIFIER=(base) GZ_SIM_PLUGIn_PATH=/home/ws2/ros2_ws/src/ardupilot_gz/install/ardupilot_gz_gazebo/lib/ardupilot_gz_gazebo GZ_SIM_RESOURCE_PATH=/home/ws2/ros2_ws/src/ardupilot_gz/install/ardupilot_gz_gazebo/share/ardupilot_gz_gazebo/worlds:/home/ws2/ros2_ws/src/ardupilot_gz/install/ardupilot_gz_description/share/ardupilot_gz_description/models:${GZ_SIM_RESOURCE_PATH} /home/ws2/.local/bin/cmake --build /home/ws2/ros2_ws/src/ardupilot_gz/build/ardupilot_gz_bringup -- -j24 -l24
[3.565s] DEBUG:colcon.colcon_core.event_handler.log_command:Invoked command in '/home/ws2/ros2_ws/src/ardupilot_gz/build/ardupilot_gz_bringup' returned '0': AMENT_PREFIX_PATH=/home/ws2/ros2_ws/src/ardupilot_gz/install/ardupilot_gz_gazebo:/home/ws2/ros2_ws/src/ardupilot_gz/install/ardupilot_gz_description:${AMENT_PREFIX_PATH} CMAKE_PREFIX_PATH=/home/ws2/ros2_ws/src/ardupilot_gz/install/ardupilot_gz_gazebo:/home/ws2/ros2_ws/src/ardupilot_gz/install/ardupilot_gz_description:/home/ws2/ros2_ws/install/tutorial_interfaces:/home/ws2/ros2_ws/install/turtlesim:/home/ws2/ros2_ws/install/ros_ign:/home/ws2/ros2_ws/install/ros_ign_gazebo_demos:/home/ws2/ros2_ws/install/ros_gz:/home/ws2/ros2_ws/install/ros_gz_sim_demos:/home/ws2/ros2_ws/install/ardupilot_gz_bringup:/home/ws2/ros2_ws/install/sdformat_urdf:/home/ws2/ros2_ws/install/sdformat_test_files:/home/ws2/ros2_ws/install/ros_ign_interfaces:/home/ws2/ros2_ws/install/ros_ign_image:/home/ws2/ros2_ws/install/ros_ign_gazebo:/home/ws2/ros2_ws/install/ros_ign_bridge:/home/ws2/ros2_ws/install/ros_gz_sim:/home/ws2/ros2_ws/install/ros_gz_image:/home/ws2/ros2_ws/install/ros_gz_bridge:/home/ws2/ros2_ws/install/ros_gz_interfaces:/home/ws2/ros2_ws/install/polygon_plugins:/home/ws2/ros2_ws/install/polygon_base:/home/ws2/ros2_ws/install/my_package:/home/ws2/ros2_ws/install/more_interfaces:/home/ws2/ros2_ws/install/ardupilot_sitl:/home/ws2/ros2_ws/install/micro_ros_agent:/home/ws2/ros2_ws/install/examples_rclcpp_wait_set:/home/ws2/ros2_ws/install/examples_rclcpp_multithreaded_executor:/home/ws2/ros2_ws/install/examples_rclcpp_minimal_timer:/home/ws2/ros2_ws/install/examples_rclcpp_minimal_subscriber:/home/ws2/ros2_ws/install/examples_rclcpp_minimal_service:/home/ws2/ros2_ws/install/examples_rclcpp_minimal_publisher:/home/ws2/ros2_ws/install/examples_rclcpp_minimal_composition:/home/ws2/ros2_ws/install/examples_rclcpp_minimal_client:/home/ws2/ros2_ws/install/examples_rclcpp_minimal_action_server:/home/ws2/ros2_ws/install/examples_rclcpp_minimal_action_client:/home/ws2/ros2_ws/install/examples_rclcpp_cbg_executor:/home/ws2/ros2_ws/install/examples_rclcpp_async_client:/home/ws2/ros2_ws/install/cpp_pubsub:/home/ws2/ros2_ws/install/ardupilot_sitl_models:/home/ws2/ros2_ws/install/ardupilot_msgs:/home/ws2/ros2_ws/install/ardupilot_gz_gazebo:/home/ws2/ros2_ws/install/ardupilot_gz_description:/home/ws2/ros2_ws/install/ardupilot_gz_application:/home/ws2/ros2_ws/install/ardupilot_gazebo:/home/ws2/ros2_ws/install/action_tutorials_interfaces:/home/ws2/glenn/ros2/install/realsense2_description:/home/ws2/glenn/ros2/install/realsense2_camera:/home/ws2/glenn/ros2/install/realsense2_camera_msgs:/home/ws2/glenn/ros2/install/nav_action:/home/ws2/glenn/ros2/install/mavros_extras:/home/ws2/glenn/ros2/install/mavros:/home/ws2/glenn/ros2/install/mavros_msgs:/home/ws2/glenn/ros2/install/libmavconn:/home/ws2/glenn/ros2/install/mavlink:/home/ws2/glenn/ros2/install/drone_test_action:/home/ws2/ros2_ws/install/py_srvcli:/home/ws2/ros2_ws/install/py_pubsub:/home/ws2/ros2_ws/install/ardupilot_ros:/home/ws2/ros2_ws/install/python_parameters:/home/ws2/ros2_ws/install/mission_test:/home/ws2/ros2_ws/install/ardupilot_dds_tests:/home/ws2/ros2_ws/install/launch_testing_examples:/home/ws2/ros2_ws/install/jetson_pkg:/home/ws2/ros2_ws/install/examples_rclpy_pointcloud_publisher:/home/ws2/ros2_ws/install/examples_rclpy_minimal_subscriber:/home/ws2/ros2_ws/install/examples_rclpy_minimal_service:/home/ws2/ros2_ws/install/examples_rclpy_minimal_publisher:/home/ws2/ros2_ws/install/examples_rclpy_minimal_client:/home/ws2/ros2_ws/install/examples_rclpy_minimal_action_server:/home/ws2/ros2_ws/install/examples_rclpy_minimal_action_client:/home/ws2/ros2_ws/install/examples_rclpy_guard_conditions:/home/ws2/ros2_ws/install/examples_rclpy_executors:/home/ws2/glenn/ros2/install/vision:/home/ws2/glenn/ros2/install/nav:/home/ws2/glenn/ros2/install/gps:/home/ws2/glenn/ros2/install/drone_test:/home/ws2/glenn/ros2/install/isaac_ros_test:/home/ws2/glenn/ros2/install/GPS:/opt/ros/humble CONDA_PROMPT_MODIFIER=(base) GZ_SIM_PLUGIn_PATH=/home/ws2/ros2_ws/src/ardupilot_gz/install/ardupilot_gz_gazebo/lib/ardupilot_gz_gazebo GZ_SIM_RESOURCE_PATH=/home/ws2/ros2_ws/src/ardupilot_gz/install/ardupilot_gz_gazebo/share/ardupilot_gz_gazebo/worlds:/home/ws2/ros2_ws/src/ardupilot_gz/install/ardupilot_gz_description/share/ardupilot_gz_description/models:${GZ_SIM_RESOURCE_PATH} /home/ws2/.local/bin/cmake --build /home/ws2/ros2_ws/src/ardupilot_gz/build/ardupilot_gz_bringup -- -j24 -l24
[3.595s] DEBUG:colcon.colcon_core.event_handler.log_command:Invoking command in '/home/ws2/ros2_ws/src/ardupilot_gz/build/ardupilot_gz_bringup': AMENT_PREFIX_PATH=/home/ws2/ros2_ws/src/ardupilot_gz/install/ardupilot_gz_gazebo:/home/ws2/ros2_ws/src/ardupilot_gz/install/ardupilot_gz_description:${AMENT_PREFIX_PATH} CMAKE_PREFIX_PATH=/home/ws2/ros2_ws/src/ardupilot_gz/install/ardupilot_gz_gazebo:/home/ws2/ros2_ws/src/ardupilot_gz/install/ardupilot_gz_description:/home/ws2/ros2_ws/install/tutorial_interfaces:/home/ws2/ros2_ws/install/turtlesim:/home/ws2/ros2_ws/install/ros_ign:/home/ws2/ros2_ws/install/ros_ign_gazebo_demos:/home/ws2/ros2_ws/install/ros_gz:/home/ws2/ros2_ws/install/ros_gz_sim_demos:/home/ws2/ros2_ws/install/ardupilot_gz_bringup:/home/ws2/ros2_ws/install/sdformat_urdf:/home/ws2/ros2_ws/install/sdformat_test_files:/home/ws2/ros2_ws/install/ros_ign_interfaces:/home/ws2/ros2_ws/install/ros_ign_image:/home/ws2/ros2_ws/install/ros_ign_gazebo:/home/ws2/ros2_ws/install/ros_ign_bridge:/home/ws2/ros2_ws/install/ros_gz_sim:/home/ws2/ros2_ws/install/ros_gz_image:/home/ws2/ros2_ws/install/ros_gz_bridge:/home/ws2/ros2_ws/install/ros_gz_interfaces:/home/ws2/ros2_ws/install/polygon_plugins:/home/ws2/ros2_ws/install/polygon_base:/home/ws2/ros2_ws/install/my_package:/home/ws2/ros2_ws/install/more_interfaces:/home/ws2/ros2_ws/install/ardupilot_sitl:/home/ws2/ros2_ws/install/micro_ros_agent:/home/ws2/ros2_ws/install/examples_rclcpp_wait_set:/home/ws2/ros2_ws/install/examples_rclcpp_multithreaded_executor:/home/ws2/ros2_ws/install/examples_rclcpp_minimal_timer:/home/ws2/ros2_ws/install/examples_rclcpp_minimal_subscriber:/home/ws2/ros2_ws/install/examples_rclcpp_minimal_service:/home/ws2/ros2_ws/install/examples_rclcpp_minimal_publisher:/home/ws2/ros2_ws/install/examples_rclcpp_minimal_composition:/home/ws2/ros2_ws/install/examples_rclcpp_minimal_client:/home/ws2/ros2_ws/install/examples_rclcpp_minimal_action_server:/home/ws2/ros2_ws/install/examples_rclcpp_minimal_action_client:/home/ws2/ros2_ws/install/examples_rclcpp_cbg_executor:/home/ws2/ros2_ws/install/examples_rclcpp_async_client:/home/ws2/ros2_ws/install/cpp_pubsub:/home/ws2/ros2_ws/install/ardupilot_sitl_models:/home/ws2/ros2_ws/install/ardupilot_msgs:/home/ws2/ros2_ws/install/ardupilot_gz_gazebo:/home/ws2/ros2_ws/install/ardupilot_gz_description:/home/ws2/ros2_ws/install/ardupilot_gz_application:/home/ws2/ros2_ws/install/ardupilot_gazebo:/home/ws2/ros2_ws/install/action_tutorials_interfaces:/home/ws2/glenn/ros2/install/realsense2_description:/home/ws2/glenn/ros2/install/realsense2_camera:/home/ws2/glenn/ros2/install/realsense2_camera_msgs:/home/ws2/glenn/ros2/install/nav_action:/home/ws2/glenn/ros2/install/mavros_extras:/home/ws2/glenn/ros2/install/mavros:/home/ws2/glenn/ros2/install/mavros_msgs:/home/ws2/glenn/ros2/install/libmavconn:/home/ws2/glenn/ros2/install/mavlink:/home/ws2/glenn/ros2/install/drone_test_action:/home/ws2/ros2_ws/install/py_srvcli:/home/ws2/ros2_ws/install/py_pubsub:/home/ws2/ros2_ws/install/ardupilot_ros:/home/ws2/ros2_ws/install/python_parameters:/home/ws2/ros2_ws/install/mission_test:/home/ws2/ros2_ws/install/ardupilot_dds_tests:/home/ws2/ros2_ws/install/launch_testing_examples:/home/ws2/ros2_ws/install/jetson_pkg:/home/ws2/ros2_ws/install/examples_rclpy_pointcloud_publisher:/home/ws2/ros2_ws/install/examples_rclpy_minimal_subscriber:/home/ws2/ros2_ws/install/examples_rclpy_minimal_service:/home/ws2/ros2_ws/install/examples_rclpy_minimal_publisher:/home/ws2/ros2_ws/install/examples_rclpy_minimal_client:/home/ws2/ros2_ws/install/examples_rclpy_minimal_action_server:/home/ws2/ros2_ws/install/examples_rclpy_minimal_action_client:/home/ws2/ros2_ws/install/examples_rclpy_guard_conditions:/home/ws2/ros2_ws/install/examples_rclpy_executors:/home/ws2/glenn/ros2/install/vision:/home/ws2/glenn/ros2/install/nav:/home/ws2/glenn/ros2/install/gps:/home/ws2/glenn/ros2/install/drone_test:/home/ws2/glenn/ros2/install/isaac_ros_test:/home/ws2/glenn/ros2/install/GPS:/opt/ros/humble CONDA_PROMPT_MODIFIER=(base) GZ_SIM_PLUGIn_PATH=/home/ws2/ros2_ws/src/ardupilot_gz/install/ardupilot_gz_gazebo/lib/ardupilot_gz_gazebo GZ_SIM_RESOURCE_PATH=/home/ws2/ros2_ws/src/ardupilot_gz/install/ardupilot_gz_gazebo/share/ardupilot_gz_gazebo/worlds:/home/ws2/ros2_ws/src/ardupilot_gz/install/ardupilot_gz_description/share/ardupilot_gz_description/models:${GZ_SIM_RESOURCE_PATH} /home/ws2/.local/bin/cmake --install /home/ws2/ros2_ws/src/ardupilot_gz/build/ardupilot_gz_bringup
[3.618s] Level 1:colcon.colcon_core.environment:create_environment_scripts_only(ardupilot_gz_bringup)
[3.619s] Level 1:colcon.colcon_core.environment:checking '/home/ws2/ros2_ws/src/ardupilot_gz/install/ardupilot_gz_bringup' for CMake module files
[3.619s] DEBUG:colcon.colcon_core.event_handler.log_command:Invoked command in '/home/ws2/ros2_ws/src/ardupilot_gz/build/ardupilot_gz_bringup' returned '0': AMENT_PREFIX_PATH=/home/ws2/ros2_ws/src/ardupilot_gz/install/ardupilot_gz_gazebo:/home/ws2/ros2_ws/src/ardupilot_gz/install/ardupilot_gz_description:${AMENT_PREFIX_PATH} CMAKE_PREFIX_PATH=/home/ws2/ros2_ws/src/ardupilot_gz/install/ardupilot_gz_gazebo:/home/ws2/ros2_ws/src/ardupilot_gz/install/ardupilot_gz_description:/home/ws2/ros2_ws/install/tutorial_interfaces:/home/ws2/ros2_ws/install/turtlesim:/home/ws2/ros2_ws/install/ros_ign:/home/ws2/ros2_ws/install/ros_ign_gazebo_demos:/home/ws2/ros2_ws/install/ros_gz:/home/ws2/ros2_ws/install/ros_gz_sim_demos:/home/ws2/ros2_ws/install/ardupilot_gz_bringup:/home/ws2/ros2_ws/install/sdformat_urdf:/home/ws2/ros2_ws/install/sdformat_test_files:/home/ws2/ros2_ws/install/ros_ign_interfaces:/home/ws2/ros2_ws/install/ros_ign_image:/home/ws2/ros2_ws/install/ros_ign_gazebo:/home/ws2/ros2_ws/install/ros_ign_bridge:/home/ws2/ros2_ws/install/ros_gz_sim:/home/ws2/ros2_ws/install/ros_gz_image:/home/ws2/ros2_ws/install/ros_gz_bridge:/home/ws2/ros2_ws/install/ros_gz_interfaces:/home/ws2/ros2_ws/install/polygon_plugins:/home/ws2/ros2_ws/install/polygon_base:/home/ws2/ros2_ws/install/my_package:/home/ws2/ros2_ws/install/more_interfaces:/home/ws2/ros2_ws/install/ardupilot_sitl:/home/ws2/ros2_ws/install/micro_ros_agent:/home/ws2/ros2_ws/install/examples_rclcpp_wait_set:/home/ws2/ros2_ws/install/examples_rclcpp_multithreaded_executor:/home/ws2/ros2_ws/install/examples_rclcpp_minimal_timer:/home/ws2/ros2_ws/install/examples_rclcpp_minimal_subscriber:/home/ws2/ros2_ws/install/examples_rclcpp_minimal_service:/home/ws2/ros2_ws/install/examples_rclcpp_minimal_publisher:/home/ws2/ros2_ws/install/examples_rclcpp_minimal_composition:/home/ws2/ros2_ws/install/examples_rclcpp_minimal_client:/home/ws2/ros2_ws/install/examples_rclcpp_minimal_action_server:/home/ws2/ros2_ws/install/examples_rclcpp_minimal_action_client:/home/ws2/ros2_ws/install/examples_rclcpp_cbg_executor:/home/ws2/ros2_ws/install/examples_rclcpp_async_client:/home/ws2/ros2_ws/install/cpp_pubsub:/home/ws2/ros2_ws/install/ardupilot_sitl_models:/home/ws2/ros2_ws/install/ardupilot_msgs:/home/ws2/ros2_ws/install/ardupilot_gz_gazebo:/home/ws2/ros2_ws/install/ardupilot_gz_description:/home/ws2/ros2_ws/install/ardupilot_gz_application:/home/ws2/ros2_ws/install/ardupilot_gazebo:/home/ws2/ros2_ws/install/action_tutorials_interfaces:/home/ws2/glenn/ros2/install/realsense2_description:/home/ws2/glenn/ros2/install/realsense2_camera:/home/ws2/glenn/ros2/install/realsense2_camera_msgs:/home/ws2/glenn/ros2/install/nav_action:/home/ws2/glenn/ros2/install/mavros_extras:/home/ws2/glenn/ros2/install/mavros:/home/ws2/glenn/ros2/install/mavros_msgs:/home/ws2/glenn/ros2/install/libmavconn:/home/ws2/glenn/ros2/install/mavlink:/home/ws2/glenn/ros2/install/drone_test_action:/home/ws2/ros2_ws/install/py_srvcli:/home/ws2/ros2_ws/install/py_pubsub:/home/ws2/ros2_ws/install/ardupilot_ros:/home/ws2/ros2_ws/install/python_parameters:/home/ws2/ros2_ws/install/mission_test:/home/ws2/ros2_ws/install/ardupilot_dds_tests:/home/ws2/ros2_ws/install/launch_testing_examples:/home/ws2/ros2_ws/install/jetson_pkg:/home/ws2/ros2_ws/install/examples_rclpy_pointcloud_publisher:/home/ws2/ros2_ws/install/examples_rclpy_minimal_subscriber:/home/ws2/ros2_ws/install/examples_rclpy_minimal_service:/home/ws2/ros2_ws/install/examples_rclpy_minimal_publisher:/home/ws2/ros2_ws/install/examples_rclpy_minimal_client:/home/ws2/ros2_ws/install/examples_rclpy_minimal_action_server:/home/ws2/ros2_ws/install/examples_rclpy_minimal_action_client:/home/ws2/ros2_ws/install/examples_rclpy_guard_conditions:/home/ws2/ros2_ws/install/examples_rclpy_executors:/home/ws2/glenn/ros2/install/vision:/home/ws2/glenn/ros2/install/nav:/home/ws2/glenn/ros2/install/gps:/home/ws2/glenn/ros2/install/drone_test:/home/ws2/glenn/ros2/install/isaac_ros_test:/home/ws2/glenn/ros2/install/GPS:/opt/ros/humble CONDA_PROMPT_MODIFIER=(base) GZ_SIM_PLUGIn_PATH=/home/ws2/ros2_ws/src/ardupilot_gz/install/ardupilot_gz_gazebo/lib/ardupilot_gz_gazebo GZ_SIM_RESOURCE_PATH=/home/ws2/ros2_ws/src/ardupilot_gz/install/ardupilot_gz_gazebo/share/ardupilot_gz_gazebo/worlds:/home/ws2/ros2_ws/src/ardupilot_gz/install/ardupilot_gz_description/share/ardupilot_gz_description/models:${GZ_SIM_RESOURCE_PATH} /home/ws2/.local/bin/cmake --install /home/ws2/ros2_ws/src/ardupilot_gz/build/ardupilot_gz_bringup
[3.620s] Level 1:colcon.colcon_core.environment:checking '/home/ws2/ros2_ws/src/ardupilot_gz/install/ardupilot_gz_bringup' for CMake config files
[3.620s] Level 1:colcon.colcon_core.shell:create_environment_hook('ardupilot_gz_bringup', 'cmake_prefix_path')
[3.620s] INFO:colcon.colcon_core.shell:Creating environment hook '/home/ws2/ros2_ws/src/ardupilot_gz/install/ardupilot_gz_bringup/share/ardupilot_gz_bringup/hook/cmake_prefix_path.ps1'
[3.620s] INFO:colcon.colcon_core.shell:Creating environment descriptor '/home/ws2/ros2_ws/src/ardupilot_gz/install/ardupilot_gz_bringup/share/ardupilot_gz_bringup/hook/cmake_prefix_path.dsv'
[3.621s] INFO:colcon.colcon_core.shell:Creating environment hook '/home/ws2/ros2_ws/src/ardupilot_gz/install/ardupilot_gz_bringup/share/ardupilot_gz_bringup/hook/cmake_prefix_path.sh'
[3.621s] Level 1:colcon.colcon_core.environment:checking '/home/ws2/ros2_ws/src/ardupilot_gz/install/ardupilot_gz_bringup/bin'
[3.621s] Level 1:colcon.colcon_core.environment:checking '/home/ws2/ros2_ws/src/ardupilot_gz/install/ardupilot_gz_bringup/lib/pkgconfig/ardupilot_gz_bringup.pc'
[3.621s] Level 1:colcon.colcon_core.environment:checking '/home/ws2/ros2_ws/src/ardupilot_gz/install/ardupilot_gz_bringup/lib/python3.10/site-packages'
[3.621s] Level 1:colcon.colcon_core.environment:checking '/home/ws2/ros2_ws/src/ardupilot_gz/install/ardupilot_gz_bringup/bin'
[3.622s] INFO:colcon.colcon_core.shell:Creating package script '/home/ws2/ros2_ws/src/ardupilot_gz/install/ardupilot_gz_bringup/share/ardupilot_gz_bringup/package.ps1'
[3.622s] INFO:colcon.colcon_core.shell:Creating package descriptor '/home/ws2/ros2_ws/src/ardupilot_gz/install/ardupilot_gz_bringup/share/ardupilot_gz_bringup/package.dsv'
[3.622s] INFO:colcon.colcon_core.shell:Creating package script '/home/ws2/ros2_ws/src/ardupilot_gz/install/ardupilot_gz_bringup/share/ardupilot_gz_bringup/package.sh'
[3.622s] INFO:colcon.colcon_core.shell:Creating package script '/home/ws2/ros2_ws/src/ardupilot_gz/install/ardupilot_gz_bringup/share/ardupilot_gz_bringup/package.bash'
[3.622s] INFO:colcon.colcon_core.shell:Creating package script '/home/ws2/ros2_ws/src/ardupilot_gz/install/ardupilot_gz_bringup/share/ardupilot_gz_bringup/package.zsh'
[3.622s] Level 1:colcon.colcon_core.environment:create_file_with_runtime_dependencies(/home/ws2/ros2_ws/src/ardupilot_gz/install/ardupilot_gz_bringup/share/colcon-core/packages/ardupilot_gz_bringup)
[3.656s] Level 1:colcon.colcon_core.environment:create_environment_scripts_only(ardupilot_gz_bringup)
[3.657s] Level 1:colcon.colcon_core.environment:checking '/home/ws2/ros2_ws/src/ardupilot_gz/install/ardupilot_gz_bringup' for CMake module files
[3.657s] Level 1:colcon.colcon_core.environment:checking '/home/ws2/ros2_ws/src/ardupilot_gz/install/ardupilot_gz_bringup' for CMake config files
[3.657s] Level 1:colcon.colcon_core.shell:create_environment_hook('ardupilot_gz_bringup', 'cmake_prefix_path')
[3.658s] INFO:colcon.colcon_core.shell:Creating environment hook '/home/ws2/ros2_ws/src/ardupilot_gz/install/ardupilot_gz_bringup/share/ardupilot_gz_bringup/hook/cmake_prefix_path.ps1'
[3.658s] INFO:colcon.colcon_core.shell:Creating environment descriptor '/home/ws2/ros2_ws/src/ardupilot_gz/install/ardupilot_gz_bringup/share/ardupilot_gz_bringup/hook/cmake_prefix_path.dsv'
[3.658s] INFO:colcon.colcon_core.shell:Creating environment hook '/home/ws2/ros2_ws/src/ardupilot_gz/install/ardupilot_gz_bringup/share/ardupilot_gz_bringup/hook/cmake_prefix_path.sh'
[3.658s] Level 1:colcon.colcon_core.environment:checking '/home/ws2/ros2_ws/src/ardupilot_gz/install/ardupilot_gz_bringup/bin'
[3.658s] Level 1:colcon.colcon_core.environment:checking '/home/ws2/ros2_ws/src/ardupilot_gz/install/ardupilot_gz_bringup/lib/pkgconfig/ardupilot_gz_bringup.pc'
[3.658s] Level 1:colcon.colcon_core.environment:checking '/home/ws2/ros2_ws/src/ardupilot_gz/install/ardupilot_gz_bringup/lib/python3.10/site-packages'
[3.658s] Level 1:colcon.colcon_core.environment:checking '/home/ws2/ros2_ws/src/ardupilot_gz/install/ardupilot_gz_bringup/bin'
[3.659s] INFO:colcon.colcon_core.shell:Creating package script '/home/ws2/ros2_ws/src/ardupilot_gz/install/ardupilot_gz_bringup/share/ardupilot_gz_bringup/package.ps1'
[3.659s] INFO:colcon.colcon_core.shell:Creating package descriptor '/home/ws2/ros2_ws/src/ardupilot_gz/install/ardupilot_gz_bringup/share/ardupilot_gz_bringup/package.dsv'
[3.659s] INFO:colcon.colcon_core.shell:Creating package script '/home/ws2/ros2_ws/src/ardupilot_gz/install/ardupilot_gz_bringup/share/ardupilot_gz_bringup/package.sh'
[3.660s] INFO:colcon.colcon_core.shell:Creating package script '/home/ws2/ros2_ws/src/ardupilot_gz/install/ardupilot_gz_bringup/share/ardupilot_gz_bringup/package.bash'
[3.660s] INFO:colcon.colcon_core.shell:Creating package script '/home/ws2/ros2_ws/src/ardupilot_gz/install/ardupilot_gz_bringup/share/ardupilot_gz_bringup/package.zsh'
[3.660s] Level 1:colcon.colcon_core.environment:create_file_with_runtime_dependencies(/home/ws2/ros2_ws/src/ardupilot_gz/install/ardupilot_gz_bringup/share/colcon-core/packages/ardupilot_gz_bringup)
[3.660s] DEBUG:colcon.colcon_parallel_executor.executor.parallel:closing loop
[3.660s] DEBUG:colcon.colcon_parallel_executor.executor.parallel:loop closed
[3.660s] DEBUG:colcon.colcon_parallel_executor.executor.parallel:run_until_complete finished with '0'
[3.660s] DEBUG:colcon.colcon_core.event_reactor:joining thread
[3.664s] INFO:colcon.colcon_core.plugin_system:Skipping extension 'colcon_notification.desktop_notification.terminal_notifier': Not used on non-Darwin systems
[3.664s] INFO:colcon.colcon_core.plugin_system:Skipping extension 'colcon_notification.desktop_notification.win32': Not used on non-Windows systems
[3.664s] INFO:colcon.colcon_notification.desktop_notification:Sending desktop notification using 'notify2'
[3.667s] DEBUG:colcon.colcon_core.event_reactor:joined thread
[3.668s] INFO:colcon.colcon_core.shell:Creating prefix script '/home/ws2/ros2_ws/src/ardupilot_gz/install/local_setup.ps1'
[3.669s] INFO:colcon.colcon_core.shell:Creating prefix util module '/home/ws2/ros2_ws/src/ardupilot_gz/install/_local_setup_util_ps1.py'
[3.670s] INFO:colcon.colcon_core.shell:Creating prefix chain script '/home/ws2/ros2_ws/src/ardupilot_gz/install/setup.ps1'
[3.675s] INFO:colcon.colcon_core.shell:Creating prefix script '/home/ws2/ros2_ws/src/ardupilot_gz/install/local_setup.sh'
[3.676s] INFO:colcon.colcon_core.shell:Creating prefix util module '/home/ws2/ros2_ws/src/ardupilot_gz/install/_local_setup_util_sh.py'
[3.677s] INFO:colcon.colcon_core.shell:Creating prefix chain script '/home/ws2/ros2_ws/src/ardupilot_gz/install/setup.sh'
[3.678s] INFO:colcon.colcon_core.shell:Creating prefix script '/home/ws2/ros2_ws/src/ardupilot_gz/install/local_setup.bash'
[3.679s] INFO:colcon.colcon_core.shell:Creating prefix chain script '/home/ws2/ros2_ws/src/ardupilot_gz/install/setup.bash'
[3.681s] INFO:colcon.colcon_core.shell:Creating prefix script '/home/ws2/ros2_ws/src/ardupilot_gz/install/local_setup.zsh'
[3.681s] INFO:colcon.colcon_core.shell:Creating prefix chain script '/home/ws2/ros2_ws/src/ardupilot_gz/install/setup.zsh'
