[0.159s] DEBUG:colcon:Command line arguments: ['/usr/bin/colcon', 'build', '--allow-overriding', 'ardupilot_gz_description', 'ardupilot_gz_gazebo']
[0.159s] DEBUG:colcon:Parsed command line arguments: Namespace(log_base=None, log_level=None, verb_name='build', build_base='build', install_base='install', merge_install=False, symlink_install=False, test_result_base=None, continue_on_error=False, executor='parallel', parallel_workers=24, event_handlers=None, ignore_user_meta=False, metas=['./colcon.meta'], base_paths=['.'], packages_ignore=None, packages_ignore_regex=None, paths=None, packages_up_to=None, packages_up_to_regex=None, packages_above=None, packages_above_and_dependencies=None, packages_above_depth=None, packages_select_by_dep=None, packages_skip_by_dep=None, packages_skip_up_to=None, packages_select_build_failed=False, packages_skip_build_finished=False, packages_select_test_failures=False, packages_skip_test_passed=False, packages_select=None, packages_skip=None, packages_select_regex=None, packages_skip_regex=None, packages_start=None, packages_end=None, allow_overriding=['ardupilot_gz_description', 'ardupilot_gz_gazebo'], cmake_args=None, cmake_target=None, cmake_target_skip_unavailable=False, cmake_clean_cache=False, cmake_clean_first=False, cmake_force_configure=False, ament_cmake_args=None, catkin_cmake_args=None, catkin_skip_building_tests=False, verb_parser=<colcon_defaults.argument_parser.defaults.DefaultArgumentsDecorator object at 0x7fb59c642530>, verb_extension=<colcon_core.verb.build.BuildVerb object at 0x7fb59d0bb070>, main=<bound method BuildVerb.main of <colcon_core.verb.build.BuildVerb object at 0x7fb59d0bb070>>)
[0.171s] Level 1:colcon.colcon_core.package_discovery:discover_packages(colcon_meta) check parameters
[0.171s] Level 1:colcon.colcon_core.package_discovery:discover_packages(recursive) check parameters
[0.171s] Level 1:colcon.colcon_core.package_discovery:discover_packages(ignore) check parameters
[0.171s] Level 1:colcon.colcon_core.package_discovery:discover_packages(path) check parameters
[0.171s] Level 1:colcon.colcon_core.package_discovery:discover_packages(colcon_meta) discover
[0.171s] Level 1:colcon.colcon_core.package_discovery:discover_packages(recursive) discover
[0.171s] INFO:colcon.colcon_core.package_discovery:Crawling recursively for packages in '/home/ws2/ros2_ws/src/ardupilot_gz'
[0.171s] Level 1:colcon.colcon_core.package_identification:_identify(.) by extensions ['ignore', 'ignore_ament_install']
[0.171s] Level 1:colcon.colcon_core.package_identification:_identify(.) by extension 'ignore'
[0.171s] Level 1:colcon.colcon_core.package_identification:_identify(.) by extension 'ignore_ament_install'
[0.171s] Level 1:colcon.colcon_core.package_identification:_identify(.) by extensions ['colcon_pkg']
[0.171s] Level 1:colcon.colcon_core.package_identification:_identify(.) by extension 'colcon_pkg'
[0.171s] Level 1:colcon.colcon_core.package_identification:_identify(.) by extensions ['colcon_meta']
[0.171s] Level 1:colcon.colcon_core.package_identification:_identify(.) by extension 'colcon_meta'
[0.171s] Level 1:colcon.colcon_core.package_identification:_identify(.) by extensions ['ros']
[0.171s] Level 1:colcon.colcon_core.package_identification:_identify(.) by extension 'ros'
[0.177s] Level 1:colcon.colcon_core.package_identification:_identify(.) by extensions ['cmake', 'python']
[0.177s] Level 1:colcon.colcon_core.package_identification:_identify(.) by extension 'cmake'
[0.177s] Level 1:colcon.colcon_core.package_identification:_identify(.) by extension 'python'
[0.177s] Level 1:colcon.colcon_core.package_identification:_identify(.) by extensions ['python_setup_py']
[0.177s] Level 1:colcon.colcon_core.package_identification:_identify(.) by extension 'python_setup_py'
[0.177s] Level 1:colcon.colcon_core.package_identification:_identify(ardupilot_gz_application) by extensions ['ignore', 'ignore_ament_install']
[0.177s] Level 1:colcon.colcon_core.package_identification:_identify(ardupilot_gz_application) by extension 'ignore'
[0.177s] Level 1:colcon.colcon_core.package_identification:_identify(ardupilot_gz_application) by extension 'ignore_ament_install'
[0.177s] Level 1:colcon.colcon_core.package_identification:_identify(ardupilot_gz_application) by extensions ['colcon_pkg']
[0.177s] Level 1:colcon.colcon_core.package_identification:_identify(ardupilot_gz_application) by extension 'colcon_pkg'
[0.177s] Level 1:colcon.colcon_core.package_identification:_identify(ardupilot_gz_application) by extensions ['colcon_meta']
[0.177s] Level 1:colcon.colcon_core.package_identification:_identify(ardupilot_gz_application) by extension 'colcon_meta'
[0.177s] Level 1:colcon.colcon_core.package_identification:_identify(ardupilot_gz_application) by extensions ['ros']
[0.177s] Level 1:colcon.colcon_core.package_identification:_identify(ardupilot_gz_application) by extension 'ros'
[0.178s] DEBUG:colcon.colcon_core.package_identification:Package 'ardupilot_gz_application' with type 'ros.ament_cmake' and name 'ardupilot_gz_application'
[0.178s] Level 1:colcon.colcon_core.package_identification:_identify(ardupilot_gz_bringup) by extensions ['ignore', 'ignore_ament_install']
[0.178s] Level 1:colcon.colcon_core.package_identification:_identify(ardupilot_gz_bringup) by extension 'ignore'
[0.178s] Level 1:colcon.colcon_core.package_identification:_identify(ardupilot_gz_bringup) by extension 'ignore_ament_install'
[0.178s] Level 1:colcon.colcon_core.package_identification:_identify(ardupilot_gz_bringup) by extensions ['colcon_pkg']
[0.178s] Level 1:colcon.colcon_core.package_identification:_identify(ardupilot_gz_bringup) by extension 'colcon_pkg'
[0.178s] Level 1:colcon.colcon_core.package_identification:_identify(ardupilot_gz_bringup) by extensions ['colcon_meta']
[0.178s] Level 1:colcon.colcon_core.package_identification:_identify(ardupilot_gz_bringup) by extension 'colcon_meta'
[0.178s] Level 1:colcon.colcon_core.package_identification:_identify(ardupilot_gz_bringup) by extensions ['ros']
[0.178s] Level 1:colcon.colcon_core.package_identification:_identify(ardupilot_gz_bringup) by extension 'ros'
[0.178s] DEBUG:colcon.colcon_core.package_identification:Package 'ardupilot_gz_bringup' with type 'ros.ament_cmake' and name 'ardupilot_gz_bringup'
[0.178s] Level 1:colcon.colcon_core.package_identification:_identify(ardupilot_gz_description) by extensions ['ignore', 'ignore_ament_install']
[0.179s] Level 1:colcon.colcon_core.package_identification:_identify(ardupilot_gz_description) by extension 'ignore'
[0.179s] Level 1:colcon.colcon_core.package_identification:_identify(ardupilot_gz_description) by extension 'ignore_ament_install'
[0.179s] Level 1:colcon.colcon_core.package_identification:_identify(ardupilot_gz_description) by extensions ['colcon_pkg']
[0.179s] Level 1:colcon.colcon_core.package_identification:_identify(ardupilot_gz_description) by extension 'colcon_pkg'
[0.179s] Level 1:colcon.colcon_core.package_identification:_identify(ardupilot_gz_description) by extensions ['colcon_meta']
[0.179s] Level 1:colcon.colcon_core.package_identification:_identify(ardupilot_gz_description) by extension 'colcon_meta'
[0.179s] Level 1:colcon.colcon_core.package_identification:_identify(ardupilot_gz_description) by extensions ['ros']
[0.179s] Level 1:colcon.colcon_core.package_identification:_identify(ardupilot_gz_description) by extension 'ros'
[0.179s] DEBUG:colcon.colcon_core.package_identification:Package 'ardupilot_gz_description' with type 'ros.ament_cmake' and name 'ardupilot_gz_description'
[0.179s] Level 1:colcon.colcon_core.package_identification:_identify(ardupilot_gz_gazebo) by extensions ['ignore', 'ignore_ament_install']
[0.179s] Level 1:colcon.colcon_core.package_identification:_identify(ardupilot_gz_gazebo) by extension 'ignore'
[0.179s] Level 1:colcon.colcon_core.package_identification:_identify(ardupilot_gz_gazebo) by extension 'ignore_ament_install'
[0.179s] Level 1:colcon.colcon_core.package_identification:_identify(ardupilot_gz_gazebo) by extensions ['colcon_pkg']
[0.179s] Level 1:colcon.colcon_core.package_identification:_identify(ardupilot_gz_gazebo) by extension 'colcon_pkg'
[0.179s] Level 1:colcon.colcon_core.package_identification:_identify(ardupilot_gz_gazebo) by extensions ['colcon_meta']
[0.179s] Level 1:colcon.colcon_core.package_identification:_identify(ardupilot_gz_gazebo) by extension 'colcon_meta'
[0.179s] Level 1:colcon.colcon_core.package_identification:_identify(ardupilot_gz_gazebo) by extensions ['ros']
[0.179s] Level 1:colcon.colcon_core.package_identification:_identify(ardupilot_gz_gazebo) by extension 'ros'
[0.179s] DEBUG:colcon.colcon_core.package_identification:Package 'ardupilot_gz_gazebo' with type 'ros.ament_cmake' and name 'ardupilot_gz_gazebo'
[0.179s] Level 1:colcon.colcon_core.package_identification:_identify(build) by extensions ['ignore', 'ignore_ament_install']
[0.179s] Level 1:colcon.colcon_core.package_identification:_identify(build) by extension 'ignore'
[0.179s] Level 1:colcon.colcon_core.package_identification:_identify(build) ignored
[0.179s] Level 1:colcon.colcon_core.package_identification:_identify(install) by extensions ['ignore', 'ignore_ament_install']
[0.179s] Level 1:colcon.colcon_core.package_identification:_identify(install) by extension 'ignore'
[0.179s] Level 1:colcon.colcon_core.package_identification:_identify(install) ignored
[0.179s] Level 1:colcon.colcon_core.package_identification:_identify(log) by extensions ['ignore', 'ignore_ament_install']
[0.179s] Level 1:colcon.colcon_core.package_identification:_identify(log) by extension 'ignore'
[0.180s] Level 1:colcon.colcon_core.package_identification:_identify(log) ignored
[0.180s] Level 1:colcon.colcon_core.package_discovery:discover_packages(recursive) using defaults
[0.180s] Level 1:colcon.colcon_core.package_discovery:discover_packages(ignore) discover
[0.180s] Level 1:colcon.colcon_core.package_discovery:discover_packages(ignore) using defaults
[0.180s] Level 1:colcon.colcon_core.package_discovery:discover_packages(path) discover
[0.180s] Level 1:colcon.colcon_core.package_discovery:discover_packages(path) using defaults
[0.191s] Level 1:colcon.colcon_core.package_discovery:discover_packages(prefix_path) check parameters
[0.191s] Level 1:colcon.colcon_core.package_discovery:discover_packages(prefix_path) discover
[0.194s] DEBUG:colcon.colcon_installed_package_information.package_discovery:Found 60 installed packages in /home/ws2/ros2_ws/install
[0.195s] DEBUG:colcon.colcon_installed_package_information.package_discovery:Found 17 installed packages in /home/ws2/glenn/ros2/install
[0.196s] DEBUG:colcon.colcon_installed_package_information.package_discovery:Found 312 installed packages in /opt/ros/humble
[0.197s] Level 1:colcon.colcon_core.package_discovery:discover_packages(prefix_path) using defaults
[0.226s] Level 5:colcon.colcon_core.verb:set package 'ardupilot_gz_application' build argument 'cmake_args' from command line to 'None'
[0.226s] Level 5:colcon.colcon_core.verb:set package 'ardupilot_gz_application' build argument 'cmake_target' from command line to 'None'
[0.226s] Level 5:colcon.colcon_core.verb:set package 'ardupilot_gz_application' build argument 'cmake_target_skip_unavailable' from command line to 'False'
[0.226s] Level 5:colcon.colcon_core.verb:set package 'ardupilot_gz_application' build argument 'cmake_clean_cache' from command line to 'False'
[0.226s] Level 5:colcon.colcon_core.verb:set package 'ardupilot_gz_application' build argument 'cmake_clean_first' from command line to 'False'
[0.226s] Level 5:colcon.colcon_core.verb:set package 'ardupilot_gz_application' build argument 'cmake_force_configure' from command line to 'False'
[0.226s] Level 5:colcon.colcon_core.verb:set package 'ardupilot_gz_application' build argument 'ament_cmake_args' from command line to 'None'
[0.226s] Level 5:colcon.colcon_core.verb:set package 'ardupilot_gz_application' build argument 'catkin_cmake_args' from command line to 'None'
[0.226s] Level 5:colcon.colcon_core.verb:set package 'ardupilot_gz_application' build argument 'catkin_skip_building_tests' from command line to 'False'
[0.226s] DEBUG:colcon.colcon_core.verb:Building package 'ardupilot_gz_application' with the following arguments: {'ament_cmake_args': None, 'build_base': '/home/ws2/ros2_ws/src/ardupilot_gz/build/ardupilot_gz_application', 'catkin_cmake_args': None, 'catkin_skip_building_tests': False, 'cmake_args': None, 'cmake_clean_cache': False, 'cmake_clean_first': False, 'cmake_force_configure': False, 'cmake_target': None, 'cmake_target_skip_unavailable': False, 'install_base': '/home/ws2/ros2_ws/src/ardupilot_gz/install/ardupilot_gz_application', 'merge_install': False, 'path': '/home/ws2/ros2_ws/src/ardupilot_gz/ardupilot_gz_application', 'symlink_install': False, 'test_result_base': None}
[0.227s] Level 5:colcon.colcon_core.verb:set package 'ardupilot_gz_description' build argument 'cmake_args' from command line to 'None'
[0.227s] Level 5:colcon.colcon_core.verb:set package 'ardupilot_gz_description' build argument 'cmake_target' from command line to 'None'
[0.227s] Level 5:colcon.colcon_core.verb:set package 'ardupilot_gz_description' build argument 'cmake_target_skip_unavailable' from command line to 'False'
[0.227s] Level 5:colcon.colcon_core.verb:set package 'ardupilot_gz_description' build argument 'cmake_clean_cache' from command line to 'False'
[0.227s] Level 5:colcon.colcon_core.verb:set package 'ardupilot_gz_description' build argument 'cmake_clean_first' from command line to 'False'
[0.227s] Level 5:colcon.colcon_core.verb:set package 'ardupilot_gz_description' build argument 'cmake_force_configure' from command line to 'False'
[0.227s] Level 5:colcon.colcon_core.verb:set package 'ardupilot_gz_description' build argument 'ament_cmake_args' from command line to 'None'
[0.227s] Level 5:colcon.colcon_core.verb:set package 'ardupilot_gz_description' build argument 'catkin_cmake_args' from command line to 'None'
[0.227s] Level 5:colcon.colcon_core.verb:set package 'ardupilot_gz_description' build argument 'catkin_skip_building_tests' from command line to 'False'
[0.227s] DEBUG:colcon.colcon_core.verb:Building package 'ardupilot_gz_description' with the following arguments: {'ament_cmake_args': None, 'build_base': '/home/ws2/ros2_ws/src/ardupilot_gz/build/ardupilot_gz_description', 'catkin_cmake_args': None, 'catkin_skip_building_tests': False, 'cmake_args': None, 'cmake_clean_cache': False, 'cmake_clean_first': False, 'cmake_force_configure': False, 'cmake_target': None, 'cmake_target_skip_unavailable': False, 'install_base': '/home/ws2/ros2_ws/src/ardupilot_gz/install/ardupilot_gz_description', 'merge_install': False, 'path': '/home/ws2/ros2_ws/src/ardupilot_gz/ardupilot_gz_description', 'symlink_install': False, 'test_result_base': None}
[0.227s] Level 5:colcon.colcon_core.verb:set package 'ardupilot_gz_gazebo' build argument 'cmake_args' from command line to 'None'
[0.227s] Level 5:colcon.colcon_core.verb:set package 'ardupilot_gz_gazebo' build argument 'cmake_target' from command line to 'None'
[0.227s] Level 5:colcon.colcon_core.verb:set package 'ardupilot_gz_gazebo' build argument 'cmake_target_skip_unavailable' from command line to 'False'
[0.227s] Level 5:colcon.colcon_core.verb:set package 'ardupilot_gz_gazebo' build argument 'cmake_clean_cache' from command line to 'False'
[0.227s] Level 5:colcon.colcon_core.verb:set package 'ardupilot_gz_gazebo' build argument 'cmake_clean_first' from command line to 'False'
[0.227s] Level 5:colcon.colcon_core.verb:set package 'ardupilot_gz_gazebo' build argument 'cmake_force_configure' from command line to 'False'
[0.227s] Level 5:colcon.colcon_core.verb:set package 'ardupilot_gz_gazebo' build argument 'ament_cmake_args' from command line to 'None'
[0.227s] Level 5:colcon.colcon_core.verb:set package 'ardupilot_gz_gazebo' build argument 'catkin_cmake_args' from command line to 'None'
[0.227s] Level 5:colcon.colcon_core.verb:set package 'ardupilot_gz_gazebo' build argument 'catkin_skip_building_tests' from command line to 'False'
[0.227s] DEBUG:colcon.colcon_core.verb:Building package 'ardupilot_gz_gazebo' with the following arguments: {'ament_cmake_args': None, 'build_base': '/home/ws2/ros2_ws/src/ardupilot_gz/build/ardupilot_gz_gazebo', 'catkin_cmake_args': None, 'catkin_skip_building_tests': False, 'cmake_args': None, 'cmake_clean_cache': False, 'cmake_clean_first': False, 'cmake_force_configure': False, 'cmake_target': None, 'cmake_target_skip_unavailable': False, 'install_base': '/home/ws2/ros2_ws/src/ardupilot_gz/install/ardupilot_gz_gazebo', 'merge_install': False, 'path': '/home/ws2/ros2_ws/src/ardupilot_gz/ardupilot_gz_gazebo', 'symlink_install': False, 'test_result_base': None}
[0.228s] Level 5:colcon.colcon_core.verb:set package 'ardupilot_gz_bringup' build argument 'cmake_args' from command line to 'None'
[0.228s] Level 5:colcon.colcon_core.verb:set package 'ardupilot_gz_bringup' build argument 'cmake_target' from command line to 'None'
[0.228s] Level 5:colcon.colcon_core.verb:set package 'ardupilot_gz_bringup' build argument 'cmake_target_skip_unavailable' from command line to 'False'
[0.228s] Level 5:colcon.colcon_core.verb:set package 'ardupilot_gz_bringup' build argument 'cmake_clean_cache' from command line to 'False'
[0.228s] Level 5:colcon.colcon_core.verb:set package 'ardupilot_gz_bringup' build argument 'cmake_clean_first' from command line to 'False'
[0.228s] Level 5:colcon.colcon_core.verb:set package 'ardupilot_gz_bringup' build argument 'cmake_force_configure' from command line to 'False'
[0.228s] Level 5:colcon.colcon_core.verb:set package 'ardupilot_gz_bringup' build argument 'ament_cmake_args' from command line to 'None'
[0.228s] Level 5:colcon.colcon_core.verb:set package 'ardupilot_gz_bringup' build argument 'catkin_cmake_args' from command line to 'None'
[0.228s] Level 5:colcon.colcon_core.verb:set package 'ardupilot_gz_bringup' build argument 'catkin_skip_building_tests' from command line to 'False'
[0.228s] DEBUG:colcon.colcon_core.verb:Building package 'ardupilot_gz_bringup' with the following arguments: {'ament_cmake_args': None, 'build_base': '/home/ws2/ros2_ws/src/ardupilot_gz/build/ardupilot_gz_bringup', 'catkin_cmake_args': None, 'catkin_skip_building_tests': False, 'cmake_args': None, 'cmake_clean_cache': False, 'cmake_clean_first': False, 'cmake_force_configure': False, 'cmake_target': None, 'cmake_target_skip_unavailable': False, 'install_base': '/home/ws2/ros2_ws/src/ardupilot_gz/install/ardupilot_gz_bringup', 'merge_install': False, 'path': '/home/ws2/ros2_ws/src/ardupilot_gz/ardupilot_gz_bringup', 'symlink_install': False, 'test_result_base': None}
[0.228s] INFO:colcon.colcon_core.executor:Executing jobs using 'parallel' executor
[0.230s] DEBUG:colcon.colcon_parallel_executor.executor.parallel:run_until_complete
[0.230s] INFO:colcon.colcon_ros.task.ament_cmake.build:Building ROS package in '/home/ws2/ros2_ws/src/ardupilot_gz/ardupilot_gz_description' with build type 'ament_cmake'
[0.230s] INFO:colcon.colcon_cmake.task.cmake.build:Building CMake package in '/home/ws2/ros2_ws/src/ardupilot_gz/ardupilot_gz_description'
[0.232s] INFO:colcon.colcon_core.plugin_system:Skipping extension 'colcon_core.shell.bat': Not used on non-Windows systems
[0.232s] INFO:colcon.colcon_core.shell:Skip shell extension 'powershell' for command environment: Not usable outside of PowerShell
[0.232s] DEBUG:colcon.colcon_core.shell:Skip shell extension 'dsv' for command environment
[0.236s] INFO:colcon.colcon_ros.task.ament_cmake.build:Building ROS package in '/home/ws2/ros2_ws/src/ardupilot_gz/ardupilot_gz_gazebo' with build type 'ament_cmake'
[0.236s] INFO:colcon.colcon_cmake.task.cmake.build:Building CMake package in '/home/ws2/ros2_ws/src/ardupilot_gz/ardupilot_gz_gazebo'
[0.237s] INFO:colcon.colcon_core.shell:Skip shell extension 'powershell' for command environment: Not usable outside of PowerShell
[0.237s] DEBUG:colcon.colcon_core.shell:Skip shell extension 'dsv' for command environment
[0.240s] INFO:colcon.colcon_ros.task.ament_cmake.build:Building ROS package in '/home/ws2/ros2_ws/src/ardupilot_gz/ardupilot_gz_application' with build type 'ament_cmake'
[0.240s] INFO:colcon.colcon_cmake.task.cmake.build:Building CMake package in '/home/ws2/ros2_ws/src/ardupilot_gz/ardupilot_gz_application'
[0.241s] INFO:colcon.colcon_core.shell:Skip shell extension 'powershell' for command environment: Not usable outside of PowerShell
[0.241s] DEBUG:colcon.colcon_core.shell:Skip shell extension 'dsv' for command environment
[0.247s] DEBUG:colcon.colcon_core.event_handler.log_command:Invoking command in '/home/ws2/ros2_ws/src/ardupilot_gz/build/ardupilot_gz_description': CMAKE_PREFIX_PATH=${CMAKE_PREFIX_PATH}:/home/ws2/ros2_ws/install/py_srvcli:/home/ws2/ros2_ws/install/py_pubsub:/home/ws2/ros2_ws/install/ardupilot_ros:/home/ws2/ros2_ws/install/python_parameters:/home/ws2/ros2_ws/install/mission_test:/home/ws2/ros2_ws/install/ardupilot_dds_tests:/home/ws2/ros2_ws/install/launch_testing_examples:/home/ws2/ros2_ws/install/jetson_pkg:/home/ws2/ros2_ws/install/examples_rclpy_pointcloud_publisher:/home/ws2/ros2_ws/install/examples_rclpy_minimal_subscriber:/home/ws2/ros2_ws/install/examples_rclpy_minimal_service:/home/ws2/ros2_ws/install/examples_rclpy_minimal_publisher:/home/ws2/ros2_ws/install/examples_rclpy_minimal_client:/home/ws2/ros2_ws/install/examples_rclpy_minimal_action_server:/home/ws2/ros2_ws/install/examples_rclpy_minimal_action_client:/home/ws2/ros2_ws/install/examples_rclpy_guard_conditions:/home/ws2/ros2_ws/install/examples_rclpy_executors:/home/ws2/glenn/ros2/install/vision:/home/ws2/glenn/ros2/install/nav:/home/ws2/glenn/ros2/install/gps:/home/ws2/glenn/ros2/install/drone_test:/home/ws2/glenn/ros2/install/isaac_ros_test:/home/ws2/glenn/ros2/install/GPS:/opt/ros/humble CONDA_PROMPT_MODIFIER=(base) /home/ws2/.local/bin/cmake --build /home/ws2/ros2_ws/src/ardupilot_gz/build/ardupilot_gz_description -- -j24 -l24
[0.249s] DEBUG:colcon.colcon_core.event_handler.log_command:Invoking command in '/home/ws2/ros2_ws/src/ardupilot_gz/build/ardupilot_gz_gazebo': CMAKE_PREFIX_PATH=${CMAKE_PREFIX_PATH}:/home/ws2/ros2_ws/install/py_srvcli:/home/ws2/ros2_ws/install/py_pubsub:/home/ws2/ros2_ws/install/ardupilot_ros:/home/ws2/ros2_ws/install/python_parameters:/home/ws2/ros2_ws/install/mission_test:/home/ws2/ros2_ws/install/ardupilot_dds_tests:/home/ws2/ros2_ws/install/launch_testing_examples:/home/ws2/ros2_ws/install/jetson_pkg:/home/ws2/ros2_ws/install/examples_rclpy_pointcloud_publisher:/home/ws2/ros2_ws/install/examples_rclpy_minimal_subscriber:/home/ws2/ros2_ws/install/examples_rclpy_minimal_service:/home/ws2/ros2_ws/install/examples_rclpy_minimal_publisher:/home/ws2/ros2_ws/install/examples_rclpy_minimal_client:/home/ws2/ros2_ws/install/examples_rclpy_minimal_action_server:/home/ws2/ros2_ws/install/examples_rclpy_minimal_action_client:/home/ws2/ros2_ws/install/examples_rclpy_guard_conditions:/home/ws2/ros2_ws/install/examples_rclpy_executors:/home/ws2/glenn/ros2/install/vision:/home/ws2/glenn/ros2/install/nav:/home/ws2/glenn/ros2/install/gps:/home/ws2/glenn/ros2/install/drone_test:/home/ws2/glenn/ros2/install/isaac_ros_test:/home/ws2/glenn/ros2/install/GPS:/opt/ros/humble CONDA_PROMPT_MODIFIER=(base) /home/ws2/.local/bin/cmake --build /home/ws2/ros2_ws/src/ardupilot_gz/build/ardupilot_gz_gazebo -- -j24 -l24
[0.250s] DEBUG:colcon.colcon_core.event_handler.log_command:Invoking command in '/home/ws2/ros2_ws/src/ardupilot_gz/build/ardupilot_gz_application': CMAKE_PREFIX_PATH=${CMAKE_PREFIX_PATH}:/home/ws2/ros2_ws/install/py_srvcli:/home/ws2/ros2_ws/install/py_pubsub:/home/ws2/ros2_ws/install/ardupilot_ros:/home/ws2/ros2_ws/install/python_parameters:/home/ws2/ros2_ws/install/mission_test:/home/ws2/ros2_ws/install/ardupilot_dds_tests:/home/ws2/ros2_ws/install/launch_testing_examples:/home/ws2/ros2_ws/install/jetson_pkg:/home/ws2/ros2_ws/install/examples_rclpy_pointcloud_publisher:/home/ws2/ros2_ws/install/examples_rclpy_minimal_subscriber:/home/ws2/ros2_ws/install/examples_rclpy_minimal_service:/home/ws2/ros2_ws/install/examples_rclpy_minimal_publisher:/home/ws2/ros2_ws/install/examples_rclpy_minimal_client:/home/ws2/ros2_ws/install/examples_rclpy_minimal_action_server:/home/ws2/ros2_ws/install/examples_rclpy_minimal_action_client:/home/ws2/ros2_ws/install/examples_rclpy_guard_conditions:/home/ws2/ros2_ws/install/examples_rclpy_executors:/home/ws2/glenn/ros2/install/vision:/home/ws2/glenn/ros2/install/nav:/home/ws2/glenn/ros2/install/gps:/home/ws2/glenn/ros2/install/drone_test:/home/ws2/glenn/ros2/install/isaac_ros_test:/home/ws2/glenn/ros2/install/GPS:/opt/ros/humble CONDA_PROMPT_MODIFIER=(base) /home/ws2/.local/bin/cmake --build /home/ws2/ros2_ws/src/ardupilot_gz/build/ardupilot_gz_application -- -j24 -l24
[0.274s] DEBUG:colcon.colcon_core.event_handler.log_command:Invoked command in '/home/ws2/ros2_ws/src/ardupilot_gz/build/ardupilot_gz_description' returned '0': CMAKE_PREFIX_PATH=${CMAKE_PREFIX_PATH}:/home/ws2/ros2_ws/install/py_srvcli:/home/ws2/ros2_ws/install/py_pubsub:/home/ws2/ros2_ws/install/ardupilot_ros:/home/ws2/ros2_ws/install/python_parameters:/home/ws2/ros2_ws/install/mission_test:/home/ws2/ros2_ws/install/ardupilot_dds_tests:/home/ws2/ros2_ws/install/launch_testing_examples:/home/ws2/ros2_ws/install/jetson_pkg:/home/ws2/ros2_ws/install/examples_rclpy_pointcloud_publisher:/home/ws2/ros2_ws/install/examples_rclpy_minimal_subscriber:/home/ws2/ros2_ws/install/examples_rclpy_minimal_service:/home/ws2/ros2_ws/install/examples_rclpy_minimal_publisher:/home/ws2/ros2_ws/install/examples_rclpy_minimal_client:/home/ws2/ros2_ws/install/examples_rclpy_minimal_action_server:/home/ws2/ros2_ws/install/examples_rclpy_minimal_action_client:/home/ws2/ros2_ws/install/examples_rclpy_guard_conditions:/home/ws2/ros2_ws/install/examples_rclpy_executors:/home/ws2/glenn/ros2/install/vision:/home/ws2/glenn/ros2/install/nav:/home/ws2/glenn/ros2/install/gps:/home/ws2/glenn/ros2/install/drone_test:/home/ws2/glenn/ros2/install/isaac_ros_test:/home/ws2/glenn/ros2/install/GPS:/opt/ros/humble CONDA_PROMPT_MODIFIER=(base) /home/ws2/.local/bin/cmake --build /home/ws2/ros2_ws/src/ardupilot_gz/build/ardupilot_gz_description -- -j24 -l24
[0.278s] DEBUG:colcon.colcon_core.event_handler.log_command:Invoked command in '/home/ws2/ros2_ws/src/ardupilot_gz/build/ardupilot_gz_application' returned '0': CMAKE_PREFIX_PATH=${CMAKE_PREFIX_PATH}:/home/ws2/ros2_ws/install/py_srvcli:/home/ws2/ros2_ws/install/py_pubsub:/home/ws2/ros2_ws/install/ardupilot_ros:/home/ws2/ros2_ws/install/python_parameters:/home/ws2/ros2_ws/install/mission_test:/home/ws2/ros2_ws/install/ardupilot_dds_tests:/home/ws2/ros2_ws/install/launch_testing_examples:/home/ws2/ros2_ws/install/jetson_pkg:/home/ws2/ros2_ws/install/examples_rclpy_pointcloud_publisher:/home/ws2/ros2_ws/install/examples_rclpy_minimal_subscriber:/home/ws2/ros2_ws/install/examples_rclpy_minimal_service:/home/ws2/ros2_ws/install/examples_rclpy_minimal_publisher:/home/ws2/ros2_ws/install/examples_rclpy_minimal_client:/home/ws2/ros2_ws/install/examples_rclpy_minimal_action_server:/home/ws2/ros2_ws/install/examples_rclpy_minimal_action_client:/home/ws2/ros2_ws/install/examples_rclpy_guard_conditions:/home/ws2/ros2_ws/install/examples_rclpy_executors:/home/ws2/glenn/ros2/install/vision:/home/ws2/glenn/ros2/install/nav:/home/ws2/glenn/ros2/install/gps:/home/ws2/glenn/ros2/install/drone_test:/home/ws2/glenn/ros2/install/isaac_ros_test:/home/ws2/glenn/ros2/install/GPS:/opt/ros/humble CONDA_PROMPT_MODIFIER=(base) /home/ws2/.local/bin/cmake --build /home/ws2/ros2_ws/src/ardupilot_gz/build/ardupilot_gz_application -- -j24 -l24
[0.282s] DEBUG:colcon.colcon_core.event_handler.log_command:Invoked command in '/home/ws2/ros2_ws/src/ardupilot_gz/build/ardupilot_gz_gazebo' returned '0': CMAKE_PREFIX_PATH=${CMAKE_PREFIX_PATH}:/home/ws2/ros2_ws/install/py_srvcli:/home/ws2/ros2_ws/install/py_pubsub:/home/ws2/ros2_ws/install/ardupilot_ros:/home/ws2/ros2_ws/install/python_parameters:/home/ws2/ros2_ws/install/mission_test:/home/ws2/ros2_ws/install/ardupilot_dds_tests:/home/ws2/ros2_ws/install/launch_testing_examples:/home/ws2/ros2_ws/install/jetson_pkg:/home/ws2/ros2_ws/install/examples_rclpy_pointcloud_publisher:/home/ws2/ros2_ws/install/examples_rclpy_minimal_subscriber:/home/ws2/ros2_ws/install/examples_rclpy_minimal_service:/home/ws2/ros2_ws/install/examples_rclpy_minimal_publisher:/home/ws2/ros2_ws/install/examples_rclpy_minimal_client:/home/ws2/ros2_ws/install/examples_rclpy_minimal_action_server:/home/ws2/ros2_ws/install/examples_rclpy_minimal_action_client:/home/ws2/ros2_ws/install/examples_rclpy_guard_conditions:/home/ws2/ros2_ws/install/examples_rclpy_executors:/home/ws2/glenn/ros2/install/vision:/home/ws2/glenn/ros2/install/nav:/home/ws2/glenn/ros2/install/gps:/home/ws2/glenn/ros2/install/drone_test:/home/ws2/glenn/ros2/install/isaac_ros_test:/home/ws2/glenn/ros2/install/GPS:/opt/ros/humble CONDA_PROMPT_MODIFIER=(base) /home/ws2/.local/bin/cmake --build /home/ws2/ros2_ws/src/ardupilot_gz/build/ardupilot_gz_gazebo -- -j24 -l24
[0.322s] DEBUG:colcon.colcon_core.event_handler.log_command:Invoking command in '/home/ws2/ros2_ws/src/ardupilot_gz/build/ardupilot_gz_description': CMAKE_PREFIX_PATH=${CMAKE_PREFIX_PATH}:/home/ws2/ros2_ws/install/py_srvcli:/home/ws2/ros2_ws/install/py_pubsub:/home/ws2/ros2_ws/install/ardupilot_ros:/home/ws2/ros2_ws/install/python_parameters:/home/ws2/ros2_ws/install/mission_test:/home/ws2/ros2_ws/install/ardupilot_dds_tests:/home/ws2/ros2_ws/install/launch_testing_examples:/home/ws2/ros2_ws/install/jetson_pkg:/home/ws2/ros2_ws/install/examples_rclpy_pointcloud_publisher:/home/ws2/ros2_ws/install/examples_rclpy_minimal_subscriber:/home/ws2/ros2_ws/install/examples_rclpy_minimal_service:/home/ws2/ros2_ws/install/examples_rclpy_minimal_publisher:/home/ws2/ros2_ws/install/examples_rclpy_minimal_client:/home/ws2/ros2_ws/install/examples_rclpy_minimal_action_server:/home/ws2/ros2_ws/install/examples_rclpy_minimal_action_client:/home/ws2/ros2_ws/install/examples_rclpy_guard_conditions:/home/ws2/ros2_ws/install/examples_rclpy_executors:/home/ws2/glenn/ros2/install/vision:/home/ws2/glenn/ros2/install/nav:/home/ws2/glenn/ros2/install/gps:/home/ws2/glenn/ros2/install/drone_test:/home/ws2/glenn/ros2/install/isaac_ros_test:/home/ws2/glenn/ros2/install/GPS:/opt/ros/humble CONDA_PROMPT_MODIFIER=(base) /home/ws2/.local/bin/cmake --install /home/ws2/ros2_ws/src/ardupilot_gz/build/ardupilot_gz_description
[0.323s] DEBUG:colcon.colcon_core.event_handler.log_command:Invoking command in '/home/ws2/ros2_ws/src/ardupilot_gz/build/ardupilot_gz_application': CMAKE_PREFIX_PATH=${CMAKE_PREFIX_PATH}:/home/ws2/ros2_ws/install/py_srvcli:/home/ws2/ros2_ws/install/py_pubsub:/home/ws2/ros2_ws/install/ardupilot_ros:/home/ws2/ros2_ws/install/python_parameters:/home/ws2/ros2_ws/install/mission_test:/home/ws2/ros2_ws/install/ardupilot_dds_tests:/home/ws2/ros2_ws/install/launch_testing_examples:/home/ws2/ros2_ws/install/jetson_pkg:/home/ws2/ros2_ws/install/examples_rclpy_pointcloud_publisher:/home/ws2/ros2_ws/install/examples_rclpy_minimal_subscriber:/home/ws2/ros2_ws/install/examples_rclpy_minimal_service:/home/ws2/ros2_ws/install/examples_rclpy_minimal_publisher:/home/ws2/ros2_ws/install/examples_rclpy_minimal_client:/home/ws2/ros2_ws/install/examples_rclpy_minimal_action_server:/home/ws2/ros2_ws/install/examples_rclpy_minimal_action_client:/home/ws2/ros2_ws/install/examples_rclpy_guard_conditions:/home/ws2/ros2_ws/install/examples_rclpy_executors:/home/ws2/glenn/ros2/install/vision:/home/ws2/glenn/ros2/install/nav:/home/ws2/glenn/ros2/install/gps:/home/ws2/glenn/ros2/install/drone_test:/home/ws2/glenn/ros2/install/isaac_ros_test:/home/ws2/glenn/ros2/install/GPS:/opt/ros/humble CONDA_PROMPT_MODIFIER=(base) /home/ws2/.local/bin/cmake --install /home/ws2/ros2_ws/src/ardupilot_gz/build/ardupilot_gz_application
[0.324s] DEBUG:colcon.colcon_core.event_handler.log_command:Invoking command in '/home/ws2/ros2_ws/src/ardupilot_gz/build/ardupilot_gz_gazebo': CMAKE_PREFIX_PATH=${CMAKE_PREFIX_PATH}:/home/ws2/ros2_ws/install/py_srvcli:/home/ws2/ros2_ws/install/py_pubsub:/home/ws2/ros2_ws/install/ardupilot_ros:/home/ws2/ros2_ws/install/python_parameters:/home/ws2/ros2_ws/install/mission_test:/home/ws2/ros2_ws/install/ardupilot_dds_tests:/home/ws2/ros2_ws/install/launch_testing_examples:/home/ws2/ros2_ws/install/jetson_pkg:/home/ws2/ros2_ws/install/examples_rclpy_pointcloud_publisher:/home/ws2/ros2_ws/install/examples_rclpy_minimal_subscriber:/home/ws2/ros2_ws/install/examples_rclpy_minimal_service:/home/ws2/ros2_ws/install/examples_rclpy_minimal_publisher:/home/ws2/ros2_ws/install/examples_rclpy_minimal_client:/home/ws2/ros2_ws/install/examples_rclpy_minimal_action_server:/home/ws2/ros2_ws/install/examples_rclpy_minimal_action_client:/home/ws2/ros2_ws/install/examples_rclpy_guard_conditions:/home/ws2/ros2_ws/install/examples_rclpy_executors:/home/ws2/glenn/ros2/install/vision:/home/ws2/glenn/ros2/install/nav:/home/ws2/glenn/ros2/install/gps:/home/ws2/glenn/ros2/install/drone_test:/home/ws2/glenn/ros2/install/isaac_ros_test:/home/ws2/glenn/ros2/install/GPS:/opt/ros/humble CONDA_PROMPT_MODIFIER=(base) /home/ws2/.local/bin/cmake --install /home/ws2/ros2_ws/src/ardupilot_gz/build/ardupilot_gz_gazebo
[0.341s] Level 1:colcon.colcon_core.environment:create_environment_scripts_only(ardupilot_gz_description)
[0.342s] DEBUG:colcon.colcon_core.event_handler.log_command:Invoked command in '/home/ws2/ros2_ws/src/ardupilot_gz/build/ardupilot_gz_description' returned '0': CMAKE_PREFIX_PATH=${CMAKE_PREFIX_PATH}:/home/ws2/ros2_ws/install/py_srvcli:/home/ws2/ros2_ws/install/py_pubsub:/home/ws2/ros2_ws/install/ardupilot_ros:/home/ws2/ros2_ws/install/python_parameters:/home/ws2/ros2_ws/install/mission_test:/home/ws2/ros2_ws/install/ardupilot_dds_tests:/home/ws2/ros2_ws/install/launch_testing_examples:/home/ws2/ros2_ws/install/jetson_pkg:/home/ws2/ros2_ws/install/examples_rclpy_pointcloud_publisher:/home/ws2/ros2_ws/install/examples_rclpy_minimal_subscriber:/home/ws2/ros2_ws/install/examples_rclpy_minimal_service:/home/ws2/ros2_ws/install/examples_rclpy_minimal_publisher:/home/ws2/ros2_ws/install/examples_rclpy_minimal_client:/home/ws2/ros2_ws/install/examples_rclpy_minimal_action_server:/home/ws2/ros2_ws/install/examples_rclpy_minimal_action_client:/home/ws2/ros2_ws/install/examples_rclpy_guard_conditions:/home/ws2/ros2_ws/install/examples_rclpy_executors:/home/ws2/glenn/ros2/install/vision:/home/ws2/glenn/ros2/install/nav:/home/ws2/glenn/ros2/install/gps:/home/ws2/glenn/ros2/install/drone_test:/home/ws2/glenn/ros2/install/isaac_ros_test:/home/ws2/glenn/ros2/install/GPS:/opt/ros/humble CONDA_PROMPT_MODIFIER=(base) /home/ws2/.local/bin/cmake --install /home/ws2/ros2_ws/src/ardupilot_gz/build/ardupilot_gz_description
[0.344s] Level 1:colcon.colcon_core.environment:checking '/home/ws2/ros2_ws/src/ardupilot_gz/install/ardupilot_gz_description' for CMake module files
[0.344s] Level 1:colcon.colcon_core.environment:checking '/home/ws2/ros2_ws/src/ardupilot_gz/install/ardupilot_gz_description' for CMake config files
[0.344s] Level 1:colcon.colcon_core.shell:create_environment_hook('ardupilot_gz_description', 'cmake_prefix_path')
[0.345s] INFO:colcon.colcon_core.shell:Creating environment hook '/home/ws2/ros2_ws/src/ardupilot_gz/install/ardupilot_gz_description/share/ardupilot_gz_description/hook/cmake_prefix_path.ps1'
[0.345s] INFO:colcon.colcon_core.shell:Creating environment descriptor '/home/ws2/ros2_ws/src/ardupilot_gz/install/ardupilot_gz_description/share/ardupilot_gz_description/hook/cmake_prefix_path.dsv'
[0.345s] INFO:colcon.colcon_core.shell:Creating environment hook '/home/ws2/ros2_ws/src/ardupilot_gz/install/ardupilot_gz_description/share/ardupilot_gz_description/hook/cmake_prefix_path.sh'
[0.346s] Level 1:colcon.colcon_core.environment:checking '/home/ws2/ros2_ws/src/ardupilot_gz/install/ardupilot_gz_description/bin'
[0.346s] Level 1:colcon.colcon_core.environment:checking '/home/ws2/ros2_ws/src/ardupilot_gz/install/ardupilot_gz_description/lib/pkgconfig/ardupilot_gz_description.pc'
[0.346s] Level 1:colcon.colcon_core.environment:checking '/home/ws2/ros2_ws/src/ardupilot_gz/install/ardupilot_gz_description/lib/python3.10/site-packages'
[0.346s] Level 1:colcon.colcon_core.environment:checking '/home/ws2/ros2_ws/src/ardupilot_gz/install/ardupilot_gz_description/bin'
[0.347s] INFO:colcon.colcon_core.shell:Creating package script '/home/ws2/ros2_ws/src/ardupilot_gz/install/ardupilot_gz_description/share/ardupilot_gz_description/package.ps1'
[0.347s] INFO:colcon.colcon_core.shell:Creating package descriptor '/home/ws2/ros2_ws/src/ardupilot_gz/install/ardupilot_gz_description/share/ardupilot_gz_description/package.dsv'
[0.347s] INFO:colcon.colcon_core.shell:Creating package script '/home/ws2/ros2_ws/src/ardupilot_gz/install/ardupilot_gz_description/share/ardupilot_gz_description/package.sh'
[0.347s] INFO:colcon.colcon_core.shell:Creating package script '/home/ws2/ros2_ws/src/ardupilot_gz/install/ardupilot_gz_description/share/ardupilot_gz_description/package.bash'
[0.348s] INFO:colcon.colcon_core.shell:Creating package script '/home/ws2/ros2_ws/src/ardupilot_gz/install/ardupilot_gz_description/share/ardupilot_gz_description/package.zsh'
[0.348s] Level 1:colcon.colcon_core.environment:create_file_with_runtime_dependencies(/home/ws2/ros2_ws/src/ardupilot_gz/install/ardupilot_gz_description/share/colcon-core/packages/ardupilot_gz_description)
[0.349s] Level 1:colcon.colcon_core.environment:create_environment_scripts_only(ardupilot_gz_gazebo)
[0.350s] Level 1:colcon.colcon_core.environment:checking '/home/ws2/ros2_ws/src/ardupilot_gz/install/ardupilot_gz_gazebo' for CMake module files
[0.350s] DEBUG:colcon.colcon_core.event_handler.log_command:Invoked command in '/home/ws2/ros2_ws/src/ardupilot_gz/build/ardupilot_gz_gazebo' returned '0': CMAKE_PREFIX_PATH=${CMAKE_PREFIX_PATH}:/home/ws2/ros2_ws/install/py_srvcli:/home/ws2/ros2_ws/install/py_pubsub:/home/ws2/ros2_ws/install/ardupilot_ros:/home/ws2/ros2_ws/install/python_parameters:/home/ws2/ros2_ws/install/mission_test:/home/ws2/ros2_ws/install/ardupilot_dds_tests:/home/ws2/ros2_ws/install/launch_testing_examples:/home/ws2/ros2_ws/install/jetson_pkg:/home/ws2/ros2_ws/install/examples_rclpy_pointcloud_publisher:/home/ws2/ros2_ws/install/examples_rclpy_minimal_subscriber:/home/ws2/ros2_ws/install/examples_rclpy_minimal_service:/home/ws2/ros2_ws/install/examples_rclpy_minimal_publisher:/home/ws2/ros2_ws/install/examples_rclpy_minimal_client:/home/ws2/ros2_ws/install/examples_rclpy_minimal_action_server:/home/ws2/ros2_ws/install/examples_rclpy_minimal_action_client:/home/ws2/ros2_ws/install/examples_rclpy_guard_conditions:/home/ws2/ros2_ws/install/examples_rclpy_executors:/home/ws2/glenn/ros2/install/vision:/home/ws2/glenn/ros2/install/nav:/home/ws2/glenn/ros2/install/gps:/home/ws2/glenn/ros2/install/drone_test:/home/ws2/glenn/ros2/install/isaac_ros_test:/home/ws2/glenn/ros2/install/GPS:/opt/ros/humble CONDA_PROMPT_MODIFIER=(base) /home/ws2/.local/bin/cmake --install /home/ws2/ros2_ws/src/ardupilot_gz/build/ardupilot_gz_gazebo
[0.351s] Level 1:colcon.colcon_core.environment:checking '/home/ws2/ros2_ws/src/ardupilot_gz/install/ardupilot_gz_gazebo' for CMake config files
[0.351s] Level 1:colcon.colcon_core.shell:create_environment_hook('ardupilot_gz_gazebo', 'cmake_prefix_path')
[0.351s] INFO:colcon.colcon_core.shell:Creating environment hook '/home/ws2/ros2_ws/src/ardupilot_gz/install/ardupilot_gz_gazebo/share/ardupilot_gz_gazebo/hook/cmake_prefix_path.ps1'
[0.351s] INFO:colcon.colcon_core.shell:Creating environment descriptor '/home/ws2/ros2_ws/src/ardupilot_gz/install/ardupilot_gz_gazebo/share/ardupilot_gz_gazebo/hook/cmake_prefix_path.dsv'
[0.351s] INFO:colcon.colcon_core.shell:Creating environment hook '/home/ws2/ros2_ws/src/ardupilot_gz/install/ardupilot_gz_gazebo/share/ardupilot_gz_gazebo/hook/cmake_prefix_path.sh'
[0.352s] Level 1:colcon.colcon_core.environment:checking '/home/ws2/ros2_ws/src/ardupilot_gz/install/ardupilot_gz_gazebo/lib'
[0.352s] Level 1:colcon.colcon_core.environment:checking '/home/ws2/ros2_ws/src/ardupilot_gz/install/ardupilot_gz_gazebo/bin'
[0.352s] Level 1:colcon.colcon_core.environment:checking '/home/ws2/ros2_ws/src/ardupilot_gz/install/ardupilot_gz_gazebo/lib/pkgconfig/ardupilot_gz_gazebo.pc'
[0.352s] Level 1:colcon.colcon_core.environment:checking '/home/ws2/ros2_ws/src/ardupilot_gz/install/ardupilot_gz_gazebo/lib/python3.10/site-packages'
[0.352s] Level 1:colcon.colcon_core.environment:checking '/home/ws2/ros2_ws/src/ardupilot_gz/install/ardupilot_gz_gazebo/bin'
[0.353s] INFO:colcon.colcon_core.shell:Creating package script '/home/ws2/ros2_ws/src/ardupilot_gz/install/ardupilot_gz_gazebo/share/ardupilot_gz_gazebo/package.ps1'
[0.353s] INFO:colcon.colcon_core.shell:Creating package descriptor '/home/ws2/ros2_ws/src/ardupilot_gz/install/ardupilot_gz_gazebo/share/ardupilot_gz_gazebo/package.dsv'
[0.353s] INFO:colcon.colcon_core.shell:Creating package script '/home/ws2/ros2_ws/src/ardupilot_gz/install/ardupilot_gz_gazebo/share/ardupilot_gz_gazebo/package.sh'
[0.353s] INFO:colcon.colcon_core.shell:Creating package script '/home/ws2/ros2_ws/src/ardupilot_gz/install/ardupilot_gz_gazebo/share/ardupilot_gz_gazebo/package.bash'
[0.353s] INFO:colcon.colcon_core.shell:Creating package script '/home/ws2/ros2_ws/src/ardupilot_gz/install/ardupilot_gz_gazebo/share/ardupilot_gz_gazebo/package.zsh'
[0.353s] Level 1:colcon.colcon_core.environment:create_file_with_runtime_dependencies(/home/ws2/ros2_ws/src/ardupilot_gz/install/ardupilot_gz_gazebo/share/colcon-core/packages/ardupilot_gz_gazebo)
[0.354s] Level 1:colcon.colcon_core.environment:create_environment_scripts_only(ardupilot_gz_application)
[0.355s] Level 1:colcon.colcon_core.environment:checking '/home/ws2/ros2_ws/src/ardupilot_gz/install/ardupilot_gz_application' for CMake module files
[0.355s] DEBUG:colcon.colcon_core.event_handler.log_command:Invoked command in '/home/ws2/ros2_ws/src/ardupilot_gz/build/ardupilot_gz_application' returned '0': CMAKE_PREFIX_PATH=${CMAKE_PREFIX_PATH}:/home/ws2/ros2_ws/install/py_srvcli:/home/ws2/ros2_ws/install/py_pubsub:/home/ws2/ros2_ws/install/ardupilot_ros:/home/ws2/ros2_ws/install/python_parameters:/home/ws2/ros2_ws/install/mission_test:/home/ws2/ros2_ws/install/ardupilot_dds_tests:/home/ws2/ros2_ws/install/launch_testing_examples:/home/ws2/ros2_ws/install/jetson_pkg:/home/ws2/ros2_ws/install/examples_rclpy_pointcloud_publisher:/home/ws2/ros2_ws/install/examples_rclpy_minimal_subscriber:/home/ws2/ros2_ws/install/examples_rclpy_minimal_service:/home/ws2/ros2_ws/install/examples_rclpy_minimal_publisher:/home/ws2/ros2_ws/install/examples_rclpy_minimal_client:/home/ws2/ros2_ws/install/examples_rclpy_minimal_action_server:/home/ws2/ros2_ws/install/examples_rclpy_minimal_action_client:/home/ws2/ros2_ws/install/examples_rclpy_guard_conditions:/home/ws2/ros2_ws/install/examples_rclpy_executors:/home/ws2/glenn/ros2/install/vision:/home/ws2/glenn/ros2/install/nav:/home/ws2/glenn/ros2/install/gps:/home/ws2/glenn/ros2/install/drone_test:/home/ws2/glenn/ros2/install/isaac_ros_test:/home/ws2/glenn/ros2/install/GPS:/opt/ros/humble CONDA_PROMPT_MODIFIER=(base) /home/ws2/.local/bin/cmake --install /home/ws2/ros2_ws/src/ardupilot_gz/build/ardupilot_gz_application
[0.355s] Level 1:colcon.colcon_core.environment:checking '/home/ws2/ros2_ws/src/ardupilot_gz/install/ardupilot_gz_application' for CMake config files
[0.355s] Level 1:colcon.colcon_core.shell:create_environment_hook('ardupilot_gz_application', 'cmake_prefix_path')
[0.355s] INFO:colcon.colcon_core.shell:Creating environment hook '/home/ws2/ros2_ws/src/ardupilot_gz/install/ardupilot_gz_application/share/ardupilot_gz_application/hook/cmake_prefix_path.ps1'
[0.356s] INFO:colcon.colcon_core.shell:Creating environment descriptor '/home/ws2/ros2_ws/src/ardupilot_gz/install/ardupilot_gz_application/share/ardupilot_gz_application/hook/cmake_prefix_path.dsv'
[0.356s] INFO:colcon.colcon_core.shell:Creating environment hook '/home/ws2/ros2_ws/src/ardupilot_gz/install/ardupilot_gz_application/share/ardupilot_gz_application/hook/cmake_prefix_path.sh'
[0.356s] Level 1:colcon.colcon_core.environment:checking '/home/ws2/ros2_ws/src/ardupilot_gz/install/ardupilot_gz_application/bin'
[0.356s] Level 1:colcon.colcon_core.environment:checking '/home/ws2/ros2_ws/src/ardupilot_gz/install/ardupilot_gz_application/lib/pkgconfig/ardupilot_gz_application.pc'
[0.356s] Level 1:colcon.colcon_core.environment:checking '/home/ws2/ros2_ws/src/ardupilot_gz/install/ardupilot_gz_application/lib/python3.10/site-packages'
[0.356s] Level 1:colcon.colcon_core.environment:checking '/home/ws2/ros2_ws/src/ardupilot_gz/install/ardupilot_gz_application/bin'
[0.357s] INFO:colcon.colcon_core.shell:Creating package script '/home/ws2/ros2_ws/src/ardupilot_gz/install/ardupilot_gz_application/share/ardupilot_gz_application/package.ps1'
[0.357s] INFO:colcon.colcon_core.shell:Creating package descriptor '/home/ws2/ros2_ws/src/ardupilot_gz/install/ardupilot_gz_application/share/ardupilot_gz_application/package.dsv'
[0.357s] INFO:colcon.colcon_core.shell:Creating package script '/home/ws2/ros2_ws/src/ardupilot_gz/install/ardupilot_gz_application/share/ardupilot_gz_application/package.sh'
[0.357s] INFO:colcon.colcon_core.shell:Creating package script '/home/ws2/ros2_ws/src/ardupilot_gz/install/ardupilot_gz_application/share/ardupilot_gz_application/package.bash'
[0.357s] INFO:colcon.colcon_core.shell:Creating package script '/home/ws2/ros2_ws/src/ardupilot_gz/install/ardupilot_gz_application/share/ardupilot_gz_application/package.zsh'
[0.357s] Level 1:colcon.colcon_core.environment:create_file_with_runtime_dependencies(/home/ws2/ros2_ws/src/ardupilot_gz/install/ardupilot_gz_application/share/colcon-core/packages/ardupilot_gz_application)
[0.375s] Level 1:colcon.colcon_core.environment:create_environment_scripts_only(ardupilot_gz_description)
[0.376s] Level 1:colcon.colcon_core.environment:checking '/home/ws2/ros2_ws/src/ardupilot_gz/install/ardupilot_gz_description' for CMake module files
[0.376s] Level 1:colcon.colcon_core.environment:checking '/home/ws2/ros2_ws/src/ardupilot_gz/install/ardupilot_gz_description' for CMake config files
[0.376s] Level 1:colcon.colcon_core.shell:create_environment_hook('ardupilot_gz_description', 'cmake_prefix_path')
[0.377s] INFO:colcon.colcon_core.shell:Creating environment hook '/home/ws2/ros2_ws/src/ardupilot_gz/install/ardupilot_gz_description/share/ardupilot_gz_description/hook/cmake_prefix_path.ps1'
[0.377s] INFO:colcon.colcon_core.shell:Creating environment descriptor '/home/ws2/ros2_ws/src/ardupilot_gz/install/ardupilot_gz_description/share/ardupilot_gz_description/hook/cmake_prefix_path.dsv'
[0.377s] INFO:colcon.colcon_core.shell:Creating environment hook '/home/ws2/ros2_ws/src/ardupilot_gz/install/ardupilot_gz_description/share/ardupilot_gz_description/hook/cmake_prefix_path.sh'
[0.377s] Level 1:colcon.colcon_core.environment:checking '/home/ws2/ros2_ws/src/ardupilot_gz/install/ardupilot_gz_description/bin'
[0.378s] Level 1:colcon.colcon_core.environment:checking '/home/ws2/ros2_ws/src/ardupilot_gz/install/ardupilot_gz_description/lib/pkgconfig/ardupilot_gz_description.pc'
[0.378s] Level 1:colcon.colcon_core.environment:checking '/home/ws2/ros2_ws/src/ardupilot_gz/install/ardupilot_gz_description/lib/python3.10/site-packages'
[0.378s] Level 1:colcon.colcon_core.environment:checking '/home/ws2/ros2_ws/src/ardupilot_gz/install/ardupilot_gz_description/bin'
[0.378s] INFO:colcon.colcon_core.shell:Creating package script '/home/ws2/ros2_ws/src/ardupilot_gz/install/ardupilot_gz_description/share/ardupilot_gz_description/package.ps1'
[0.378s] INFO:colcon.colcon_core.shell:Creating package descriptor '/home/ws2/ros2_ws/src/ardupilot_gz/install/ardupilot_gz_description/share/ardupilot_gz_description/package.dsv'
[0.379s] INFO:colcon.colcon_core.shell:Creating package script '/home/ws2/ros2_ws/src/ardupilot_gz/install/ardupilot_gz_description/share/ardupilot_gz_description/package.sh'
[0.379s] INFO:colcon.colcon_core.shell:Creating package script '/home/ws2/ros2_ws/src/ardupilot_gz/install/ardupilot_gz_description/share/ardupilot_gz_description/package.bash'
[0.379s] INFO:colcon.colcon_core.shell:Creating package script '/home/ws2/ros2_ws/src/ardupilot_gz/install/ardupilot_gz_description/share/ardupilot_gz_description/package.zsh'
[0.379s] Level 1:colcon.colcon_core.environment:create_file_with_runtime_dependencies(/home/ws2/ros2_ws/src/ardupilot_gz/install/ardupilot_gz_description/share/colcon-core/packages/ardupilot_gz_description)
[0.385s] Level 1:colcon.colcon_core.environment:create_environment_scripts_only(ardupilot_gz_application)
[0.386s] Level 1:colcon.colcon_core.environment:checking '/home/ws2/ros2_ws/src/ardupilot_gz/install/ardupilot_gz_application' for CMake module files
[0.386s] Level 1:colcon.colcon_core.environment:checking '/home/ws2/ros2_ws/src/ardupilot_gz/install/ardupilot_gz_application' for CMake config files
[0.386s] Level 1:colcon.colcon_core.shell:create_environment_hook('ardupilot_gz_application', 'cmake_prefix_path')
[0.387s] INFO:colcon.colcon_core.shell:Creating environment hook '/home/ws2/ros2_ws/src/ardupilot_gz/install/ardupilot_gz_application/share/ardupilot_gz_application/hook/cmake_prefix_path.ps1'
[0.387s] INFO:colcon.colcon_core.shell:Creating environment descriptor '/home/ws2/ros2_ws/src/ardupilot_gz/install/ardupilot_gz_application/share/ardupilot_gz_application/hook/cmake_prefix_path.dsv'
[0.387s] INFO:colcon.colcon_core.shell:Creating environment hook '/home/ws2/ros2_ws/src/ardupilot_gz/install/ardupilot_gz_application/share/ardupilot_gz_application/hook/cmake_prefix_path.sh'
[0.387s] Level 1:colcon.colcon_core.environment:checking '/home/ws2/ros2_ws/src/ardupilot_gz/install/ardupilot_gz_application/bin'
[0.387s] Level 1:colcon.colcon_core.environment:checking '/home/ws2/ros2_ws/src/ardupilot_gz/install/ardupilot_gz_application/lib/pkgconfig/ardupilot_gz_application.pc'
[0.387s] Level 1:colcon.colcon_core.environment:checking '/home/ws2/ros2_ws/src/ardupilot_gz/install/ardupilot_gz_application/lib/python3.10/site-packages'
[0.388s] Level 1:colcon.colcon_core.environment:checking '/home/ws2/ros2_ws/src/ardupilot_gz/install/ardupilot_gz_application/bin'
[0.388s] INFO:colcon.colcon_core.shell:Creating package script '/home/ws2/ros2_ws/src/ardupilot_gz/install/ardupilot_gz_application/share/ardupilot_gz_application/package.ps1'
[0.388s] INFO:colcon.colcon_core.shell:Creating package descriptor '/home/ws2/ros2_ws/src/ardupilot_gz/install/ardupilot_gz_application/share/ardupilot_gz_application/package.dsv'
[0.388s] INFO:colcon.colcon_core.shell:Creating package script '/home/ws2/ros2_ws/src/ardupilot_gz/install/ardupilot_gz_application/share/ardupilot_gz_application/package.sh'
[0.389s] INFO:colcon.colcon_core.shell:Creating package script '/home/ws2/ros2_ws/src/ardupilot_gz/install/ardupilot_gz_application/share/ardupilot_gz_application/package.bash'
[0.389s] INFO:colcon.colcon_core.shell:Creating package script '/home/ws2/ros2_ws/src/ardupilot_gz/install/ardupilot_gz_application/share/ardupilot_gz_application/package.zsh'
[0.389s] Level 1:colcon.colcon_core.environment:create_file_with_runtime_dependencies(/home/ws2/ros2_ws/src/ardupilot_gz/install/ardupilot_gz_application/share/colcon-core/packages/ardupilot_gz_application)
[0.390s] Level 1:colcon.colcon_core.environment:create_environment_scripts_only(ardupilot_gz_gazebo)
[0.391s] Level 1:colcon.colcon_core.environment:checking '/home/ws2/ros2_ws/src/ardupilot_gz/install/ardupilot_gz_gazebo' for CMake module files
[0.391s] Level 1:colcon.colcon_core.environment:checking '/home/ws2/ros2_ws/src/ardupilot_gz/install/ardupilot_gz_gazebo' for CMake config files
[0.391s] Level 1:colcon.colcon_core.shell:create_environment_hook('ardupilot_gz_gazebo', 'cmake_prefix_path')
[0.392s] INFO:colcon.colcon_core.shell:Creating environment hook '/home/ws2/ros2_ws/src/ardupilot_gz/install/ardupilot_gz_gazebo/share/ardupilot_gz_gazebo/hook/cmake_prefix_path.ps1'
[0.392s] INFO:colcon.colcon_core.shell:Creating environment descriptor '/home/ws2/ros2_ws/src/ardupilot_gz/install/ardupilot_gz_gazebo/share/ardupilot_gz_gazebo/hook/cmake_prefix_path.dsv'
[0.392s] INFO:colcon.colcon_core.shell:Creating environment hook '/home/ws2/ros2_ws/src/ardupilot_gz/install/ardupilot_gz_gazebo/share/ardupilot_gz_gazebo/hook/cmake_prefix_path.sh'
[0.392s] Level 1:colcon.colcon_core.environment:checking '/home/ws2/ros2_ws/src/ardupilot_gz/install/ardupilot_gz_gazebo/lib'
[0.392s] Level 1:colcon.colcon_core.environment:checking '/home/ws2/ros2_ws/src/ardupilot_gz/install/ardupilot_gz_gazebo/bin'
[0.392s] Level 1:colcon.colcon_core.environment:checking '/home/ws2/ros2_ws/src/ardupilot_gz/install/ardupilot_gz_gazebo/lib/pkgconfig/ardupilot_gz_gazebo.pc'
[0.393s] Level 1:colcon.colcon_core.environment:checking '/home/ws2/ros2_ws/src/ardupilot_gz/install/ardupilot_gz_gazebo/lib/python3.10/site-packages'
[0.393s] Level 1:colcon.colcon_core.environment:checking '/home/ws2/ros2_ws/src/ardupilot_gz/install/ardupilot_gz_gazebo/bin'
[0.393s] INFO:colcon.colcon_core.shell:Creating package script '/home/ws2/ros2_ws/src/ardupilot_gz/install/ardupilot_gz_gazebo/share/ardupilot_gz_gazebo/package.ps1'
[0.393s] INFO:colcon.colcon_core.shell:Creating package descriptor '/home/ws2/ros2_ws/src/ardupilot_gz/install/ardupilot_gz_gazebo/share/ardupilot_gz_gazebo/package.dsv'
[0.394s] INFO:colcon.colcon_core.shell:Creating package script '/home/ws2/ros2_ws/src/ardupilot_gz/install/ardupilot_gz_gazebo/share/ardupilot_gz_gazebo/package.sh'
[0.394s] INFO:colcon.colcon_core.shell:Creating package script '/home/ws2/ros2_ws/src/ardupilot_gz/install/ardupilot_gz_gazebo/share/ardupilot_gz_gazebo/package.bash'
[0.394s] INFO:colcon.colcon_core.shell:Creating package script '/home/ws2/ros2_ws/src/ardupilot_gz/install/ardupilot_gz_gazebo/share/ardupilot_gz_gazebo/package.zsh'
[0.394s] Level 1:colcon.colcon_core.environment:create_file_with_runtime_dependencies(/home/ws2/ros2_ws/src/ardupilot_gz/install/ardupilot_gz_gazebo/share/colcon-core/packages/ardupilot_gz_gazebo)
[0.394s] INFO:colcon.colcon_ros.task.ament_cmake.build:Building ROS package in '/home/ws2/ros2_ws/src/ardupilot_gz/ardupilot_gz_bringup' with build type 'ament_cmake'
[0.394s] INFO:colcon.colcon_cmake.task.cmake.build:Building CMake package in '/home/ws2/ros2_ws/src/ardupilot_gz/ardupilot_gz_bringup'
[0.395s] INFO:colcon.colcon_core.shell:Skip shell extension 'powershell' for command environment: Not usable outside of PowerShell
[0.395s] DEBUG:colcon.colcon_core.shell:Skip shell extension 'dsv' for command environment
[0.402s] DEBUG:colcon.colcon_core.event_handler.log_command:Invoking command in '/home/ws2/ros2_ws/src/ardupilot_gz/build/ardupilot_gz_bringup': AMENT_PREFIX_PATH=/home/ws2/ros2_ws/src/ardupilot_gz/install/ardupilot_gz_gazebo:/home/ws2/ros2_ws/src/ardupilot_gz/install/ardupilot_gz_description:${AMENT_PREFIX_PATH} CMAKE_PREFIX_PATH=/home/ws2/ros2_ws/src/ardupilot_gz/install/ardupilot_gz_gazebo:/home/ws2/ros2_ws/src/ardupilot_gz/install/ardupilot_gz_description:/home/ws2/ros2_ws/install/tutorial_interfaces:/home/ws2/ros2_ws/install/turtlesim:/home/ws2/ros2_ws/install/ros_ign:/home/ws2/ros2_ws/install/ros_ign_gazebo_demos:/home/ws2/ros2_ws/install/ros_gz:/home/ws2/ros2_ws/install/ros_gz_sim_demos:/home/ws2/ros2_ws/install/ardupilot_gz_bringup:/home/ws2/ros2_ws/install/sdformat_urdf:/home/ws2/ros2_ws/install/sdformat_test_files:/home/ws2/ros2_ws/install/ros_ign_interfaces:/home/ws2/ros2_ws/install/ros_ign_image:/home/ws2/ros2_ws/install/ros_ign_gazebo:/home/ws2/ros2_ws/install/ros_ign_bridge:/home/ws2/ros2_ws/install/ros_gz_sim:/home/ws2/ros2_ws/install/ros_gz_image:/home/ws2/ros2_ws/install/ros_gz_bridge:/home/ws2/ros2_ws/install/ros_gz_interfaces:/home/ws2/ros2_ws/install/polygon_plugins:/home/ws2/ros2_ws/install/polygon_base:/home/ws2/ros2_ws/install/my_package:/home/ws2/ros2_ws/install/more_interfaces:/home/ws2/ros2_ws/install/ardupilot_sitl:/home/ws2/ros2_ws/install/micro_ros_agent:/home/ws2/ros2_ws/install/examples_rclcpp_wait_set:/home/ws2/ros2_ws/install/examples_rclcpp_multithreaded_executor:/home/ws2/ros2_ws/install/examples_rclcpp_minimal_timer:/home/ws2/ros2_ws/install/examples_rclcpp_minimal_subscriber:/home/ws2/ros2_ws/install/examples_rclcpp_minimal_service:/home/ws2/ros2_ws/install/examples_rclcpp_minimal_publisher:/home/ws2/ros2_ws/install/examples_rclcpp_minimal_composition:/home/ws2/ros2_ws/install/examples_rclcpp_minimal_client:/home/ws2/ros2_ws/install/examples_rclcpp_minimal_action_server:/home/ws2/ros2_ws/install/examples_rclcpp_minimal_action_client:/home/ws2/ros2_ws/install/examples_rclcpp_cbg_executor:/home/ws2/ros2_ws/install/examples_rclcpp_async_client:/home/ws2/ros2_ws/install/cpp_pubsub:/home/ws2/ros2_ws/install/ardupilot_sitl_models:/home/ws2/ros2_ws/install/ardupilot_msgs:/home/ws2/ros2_ws/install/ardupilot_gz_gazebo:/home/ws2/ros2_ws/install/ardupilot_gz_description:/home/ws2/ros2_ws/install/ardupilot_gz_application:/home/ws2/ros2_ws/install/ardupilot_gazebo:/home/ws2/ros2_ws/install/action_tutorials_interfaces:/home/ws2/glenn/ros2/install/realsense2_description:/home/ws2/glenn/ros2/install/realsense2_camera:/home/ws2/glenn/ros2/install/realsense2_camera_msgs:/home/ws2/glenn/ros2/install/nav_action:/home/ws2/glenn/ros2/install/mavros_extras:/home/ws2/glenn/ros2/install/mavros:/home/ws2/glenn/ros2/install/mavros_msgs:/home/ws2/glenn/ros2/install/libmavconn:/home/ws2/glenn/ros2/install/mavlink:/home/ws2/glenn/ros2/install/drone_test_action:/home/ws2/ros2_ws/install/py_srvcli:/home/ws2/ros2_ws/install/py_pubsub:/home/ws2/ros2_ws/install/ardupilot_ros:/home/ws2/ros2_ws/install/python_parameters:/home/ws2/ros2_ws/install/mission_test:/home/ws2/ros2_ws/install/ardupilot_dds_tests:/home/ws2/ros2_ws/install/launch_testing_examples:/home/ws2/ros2_ws/install/jetson_pkg:/home/ws2/ros2_ws/install/examples_rclpy_pointcloud_publisher:/home/ws2/ros2_ws/install/examples_rclpy_minimal_subscriber:/home/ws2/ros2_ws/install/examples_rclpy_minimal_service:/home/ws2/ros2_ws/install/examples_rclpy_minimal_publisher:/home/ws2/ros2_ws/install/examples_rclpy_minimal_client:/home/ws2/ros2_ws/install/examples_rclpy_minimal_action_server:/home/ws2/ros2_ws/install/examples_rclpy_minimal_action_client:/home/ws2/ros2_ws/install/examples_rclpy_guard_conditions:/home/ws2/ros2_ws/install/examples_rclpy_executors:/home/ws2/glenn/ros2/install/vision:/home/ws2/glenn/ros2/install/nav:/home/ws2/glenn/ros2/install/gps:/home/ws2/glenn/ros2/install/drone_test:/home/ws2/glenn/ros2/install/isaac_ros_test:/home/ws2/glenn/ros2/install/GPS:/opt/ros/humble CONDA_PROMPT_MODIFIER=(base) GZ_SIM_PLUGIn_PATH=/home/ws2/ros2_ws/src/ardupilot_gz/install/ardupilot_gz_gazebo/lib/ardupilot_gz_gazebo GZ_SIM_RESOURCE_PATH=/home/ws2/ros2_ws/src/ardupilot_gz/install/ardupilot_gz_gazebo/share/ardupilot_gz_gazebo/worlds:/home/ws2/ros2_ws/src/ardupilot_gz/install/ardupilot_gz_description/share/ardupilot_gz_description/models:${GZ_SIM_RESOURCE_PATH} /home/ws2/.local/bin/cmake --build /home/ws2/ros2_ws/src/ardupilot_gz/build/ardupilot_gz_bringup -- -j24 -l24
[0.428s] DEBUG:colcon.colcon_core.event_handler.log_command:Invoked command in '/home/ws2/ros2_ws/src/ardupilot_gz/build/ardupilot_gz_bringup' returned '0': AMENT_PREFIX_PATH=/home/ws2/ros2_ws/src/ardupilot_gz/install/ardupilot_gz_gazebo:/home/ws2/ros2_ws/src/ardupilot_gz/install/ardupilot_gz_description:${AMENT_PREFIX_PATH} CMAKE_PREFIX_PATH=/home/ws2/ros2_ws/src/ardupilot_gz/install/ardupilot_gz_gazebo:/home/ws2/ros2_ws/src/ardupilot_gz/install/ardupilot_gz_description:/home/ws2/ros2_ws/install/tutorial_interfaces:/home/ws2/ros2_ws/install/turtlesim:/home/ws2/ros2_ws/install/ros_ign:/home/ws2/ros2_ws/install/ros_ign_gazebo_demos:/home/ws2/ros2_ws/install/ros_gz:/home/ws2/ros2_ws/install/ros_gz_sim_demos:/home/ws2/ros2_ws/install/ardupilot_gz_bringup:/home/ws2/ros2_ws/install/sdformat_urdf:/home/ws2/ros2_ws/install/sdformat_test_files:/home/ws2/ros2_ws/install/ros_ign_interfaces:/home/ws2/ros2_ws/install/ros_ign_image:/home/ws2/ros2_ws/install/ros_ign_gazebo:/home/ws2/ros2_ws/install/ros_ign_bridge:/home/ws2/ros2_ws/install/ros_gz_sim:/home/ws2/ros2_ws/install/ros_gz_image:/home/ws2/ros2_ws/install/ros_gz_bridge:/home/ws2/ros2_ws/install/ros_gz_interfaces:/home/ws2/ros2_ws/install/polygon_plugins:/home/ws2/ros2_ws/install/polygon_base:/home/ws2/ros2_ws/install/my_package:/home/ws2/ros2_ws/install/more_interfaces:/home/ws2/ros2_ws/install/ardupilot_sitl:/home/ws2/ros2_ws/install/micro_ros_agent:/home/ws2/ros2_ws/install/examples_rclcpp_wait_set:/home/ws2/ros2_ws/install/examples_rclcpp_multithreaded_executor:/home/ws2/ros2_ws/install/examples_rclcpp_minimal_timer:/home/ws2/ros2_ws/install/examples_rclcpp_minimal_subscriber:/home/ws2/ros2_ws/install/examples_rclcpp_minimal_service:/home/ws2/ros2_ws/install/examples_rclcpp_minimal_publisher:/home/ws2/ros2_ws/install/examples_rclcpp_minimal_composition:/home/ws2/ros2_ws/install/examples_rclcpp_minimal_client:/home/ws2/ros2_ws/install/examples_rclcpp_minimal_action_server:/home/ws2/ros2_ws/install/examples_rclcpp_minimal_action_client:/home/ws2/ros2_ws/install/examples_rclcpp_cbg_executor:/home/ws2/ros2_ws/install/examples_rclcpp_async_client:/home/ws2/ros2_ws/install/cpp_pubsub:/home/ws2/ros2_ws/install/ardupilot_sitl_models:/home/ws2/ros2_ws/install/ardupilot_msgs:/home/ws2/ros2_ws/install/ardupilot_gz_gazebo:/home/ws2/ros2_ws/install/ardupilot_gz_description:/home/ws2/ros2_ws/install/ardupilot_gz_application:/home/ws2/ros2_ws/install/ardupilot_gazebo:/home/ws2/ros2_ws/install/action_tutorials_interfaces:/home/ws2/glenn/ros2/install/realsense2_description:/home/ws2/glenn/ros2/install/realsense2_camera:/home/ws2/glenn/ros2/install/realsense2_camera_msgs:/home/ws2/glenn/ros2/install/nav_action:/home/ws2/glenn/ros2/install/mavros_extras:/home/ws2/glenn/ros2/install/mavros:/home/ws2/glenn/ros2/install/mavros_msgs:/home/ws2/glenn/ros2/install/libmavconn:/home/ws2/glenn/ros2/install/mavlink:/home/ws2/glenn/ros2/install/drone_test_action:/home/ws2/ros2_ws/install/py_srvcli:/home/ws2/ros2_ws/install/py_pubsub:/home/ws2/ros2_ws/install/ardupilot_ros:/home/ws2/ros2_ws/install/python_parameters:/home/ws2/ros2_ws/install/mission_test:/home/ws2/ros2_ws/install/ardupilot_dds_tests:/home/ws2/ros2_ws/install/launch_testing_examples:/home/ws2/ros2_ws/install/jetson_pkg:/home/ws2/ros2_ws/install/examples_rclpy_pointcloud_publisher:/home/ws2/ros2_ws/install/examples_rclpy_minimal_subscriber:/home/ws2/ros2_ws/install/examples_rclpy_minimal_service:/home/ws2/ros2_ws/install/examples_rclpy_minimal_publisher:/home/ws2/ros2_ws/install/examples_rclpy_minimal_client:/home/ws2/ros2_ws/install/examples_rclpy_minimal_action_server:/home/ws2/ros2_ws/install/examples_rclpy_minimal_action_client:/home/ws2/ros2_ws/install/examples_rclpy_guard_conditions:/home/ws2/ros2_ws/install/examples_rclpy_executors:/home/ws2/glenn/ros2/install/vision:/home/ws2/glenn/ros2/install/nav:/home/ws2/glenn/ros2/install/gps:/home/ws2/glenn/ros2/install/drone_test:/home/ws2/glenn/ros2/install/isaac_ros_test:/home/ws2/glenn/ros2/install/GPS:/opt/ros/humble CONDA_PROMPT_MODIFIER=(base) GZ_SIM_PLUGIn_PATH=/home/ws2/ros2_ws/src/ardupilot_gz/install/ardupilot_gz_gazebo/lib/ardupilot_gz_gazebo GZ_SIM_RESOURCE_PATH=/home/ws2/ros2_ws/src/ardupilot_gz/install/ardupilot_gz_gazebo/share/ardupilot_gz_gazebo/worlds:/home/ws2/ros2_ws/src/ardupilot_gz/install/ardupilot_gz_description/share/ardupilot_gz_description/models:${GZ_SIM_RESOURCE_PATH} /home/ws2/.local/bin/cmake --build /home/ws2/ros2_ws/src/ardupilot_gz/build/ardupilot_gz_bringup -- -j24 -l24
[0.456s] DEBUG:colcon.colcon_core.event_handler.log_command:Invoking command in '/home/ws2/ros2_ws/src/ardupilot_gz/build/ardupilot_gz_bringup': AMENT_PREFIX_PATH=/home/ws2/ros2_ws/src/ardupilot_gz/install/ardupilot_gz_gazebo:/home/ws2/ros2_ws/src/ardupilot_gz/install/ardupilot_gz_description:${AMENT_PREFIX_PATH} CMAKE_PREFIX_PATH=/home/ws2/ros2_ws/src/ardupilot_gz/install/ardupilot_gz_gazebo:/home/ws2/ros2_ws/src/ardupilot_gz/install/ardupilot_gz_description:/home/ws2/ros2_ws/install/tutorial_interfaces:/home/ws2/ros2_ws/install/turtlesim:/home/ws2/ros2_ws/install/ros_ign:/home/ws2/ros2_ws/install/ros_ign_gazebo_demos:/home/ws2/ros2_ws/install/ros_gz:/home/ws2/ros2_ws/install/ros_gz_sim_demos:/home/ws2/ros2_ws/install/ardupilot_gz_bringup:/home/ws2/ros2_ws/install/sdformat_urdf:/home/ws2/ros2_ws/install/sdformat_test_files:/home/ws2/ros2_ws/install/ros_ign_interfaces:/home/ws2/ros2_ws/install/ros_ign_image:/home/ws2/ros2_ws/install/ros_ign_gazebo:/home/ws2/ros2_ws/install/ros_ign_bridge:/home/ws2/ros2_ws/install/ros_gz_sim:/home/ws2/ros2_ws/install/ros_gz_image:/home/ws2/ros2_ws/install/ros_gz_bridge:/home/ws2/ros2_ws/install/ros_gz_interfaces:/home/ws2/ros2_ws/install/polygon_plugins:/home/ws2/ros2_ws/install/polygon_base:/home/ws2/ros2_ws/install/my_package:/home/ws2/ros2_ws/install/more_interfaces:/home/ws2/ros2_ws/install/ardupilot_sitl:/home/ws2/ros2_ws/install/micro_ros_agent:/home/ws2/ros2_ws/install/examples_rclcpp_wait_set:/home/ws2/ros2_ws/install/examples_rclcpp_multithreaded_executor:/home/ws2/ros2_ws/install/examples_rclcpp_minimal_timer:/home/ws2/ros2_ws/install/examples_rclcpp_minimal_subscriber:/home/ws2/ros2_ws/install/examples_rclcpp_minimal_service:/home/ws2/ros2_ws/install/examples_rclcpp_minimal_publisher:/home/ws2/ros2_ws/install/examples_rclcpp_minimal_composition:/home/ws2/ros2_ws/install/examples_rclcpp_minimal_client:/home/ws2/ros2_ws/install/examples_rclcpp_minimal_action_server:/home/ws2/ros2_ws/install/examples_rclcpp_minimal_action_client:/home/ws2/ros2_ws/install/examples_rclcpp_cbg_executor:/home/ws2/ros2_ws/install/examples_rclcpp_async_client:/home/ws2/ros2_ws/install/cpp_pubsub:/home/ws2/ros2_ws/install/ardupilot_sitl_models:/home/ws2/ros2_ws/install/ardupilot_msgs:/home/ws2/ros2_ws/install/ardupilot_gz_gazebo:/home/ws2/ros2_ws/install/ardupilot_gz_description:/home/ws2/ros2_ws/install/ardupilot_gz_application:/home/ws2/ros2_ws/install/ardupilot_gazebo:/home/ws2/ros2_ws/install/action_tutorials_interfaces:/home/ws2/glenn/ros2/install/realsense2_description:/home/ws2/glenn/ros2/install/realsense2_camera:/home/ws2/glenn/ros2/install/realsense2_camera_msgs:/home/ws2/glenn/ros2/install/nav_action:/home/ws2/glenn/ros2/install/mavros_extras:/home/ws2/glenn/ros2/install/mavros:/home/ws2/glenn/ros2/install/mavros_msgs:/home/ws2/glenn/ros2/install/libmavconn:/home/ws2/glenn/ros2/install/mavlink:/home/ws2/glenn/ros2/install/drone_test_action:/home/ws2/ros2_ws/install/py_srvcli:/home/ws2/ros2_ws/install/py_pubsub:/home/ws2/ros2_ws/install/ardupilot_ros:/home/ws2/ros2_ws/install/python_parameters:/home/ws2/ros2_ws/install/mission_test:/home/ws2/ros2_ws/install/ardupilot_dds_tests:/home/ws2/ros2_ws/install/launch_testing_examples:/home/ws2/ros2_ws/install/jetson_pkg:/home/ws2/ros2_ws/install/examples_rclpy_pointcloud_publisher:/home/ws2/ros2_ws/install/examples_rclpy_minimal_subscriber:/home/ws2/ros2_ws/install/examples_rclpy_minimal_service:/home/ws2/ros2_ws/install/examples_rclpy_minimal_publisher:/home/ws2/ros2_ws/install/examples_rclpy_minimal_client:/home/ws2/ros2_ws/install/examples_rclpy_minimal_action_server:/home/ws2/ros2_ws/install/examples_rclpy_minimal_action_client:/home/ws2/ros2_ws/install/examples_rclpy_guard_conditions:/home/ws2/ros2_ws/install/examples_rclpy_executors:/home/ws2/glenn/ros2/install/vision:/home/ws2/glenn/ros2/install/nav:/home/ws2/glenn/ros2/install/gps:/home/ws2/glenn/ros2/install/drone_test:/home/ws2/glenn/ros2/install/isaac_ros_test:/home/ws2/glenn/ros2/install/GPS:/opt/ros/humble CONDA_PROMPT_MODIFIER=(base) GZ_SIM_PLUGIn_PATH=/home/ws2/ros2_ws/src/ardupilot_gz/install/ardupilot_gz_gazebo/lib/ardupilot_gz_gazebo GZ_SIM_RESOURCE_PATH=/home/ws2/ros2_ws/src/ardupilot_gz/install/ardupilot_gz_gazebo/share/ardupilot_gz_gazebo/worlds:/home/ws2/ros2_ws/src/ardupilot_gz/install/ardupilot_gz_description/share/ardupilot_gz_description/models:${GZ_SIM_RESOURCE_PATH} /home/ws2/.local/bin/cmake --install /home/ws2/ros2_ws/src/ardupilot_gz/build/ardupilot_gz_bringup
[0.477s] Level 1:colcon.colcon_core.environment:create_environment_scripts_only(ardupilot_gz_bringup)
[0.478s] Level 1:colcon.colcon_core.environment:checking '/home/ws2/ros2_ws/src/ardupilot_gz/install/ardupilot_gz_bringup' for CMake module files
[0.478s] DEBUG:colcon.colcon_core.event_handler.log_command:Invoked command in '/home/ws2/ros2_ws/src/ardupilot_gz/build/ardupilot_gz_bringup' returned '0': AMENT_PREFIX_PATH=/home/ws2/ros2_ws/src/ardupilot_gz/install/ardupilot_gz_gazebo:/home/ws2/ros2_ws/src/ardupilot_gz/install/ardupilot_gz_description:${AMENT_PREFIX_PATH} CMAKE_PREFIX_PATH=/home/ws2/ros2_ws/src/ardupilot_gz/install/ardupilot_gz_gazebo:/home/ws2/ros2_ws/src/ardupilot_gz/install/ardupilot_gz_description:/home/ws2/ros2_ws/install/tutorial_interfaces:/home/ws2/ros2_ws/install/turtlesim:/home/ws2/ros2_ws/install/ros_ign:/home/ws2/ros2_ws/install/ros_ign_gazebo_demos:/home/ws2/ros2_ws/install/ros_gz:/home/ws2/ros2_ws/install/ros_gz_sim_demos:/home/ws2/ros2_ws/install/ardupilot_gz_bringup:/home/ws2/ros2_ws/install/sdformat_urdf:/home/ws2/ros2_ws/install/sdformat_test_files:/home/ws2/ros2_ws/install/ros_ign_interfaces:/home/ws2/ros2_ws/install/ros_ign_image:/home/ws2/ros2_ws/install/ros_ign_gazebo:/home/ws2/ros2_ws/install/ros_ign_bridge:/home/ws2/ros2_ws/install/ros_gz_sim:/home/ws2/ros2_ws/install/ros_gz_image:/home/ws2/ros2_ws/install/ros_gz_bridge:/home/ws2/ros2_ws/install/ros_gz_interfaces:/home/ws2/ros2_ws/install/polygon_plugins:/home/ws2/ros2_ws/install/polygon_base:/home/ws2/ros2_ws/install/my_package:/home/ws2/ros2_ws/install/more_interfaces:/home/ws2/ros2_ws/install/ardupilot_sitl:/home/ws2/ros2_ws/install/micro_ros_agent:/home/ws2/ros2_ws/install/examples_rclcpp_wait_set:/home/ws2/ros2_ws/install/examples_rclcpp_multithreaded_executor:/home/ws2/ros2_ws/install/examples_rclcpp_minimal_timer:/home/ws2/ros2_ws/install/examples_rclcpp_minimal_subscriber:/home/ws2/ros2_ws/install/examples_rclcpp_minimal_service:/home/ws2/ros2_ws/install/examples_rclcpp_minimal_publisher:/home/ws2/ros2_ws/install/examples_rclcpp_minimal_composition:/home/ws2/ros2_ws/install/examples_rclcpp_minimal_client:/home/ws2/ros2_ws/install/examples_rclcpp_minimal_action_server:/home/ws2/ros2_ws/install/examples_rclcpp_minimal_action_client:/home/ws2/ros2_ws/install/examples_rclcpp_cbg_executor:/home/ws2/ros2_ws/install/examples_rclcpp_async_client:/home/ws2/ros2_ws/install/cpp_pubsub:/home/ws2/ros2_ws/install/ardupilot_sitl_models:/home/ws2/ros2_ws/install/ardupilot_msgs:/home/ws2/ros2_ws/install/ardupilot_gz_gazebo:/home/ws2/ros2_ws/install/ardupilot_gz_description:/home/ws2/ros2_ws/install/ardupilot_gz_application:/home/ws2/ros2_ws/install/ardupilot_gazebo:/home/ws2/ros2_ws/install/action_tutorials_interfaces:/home/ws2/glenn/ros2/install/realsense2_description:/home/ws2/glenn/ros2/install/realsense2_camera:/home/ws2/glenn/ros2/install/realsense2_camera_msgs:/home/ws2/glenn/ros2/install/nav_action:/home/ws2/glenn/ros2/install/mavros_extras:/home/ws2/glenn/ros2/install/mavros:/home/ws2/glenn/ros2/install/mavros_msgs:/home/ws2/glenn/ros2/install/libmavconn:/home/ws2/glenn/ros2/install/mavlink:/home/ws2/glenn/ros2/install/drone_test_action:/home/ws2/ros2_ws/install/py_srvcli:/home/ws2/ros2_ws/install/py_pubsub:/home/ws2/ros2_ws/install/ardupilot_ros:/home/ws2/ros2_ws/install/python_parameters:/home/ws2/ros2_ws/install/mission_test:/home/ws2/ros2_ws/install/ardupilot_dds_tests:/home/ws2/ros2_ws/install/launch_testing_examples:/home/ws2/ros2_ws/install/jetson_pkg:/home/ws2/ros2_ws/install/examples_rclpy_pointcloud_publisher:/home/ws2/ros2_ws/install/examples_rclpy_minimal_subscriber:/home/ws2/ros2_ws/install/examples_rclpy_minimal_service:/home/ws2/ros2_ws/install/examples_rclpy_minimal_publisher:/home/ws2/ros2_ws/install/examples_rclpy_minimal_client:/home/ws2/ros2_ws/install/examples_rclpy_minimal_action_server:/home/ws2/ros2_ws/install/examples_rclpy_minimal_action_client:/home/ws2/ros2_ws/install/examples_rclpy_guard_conditions:/home/ws2/ros2_ws/install/examples_rclpy_executors:/home/ws2/glenn/ros2/install/vision:/home/ws2/glenn/ros2/install/nav:/home/ws2/glenn/ros2/install/gps:/home/ws2/glenn/ros2/install/drone_test:/home/ws2/glenn/ros2/install/isaac_ros_test:/home/ws2/glenn/ros2/install/GPS:/opt/ros/humble CONDA_PROMPT_MODIFIER=(base) GZ_SIM_PLUGIn_PATH=/home/ws2/ros2_ws/src/ardupilot_gz/install/ardupilot_gz_gazebo/lib/ardupilot_gz_gazebo GZ_SIM_RESOURCE_PATH=/home/ws2/ros2_ws/src/ardupilot_gz/install/ardupilot_gz_gazebo/share/ardupilot_gz_gazebo/worlds:/home/ws2/ros2_ws/src/ardupilot_gz/install/ardupilot_gz_description/share/ardupilot_gz_description/models:${GZ_SIM_RESOURCE_PATH} /home/ws2/.local/bin/cmake --install /home/ws2/ros2_ws/src/ardupilot_gz/build/ardupilot_gz_bringup
[0.478s] Level 1:colcon.colcon_core.environment:checking '/home/ws2/ros2_ws/src/ardupilot_gz/install/ardupilot_gz_bringup' for CMake config files
[0.478s] Level 1:colcon.colcon_core.shell:create_environment_hook('ardupilot_gz_bringup', 'cmake_prefix_path')
[0.479s] INFO:colcon.colcon_core.shell:Creating environment hook '/home/ws2/ros2_ws/src/ardupilot_gz/install/ardupilot_gz_bringup/share/ardupilot_gz_bringup/hook/cmake_prefix_path.ps1'
[0.479s] INFO:colcon.colcon_core.shell:Creating environment descriptor '/home/ws2/ros2_ws/src/ardupilot_gz/install/ardupilot_gz_bringup/share/ardupilot_gz_bringup/hook/cmake_prefix_path.dsv'
[0.479s] INFO:colcon.colcon_core.shell:Creating environment hook '/home/ws2/ros2_ws/src/ardupilot_gz/install/ardupilot_gz_bringup/share/ardupilot_gz_bringup/hook/cmake_prefix_path.sh'
[0.479s] Level 1:colcon.colcon_core.environment:checking '/home/ws2/ros2_ws/src/ardupilot_gz/install/ardupilot_gz_bringup/bin'
[0.479s] Level 1:colcon.colcon_core.environment:checking '/home/ws2/ros2_ws/src/ardupilot_gz/install/ardupilot_gz_bringup/lib/pkgconfig/ardupilot_gz_bringup.pc'
[0.479s] Level 1:colcon.colcon_core.environment:checking '/home/ws2/ros2_ws/src/ardupilot_gz/install/ardupilot_gz_bringup/lib/python3.10/site-packages'
[0.479s] Level 1:colcon.colcon_core.environment:checking '/home/ws2/ros2_ws/src/ardupilot_gz/install/ardupilot_gz_bringup/bin'
[0.480s] INFO:colcon.colcon_core.shell:Creating package script '/home/ws2/ros2_ws/src/ardupilot_gz/install/ardupilot_gz_bringup/share/ardupilot_gz_bringup/package.ps1'
[0.480s] INFO:colcon.colcon_core.shell:Creating package descriptor '/home/ws2/ros2_ws/src/ardupilot_gz/install/ardupilot_gz_bringup/share/ardupilot_gz_bringup/package.dsv'
[0.480s] INFO:colcon.colcon_core.shell:Creating package script '/home/ws2/ros2_ws/src/ardupilot_gz/install/ardupilot_gz_bringup/share/ardupilot_gz_bringup/package.sh'
[0.480s] INFO:colcon.colcon_core.shell:Creating package script '/home/ws2/ros2_ws/src/ardupilot_gz/install/ardupilot_gz_bringup/share/ardupilot_gz_bringup/package.bash'
[0.480s] INFO:colcon.colcon_core.shell:Creating package script '/home/ws2/ros2_ws/src/ardupilot_gz/install/ardupilot_gz_bringup/share/ardupilot_gz_bringup/package.zsh'
[0.480s] Level 1:colcon.colcon_core.environment:create_file_with_runtime_dependencies(/home/ws2/ros2_ws/src/ardupilot_gz/install/ardupilot_gz_bringup/share/colcon-core/packages/ardupilot_gz_bringup)
[0.510s] Level 1:colcon.colcon_core.environment:create_environment_scripts_only(ardupilot_gz_bringup)
[0.511s] Level 1:colcon.colcon_core.environment:checking '/home/ws2/ros2_ws/src/ardupilot_gz/install/ardupilot_gz_bringup' for CMake module files
[0.511s] Level 1:colcon.colcon_core.environment:checking '/home/ws2/ros2_ws/src/ardupilot_gz/install/ardupilot_gz_bringup' for CMake config files
[0.511s] Level 1:colcon.colcon_core.shell:create_environment_hook('ardupilot_gz_bringup', 'cmake_prefix_path')
[0.512s] INFO:colcon.colcon_core.shell:Creating environment hook '/home/ws2/ros2_ws/src/ardupilot_gz/install/ardupilot_gz_bringup/share/ardupilot_gz_bringup/hook/cmake_prefix_path.ps1'
[0.512s] INFO:colcon.colcon_core.shell:Creating environment descriptor '/home/ws2/ros2_ws/src/ardupilot_gz/install/ardupilot_gz_bringup/share/ardupilot_gz_bringup/hook/cmake_prefix_path.dsv'
[0.512s] INFO:colcon.colcon_core.shell:Creating environment hook '/home/ws2/ros2_ws/src/ardupilot_gz/install/ardupilot_gz_bringup/share/ardupilot_gz_bringup/hook/cmake_prefix_path.sh'
[0.512s] Level 1:colcon.colcon_core.environment:checking '/home/ws2/ros2_ws/src/ardupilot_gz/install/ardupilot_gz_bringup/bin'
[0.513s] Level 1:colcon.colcon_core.environment:checking '/home/ws2/ros2_ws/src/ardupilot_gz/install/ardupilot_gz_bringup/lib/pkgconfig/ardupilot_gz_bringup.pc'
[0.513s] Level 1:colcon.colcon_core.environment:checking '/home/ws2/ros2_ws/src/ardupilot_gz/install/ardupilot_gz_bringup/lib/python3.10/site-packages'
[0.513s] Level 1:colcon.colcon_core.environment:checking '/home/ws2/ros2_ws/src/ardupilot_gz/install/ardupilot_gz_bringup/bin'
[0.514s] INFO:colcon.colcon_core.shell:Creating package script '/home/ws2/ros2_ws/src/ardupilot_gz/install/ardupilot_gz_bringup/share/ardupilot_gz_bringup/package.ps1'
[0.514s] INFO:colcon.colcon_core.shell:Creating package descriptor '/home/ws2/ros2_ws/src/ardupilot_gz/install/ardupilot_gz_bringup/share/ardupilot_gz_bringup/package.dsv'
[0.514s] INFO:colcon.colcon_core.shell:Creating package script '/home/ws2/ros2_ws/src/ardupilot_gz/install/ardupilot_gz_bringup/share/ardupilot_gz_bringup/package.sh'
[0.514s] INFO:colcon.colcon_core.shell:Creating package script '/home/ws2/ros2_ws/src/ardupilot_gz/install/ardupilot_gz_bringup/share/ardupilot_gz_bringup/package.bash'
[0.515s] INFO:colcon.colcon_core.shell:Creating package script '/home/ws2/ros2_ws/src/ardupilot_gz/install/ardupilot_gz_bringup/share/ardupilot_gz_bringup/package.zsh'
[0.515s] Level 1:colcon.colcon_core.environment:create_file_with_runtime_dependencies(/home/ws2/ros2_ws/src/ardupilot_gz/install/ardupilot_gz_bringup/share/colcon-core/packages/ardupilot_gz_bringup)
[0.515s] DEBUG:colcon.colcon_parallel_executor.executor.parallel:closing loop
[0.515s] DEBUG:colcon.colcon_parallel_executor.executor.parallel:loop closed
[0.515s] DEBUG:colcon.colcon_parallel_executor.executor.parallel:run_until_complete finished with '0'
[0.515s] DEBUG:colcon.colcon_core.event_reactor:joining thread
[0.521s] INFO:colcon.colcon_core.plugin_system:Skipping extension 'colcon_notification.desktop_notification.terminal_notifier': Not used on non-Darwin systems
[0.521s] INFO:colcon.colcon_core.plugin_system:Skipping extension 'colcon_notification.desktop_notification.win32': Not used on non-Windows systems
[0.521s] INFO:colcon.colcon_notification.desktop_notification:Sending desktop notification using 'notify2'
[0.528s] DEBUG:colcon.colcon_core.event_reactor:joined thread
[0.530s] INFO:colcon.colcon_core.shell:Creating prefix script '/home/ws2/ros2_ws/src/ardupilot_gz/install/local_setup.ps1'
[0.531s] INFO:colcon.colcon_core.shell:Creating prefix util module '/home/ws2/ros2_ws/src/ardupilot_gz/install/_local_setup_util_ps1.py'
[0.532s] INFO:colcon.colcon_core.shell:Creating prefix chain script '/home/ws2/ros2_ws/src/ardupilot_gz/install/setup.ps1'
[0.536s] INFO:colcon.colcon_core.shell:Creating prefix script '/home/ws2/ros2_ws/src/ardupilot_gz/install/local_setup.sh'
[0.537s] INFO:colcon.colcon_core.shell:Creating prefix util module '/home/ws2/ros2_ws/src/ardupilot_gz/install/_local_setup_util_sh.py'
[0.537s] INFO:colcon.colcon_core.shell:Creating prefix chain script '/home/ws2/ros2_ws/src/ardupilot_gz/install/setup.sh'
[0.540s] INFO:colcon.colcon_core.shell:Creating prefix script '/home/ws2/ros2_ws/src/ardupilot_gz/install/local_setup.bash'
[0.540s] INFO:colcon.colcon_core.shell:Creating prefix chain script '/home/ws2/ros2_ws/src/ardupilot_gz/install/setup.bash'
[0.542s] INFO:colcon.colcon_core.shell:Creating prefix script '/home/ws2/ros2_ws/src/ardupilot_gz/install/local_setup.zsh'
[0.542s] INFO:colcon.colcon_core.shell:Creating prefix chain script '/home/ws2/ros2_ws/src/ardupilot_gz/install/setup.zsh'
