[0.171s] DEBUG:colcon:Command line arguments: ['/usr/bin/colcon', 'build', '--symlink-install']
[0.172s] DEBUG:colcon:Parsed command line arguments: Namespace(log_base=None, log_level=None, verb_name='build', build_base='build', install_base='install', merge_install=False, symlink_install=True, test_result_base=None, continue_on_error=False, executor='parallel', parallel_workers=24, event_handlers=None, ignore_user_meta=False, metas=['./colcon.meta'], base_paths=['.'], packages_ignore=None, packages_ignore_regex=None, paths=None, packages_up_to=None, packages_up_to_regex=None, packages_above=None, packages_above_and_dependencies=None, packages_above_depth=None, packages_select_by_dep=None, packages_skip_by_dep=None, packages_skip_up_to=None, packages_select_build_failed=False, packages_skip_build_finished=False, packages_select_test_failures=False, packages_skip_test_passed=False, packages_select=None, packages_skip=None, packages_select_regex=None, packages_skip_regex=None, packages_start=None, packages_end=None, allow_overriding=[], cmake_args=None, cmake_target=None, cmake_target_skip_unavailable=False, cmake_clean_cache=False, cmake_clean_first=False, cmake_force_configure=False, ament_cmake_args=None, catkin_cmake_args=None, catkin_skip_building_tests=False, verb_parser=<colcon_defaults.argument_parser.defaults.DefaultArgumentsDecorator object at 0x7f5356940670>, verb_extension=<colcon_core.verb.build.BuildVerb object at 0x7f535737ed10>, main=<bound method BuildVerb.main of <colcon_core.verb.build.BuildVerb object at 0x7f535737ed10>>)
[0.183s] Level 1:colcon.colcon_core.package_discovery:discover_packages(colcon_meta) check parameters
[0.183s] Level 1:colcon.colcon_core.package_discovery:discover_packages(recursive) check parameters
[0.183s] Level 1:colcon.colcon_core.package_discovery:discover_packages(ignore) check parameters
[0.183s] Level 1:colcon.colcon_core.package_discovery:discover_packages(path) check parameters
[0.183s] Level 1:colcon.colcon_core.package_discovery:discover_packages(colcon_meta) discover
[0.183s] Level 1:colcon.colcon_core.package_discovery:discover_packages(recursive) discover
[0.183s] INFO:colcon.colcon_core.package_discovery:Crawling recursively for packages in '/home/ws2/ros2_ws/src/ardupilot_ros'
[0.183s] Level 1:colcon.colcon_core.package_identification:_identify(.) by extensions ['ignore', 'ignore_ament_install']
[0.184s] Level 1:colcon.colcon_core.package_identification:_identify(.) by extension 'ignore'
[0.184s] Level 1:colcon.colcon_core.package_identification:_identify(.) by extension 'ignore_ament_install'
[0.184s] Level 1:colcon.colcon_core.package_identification:_identify(.) by extensions ['colcon_pkg']
[0.184s] Level 1:colcon.colcon_core.package_identification:_identify(.) by extension 'colcon_pkg'
[0.184s] Level 1:colcon.colcon_core.package_identification:_identify(.) by extensions ['colcon_meta']
[0.184s] Level 1:colcon.colcon_core.package_identification:_identify(.) by extension 'colcon_meta'
[0.184s] Level 1:colcon.colcon_core.package_identification:_identify(.) by extensions ['ros']
[0.184s] Level 1:colcon.colcon_core.package_identification:_identify(.) by extension 'ros'
[0.190s] DEBUG:colcon.colcon_core.package_identification:Package '.' with type 'ros.ament_python' and name 'ardupilot_ros'
[0.190s] Level 1:colcon.colcon_core.package_discovery:discover_packages(recursive) using defaults
[0.190s] Level 1:colcon.colcon_core.package_discovery:discover_packages(ignore) discover
[0.190s] Level 1:colcon.colcon_core.package_discovery:discover_packages(ignore) using defaults
[0.190s] Level 1:colcon.colcon_core.package_discovery:discover_packages(path) discover
[0.190s] Level 1:colcon.colcon_core.package_discovery:discover_packages(path) using defaults
[0.204s] Level 1:colcon.colcon_core.package_discovery:discover_packages(prefix_path) check parameters
[0.204s] Level 1:colcon.colcon_core.package_discovery:discover_packages(prefix_path) discover
[0.206s] DEBUG:colcon.colcon_installed_package_information.package_discovery:Found 37 installed packages in /home/ws2/ros2_ws/install
[0.206s] DEBUG:colcon.colcon_installed_package_information.package_discovery:Found 17 installed packages in /home/ws2/glenn/ros2/install
[0.207s] DEBUG:colcon.colcon_installed_package_information.package_discovery:Found 312 installed packages in /opt/ros/humble
[0.208s] Level 1:colcon.colcon_core.package_discovery:discover_packages(prefix_path) using defaults
[0.241s] Level 5:colcon.colcon_core.verb:set package 'ardupilot_ros' build argument 'cmake_args' from command line to 'None'
[0.241s] Level 5:colcon.colcon_core.verb:set package 'ardupilot_ros' build argument 'cmake_target' from command line to 'None'
[0.241s] Level 5:colcon.colcon_core.verb:set package 'ardupilot_ros' build argument 'cmake_target_skip_unavailable' from command line to 'False'
[0.241s] Level 5:colcon.colcon_core.verb:set package 'ardupilot_ros' build argument 'cmake_clean_cache' from command line to 'False'
[0.241s] Level 5:colcon.colcon_core.verb:set package 'ardupilot_ros' build argument 'cmake_clean_first' from command line to 'False'
[0.241s] Level 5:colcon.colcon_core.verb:set package 'ardupilot_ros' build argument 'cmake_force_configure' from command line to 'False'
[0.241s] Level 5:colcon.colcon_core.verb:set package 'ardupilot_ros' build argument 'ament_cmake_args' from command line to 'None'
[0.241s] Level 5:colcon.colcon_core.verb:set package 'ardupilot_ros' build argument 'catkin_cmake_args' from command line to 'None'
[0.241s] Level 5:colcon.colcon_core.verb:set package 'ardupilot_ros' build argument 'catkin_skip_building_tests' from command line to 'False'
[0.241s] DEBUG:colcon.colcon_core.verb:Building package 'ardupilot_ros' with the following arguments: {'ament_cmake_args': None, 'build_base': '/home/ws2/ros2_ws/src/ardupilot_ros/build/ardupilot_ros', 'catkin_cmake_args': None, 'catkin_skip_building_tests': False, 'cmake_args': None, 'cmake_clean_cache': False, 'cmake_clean_first': False, 'cmake_force_configure': False, 'cmake_target': None, 'cmake_target_skip_unavailable': False, 'install_base': '/home/ws2/ros2_ws/src/ardupilot_ros/install/ardupilot_ros', 'merge_install': False, 'path': '/home/ws2/ros2_ws/src/ardupilot_ros', 'symlink_install': True, 'test_result_base': None}
[0.241s] INFO:colcon.colcon_core.executor:Executing jobs using 'parallel' executor
[0.243s] DEBUG:colcon.colcon_parallel_executor.executor.parallel:run_until_complete
[0.243s] INFO:colcon.colcon_ros.task.ament_python.build:Building ROS package in '/home/ws2/ros2_ws/src/ardupilot_ros' with build type 'ament_python'
[0.243s] Level 1:colcon.colcon_core.shell:create_environment_hook('ardupilot_ros', 'ament_prefix_path')
[0.245s] INFO:colcon.colcon_core.plugin_system:Skipping extension 'colcon_core.shell.bat': Not used on non-Windows systems
[0.245s] INFO:colcon.colcon_core.shell:Creating environment hook '/home/ws2/ros2_ws/src/ardupilot_ros/install/ardupilot_ros/share/ardupilot_ros/hook/ament_prefix_path.ps1'
[0.245s] INFO:colcon.colcon_core.shell:Creating environment descriptor '/home/ws2/ros2_ws/src/ardupilot_ros/install/ardupilot_ros/share/ardupilot_ros/hook/ament_prefix_path.dsv'
[0.245s] INFO:colcon.colcon_core.shell:Creating environment hook '/home/ws2/ros2_ws/src/ardupilot_ros/install/ardupilot_ros/share/ardupilot_ros/hook/ament_prefix_path.sh'
[0.246s] INFO:colcon.colcon_core.shell:Skip shell extension 'powershell' for command environment: Not usable outside of PowerShell
[0.246s] DEBUG:colcon.colcon_core.shell:Skip shell extension 'dsv' for command environment
[0.389s] INFO:colcon.colcon_core.task.python.build:Building Python package in '/home/ws2/ros2_ws/src/ardupilot_ros'
[0.390s] INFO:colcon.colcon_core.shell:Skip shell extension 'powershell' for command environment: Not usable outside of PowerShell
[0.390s] DEBUG:colcon.colcon_core.shell:Skip shell extension 'dsv' for command environment
[0.583s] DEBUG:colcon.colcon_core.task.python.build:While undoing a previous installation files outside the Python library path are being ignored: /home/ws2/ros2_ws/src/ardupilot_ros/install/ardupilot_ros/share/ament_index/resource_index/packages/ardupilot_ros
[0.583s] DEBUG:colcon.colcon_core.task.python.build:While undoing a previous installation files outside the Python library path are being ignored: /home/ws2/ros2_ws/src/ardupilot_ros/install/ardupilot_ros/share/ardupilot_ros/package.xml
[0.583s] DEBUG:colcon.colcon_core.task.python.build:While undoing a previous installation files outside the Python library path are being ignored: /home/ws2/ros2_ws/src/ardupilot_ros/install/ardupilot_ros/share/ardupilot_ros/launch/cartographer.launch.py
[0.583s] DEBUG:colcon.colcon_core.task.python.build:While undoing a previous installation files outside the Python library path are being ignored: /home/ws2/ros2_ws/src/ardupilot_ros/install/ardupilot_ros/share/ardupilot_ros/config/cartographer.lua
[0.583s] DEBUG:colcon.colcon_core.task.python.build:While undoing a previous installation files outside the Python library path are being ignored: /home/ws2/ros2_ws/src/ardupilot_ros/install/ardupilot_ros/share/ardupilot_ros/rviz/cartographer.rviz
[0.583s] DEBUG:colcon.colcon_core.task.python.build:While undoing a previous installation files outside the Python library path are being ignored: /home/ws2/ros2_ws/src/ardupilot_ros/install/ardupilot_ros/lib/ardupilot_ros/joy_controller
[0.584s] DEBUG:colcon.colcon_core.event_handler.log_command:Invoking command in '/home/ws2/ros2_ws/src/ardupilot_ros/build/ardupilot_ros': CONDA_PROMPT_MODIFIER=(base) PYTHONPATH=/home/ws2/ros2_ws/src/ardupilot_ros/build/ardupilot_ros/prefix_override:/home/ws2/ros2_ws/src/ardupilot_ros/install/ardupilot_ros/lib/python3.10/site-packages:${PYTHONPATH} /usr/bin/python3 setup.py develop --editable --build-directory /home/ws2/ros2_ws/src/ardupilot_ros/build/ardupilot_ros/build --no-deps install_data
[0.830s] Level 1:colcon.colcon_core.shell:create_environment_hook('ardupilot_ros', 'pythonpath_develop')
[0.831s] INFO:colcon.colcon_core.shell:Creating environment hook '/home/ws2/ros2_ws/src/ardupilot_ros/build/ardupilot_ros/share/ardupilot_ros/hook/pythonpath_develop.ps1'
[0.831s] DEBUG:colcon.colcon_core.event_handler.log_command:Invoked command in '/home/ws2/ros2_ws/src/ardupilot_ros/build/ardupilot_ros' returned '0': CONDA_PROMPT_MODIFIER=(base) PYTHONPATH=/home/ws2/ros2_ws/src/ardupilot_ros/build/ardupilot_ros/prefix_override:/home/ws2/ros2_ws/src/ardupilot_ros/install/ardupilot_ros/lib/python3.10/site-packages:${PYTHONPATH} /usr/bin/python3 setup.py develop --editable --build-directory /home/ws2/ros2_ws/src/ardupilot_ros/build/ardupilot_ros/build --no-deps install_data
[0.832s] INFO:colcon.colcon_core.shell:Creating environment descriptor '/home/ws2/ros2_ws/src/ardupilot_ros/build/ardupilot_ros/share/ardupilot_ros/hook/pythonpath_develop.dsv'
[0.832s] INFO:colcon.colcon_core.shell:Creating environment hook '/home/ws2/ros2_ws/src/ardupilot_ros/build/ardupilot_ros/share/ardupilot_ros/hook/pythonpath_develop.sh'
[0.835s] Level 1:colcon.colcon_core.environment:checking '/home/ws2/ros2_ws/src/ardupilot_ros/install/ardupilot_ros' for CMake module files
[0.835s] Level 1:colcon.colcon_core.environment:checking '/home/ws2/ros2_ws/src/ardupilot_ros/install/ardupilot_ros' for CMake config files
[0.836s] Level 1:colcon.colcon_core.environment:checking '/home/ws2/ros2_ws/src/ardupilot_ros/install/ardupilot_ros/lib'
[0.836s] Level 1:colcon.colcon_core.environment:checking '/home/ws2/ros2_ws/src/ardupilot_ros/install/ardupilot_ros/bin'
[0.836s] Level 1:colcon.colcon_core.environment:checking '/home/ws2/ros2_ws/src/ardupilot_ros/install/ardupilot_ros/lib/pkgconfig/ardupilot_ros.pc'
[0.836s] Level 1:colcon.colcon_core.environment:checking '/home/ws2/ros2_ws/src/ardupilot_ros/install/ardupilot_ros/lib/python3.10/site-packages'
[0.836s] Level 1:colcon.colcon_core.shell:create_environment_hook('ardupilot_ros', 'pythonpath')
[0.837s] INFO:colcon.colcon_core.shell:Creating environment hook '/home/ws2/ros2_ws/src/ardupilot_ros/install/ardupilot_ros/share/ardupilot_ros/hook/pythonpath.ps1'
[0.838s] INFO:colcon.colcon_core.shell:Creating environment descriptor '/home/ws2/ros2_ws/src/ardupilot_ros/install/ardupilot_ros/share/ardupilot_ros/hook/pythonpath.dsv'
[0.838s] INFO:colcon.colcon_core.shell:Creating environment hook '/home/ws2/ros2_ws/src/ardupilot_ros/install/ardupilot_ros/share/ardupilot_ros/hook/pythonpath.sh'
[0.838s] Level 1:colcon.colcon_core.environment:checking '/home/ws2/ros2_ws/src/ardupilot_ros/install/ardupilot_ros/bin'
[0.838s] Level 1:colcon.colcon_core.environment:create_environment_scripts_only(ardupilot_ros)
[0.840s] INFO:colcon.colcon_core.shell:Creating package script '/home/ws2/ros2_ws/src/ardupilot_ros/install/ardupilot_ros/share/ardupilot_ros/package.ps1'
[0.840s] INFO:colcon.colcon_core.shell:Creating package descriptor '/home/ws2/ros2_ws/src/ardupilot_ros/install/ardupilot_ros/share/ardupilot_ros/package.dsv'
[0.841s] INFO:colcon.colcon_core.shell:Creating package script '/home/ws2/ros2_ws/src/ardupilot_ros/install/ardupilot_ros/share/ardupilot_ros/package.sh'
[0.841s] INFO:colcon.colcon_core.shell:Creating package script '/home/ws2/ros2_ws/src/ardupilot_ros/install/ardupilot_ros/share/ardupilot_ros/package.bash'
[0.842s] INFO:colcon.colcon_core.shell:Creating package script '/home/ws2/ros2_ws/src/ardupilot_ros/install/ardupilot_ros/share/ardupilot_ros/package.zsh'
[0.842s] Level 1:colcon.colcon_core.environment:create_file_with_runtime_dependencies(/home/ws2/ros2_ws/src/ardupilot_ros/install/ardupilot_ros/share/colcon-core/packages/ardupilot_ros)
[0.842s] DEBUG:colcon.colcon_parallel_executor.executor.parallel:closing loop
[0.843s] DEBUG:colcon.colcon_parallel_executor.executor.parallel:loop closed
[0.843s] DEBUG:colcon.colcon_parallel_executor.executor.parallel:run_until_complete finished with '0'
[0.843s] DEBUG:colcon.colcon_core.event_reactor:joining thread
[0.845s] INFO:colcon.colcon_core.plugin_system:Skipping extension 'colcon_notification.desktop_notification.terminal_notifier': Not used on non-Darwin systems
[0.845s] INFO:colcon.colcon_core.plugin_system:Skipping extension 'colcon_notification.desktop_notification.win32': Not used on non-Windows systems
[0.845s] INFO:colcon.colcon_notification.desktop_notification:Sending desktop notification using 'notify2'
[0.852s] DEBUG:colcon.colcon_core.event_reactor:joined thread
[0.854s] INFO:colcon.colcon_core.shell:Creating prefix script '/home/ws2/ros2_ws/src/ardupilot_ros/install/local_setup.ps1'
[0.854s] INFO:colcon.colcon_core.shell:Creating prefix util module '/home/ws2/ros2_ws/src/ardupilot_ros/install/_local_setup_util_ps1.py'
[0.855s] INFO:colcon.colcon_core.shell:Creating prefix chain script '/home/ws2/ros2_ws/src/ardupilot_ros/install/setup.ps1'
[0.859s] INFO:colcon.colcon_core.shell:Creating prefix script '/home/ws2/ros2_ws/src/ardupilot_ros/install/local_setup.sh'
[0.859s] INFO:colcon.colcon_core.shell:Creating prefix util module '/home/ws2/ros2_ws/src/ardupilot_ros/install/_local_setup_util_sh.py'
[0.860s] INFO:colcon.colcon_core.shell:Creating prefix chain script '/home/ws2/ros2_ws/src/ardupilot_ros/install/setup.sh'
[0.862s] INFO:colcon.colcon_core.shell:Creating prefix script '/home/ws2/ros2_ws/src/ardupilot_ros/install/local_setup.bash'
[0.863s] INFO:colcon.colcon_core.shell:Creating prefix chain script '/home/ws2/ros2_ws/src/ardupilot_ros/install/setup.bash'
[0.864s] INFO:colcon.colcon_core.shell:Creating prefix script '/home/ws2/ros2_ws/src/ardupilot_ros/install/local_setup.zsh'
[0.864s] INFO:colcon.colcon_core.shell:Creating prefix chain script '/home/ws2/ros2_ws/src/ardupilot_ros/install/setup.zsh'
