[0.010s] Invoking command in '/home/ws2/ros2_ws/src/ardupilot_gz/build/ardupilot_gz_application': CMAKE_PREFIX_PATH=${CMAKE_PREFIX_PATH}:/home/ws2/ros2_ws/install/py_srvcli:/home/ws2/ros2_ws/install/py_pubsub:/home/ws2/ros2_ws/install/ardupilot_ros:/home/ws2/ros2_ws/install/python_parameters:/home/ws2/ros2_ws/install/mission_test:/home/ws2/ros2_ws/install/ardupilot_dds_tests:/home/ws2/ros2_ws/install/launch_testing_examples:/home/ws2/ros2_ws/install/jetson_pkg:/home/ws2/ros2_ws/install/examples_rclpy_pointcloud_publisher:/home/ws2/ros2_ws/install/examples_rclpy_minimal_subscriber:/home/ws2/ros2_ws/install/examples_rclpy_minimal_service:/home/ws2/ros2_ws/install/examples_rclpy_minimal_publisher:/home/ws2/ros2_ws/install/examples_rclpy_minimal_client:/home/ws2/ros2_ws/install/examples_rclpy_minimal_action_server:/home/ws2/ros2_ws/install/examples_rclpy_minimal_action_client:/home/ws2/ros2_ws/install/examples_rclpy_guard_conditions:/home/ws2/ros2_ws/install/examples_rclpy_executors:/home/ws2/glenn/ros2/install/vision:/home/ws2/glenn/ros2/install/nav:/home/ws2/glenn/ros2/install/gps:/home/ws2/glenn/ros2/install/drone_test:/home/ws2/glenn/ros2/install/isaac_ros_test:/home/ws2/glenn/ros2/install/GPS:/opt/ros/humble CONDA_PROMPT_MODIFIER=(base) /home/ws2/.local/bin/cmake /home/ws2/ros2_ws/src/ardupilot_gz/ardupilot_gz_application -DCMAKE_INSTALL_PREFIX=/home/ws2/ros2_ws/src/ardupilot_gz/install/ardupilot_gz_application
[0.100s] -- The C compiler identification is GNU 11.4.0
[0.155s] -- The CXX compiler identification is GNU 11.4.0
[0.172s] -- Detecting C compiler ABI info
[0.205s] -- Detecting C compiler ABI info - done
[0.211s] -- Check for working C compiler: /usr/lib/ccache/cc - skipped
[0.211s] -- Detecting C compile features
[0.211s] -- Detecting C compile features - done
[0.218s] -- Detecting CXX compiler ABI info
[0.252s] -- Detecting CXX compiler ABI info - done
[0.258s] -- Check for working CXX compiler: /usr/lib/ccache/c++ - skipped
[0.258s] -- Detecting CXX compile features
[0.258s] -- Detecting CXX compile features - done
[0.264s] -- Found ament_cmake: 1.3.5 (/opt/ros/humble/share/ament_cmake/cmake)
[0.763s] -- Found Python3: /home/ws2/mambaforge/bin/python3.10 (found version "3.10.12") found components: Interpreter 
[0.859s] -- Found ament_lint_auto: 0.12.7 (/opt/ros/humble/share/ament_lint_auto/cmake)
[0.945s] -- Added test 'copyright' to check source files copyright and LICENSE
[0.946s] -- Added test 'lint_cmake' to check CMake code style
[0.948s] -- Added test 'xmllint' to check XML markup files
[0.950s] -- Configuring done (0.9s)
[0.951s] -- Generating done (0.0s)
[0.951s] -- Build files have been written to: /home/ws2/ros2_ws/src/ardupilot_gz/build/ardupilot_gz_application
[0.958s] Invoked command in '/home/ws2/ros2_ws/src/ardupilot_gz/build/ardupilot_gz_application' returned '0': CMAKE_PREFIX_PATH=${CMAKE_PREFIX_PATH}:/home/ws2/ros2_ws/install/py_srvcli:/home/ws2/ros2_ws/install/py_pubsub:/home/ws2/ros2_ws/install/ardupilot_ros:/home/ws2/ros2_ws/install/python_parameters:/home/ws2/ros2_ws/install/mission_test:/home/ws2/ros2_ws/install/ardupilot_dds_tests:/home/ws2/ros2_ws/install/launch_testing_examples:/home/ws2/ros2_ws/install/jetson_pkg:/home/ws2/ros2_ws/install/examples_rclpy_pointcloud_publisher:/home/ws2/ros2_ws/install/examples_rclpy_minimal_subscriber:/home/ws2/ros2_ws/install/examples_rclpy_minimal_service:/home/ws2/ros2_ws/install/examples_rclpy_minimal_publisher:/home/ws2/ros2_ws/install/examples_rclpy_minimal_client:/home/ws2/ros2_ws/install/examples_rclpy_minimal_action_server:/home/ws2/ros2_ws/install/examples_rclpy_minimal_action_client:/home/ws2/ros2_ws/install/examples_rclpy_guard_conditions:/home/ws2/ros2_ws/install/examples_rclpy_executors:/home/ws2/glenn/ros2/install/vision:/home/ws2/glenn/ros2/install/nav:/home/ws2/glenn/ros2/install/gps:/home/ws2/glenn/ros2/install/drone_test:/home/ws2/glenn/ros2/install/isaac_ros_test:/home/ws2/glenn/ros2/install/GPS:/opt/ros/humble CONDA_PROMPT_MODIFIER=(base) /home/ws2/.local/bin/cmake /home/ws2/ros2_ws/src/ardupilot_gz/ardupilot_gz_application -DCMAKE_INSTALL_PREFIX=/home/ws2/ros2_ws/src/ardupilot_gz/install/ardupilot_gz_application
[0.959s] Invoking command in '/home/ws2/ros2_ws/src/ardupilot_gz/build/ardupilot_gz_application': CMAKE_PREFIX_PATH=${CMAKE_PREFIX_PATH}:/home/ws2/ros2_ws/install/py_srvcli:/home/ws2/ros2_ws/install/py_pubsub:/home/ws2/ros2_ws/install/ardupilot_ros:/home/ws2/ros2_ws/install/python_parameters:/home/ws2/ros2_ws/install/mission_test:/home/ws2/ros2_ws/install/ardupilot_dds_tests:/home/ws2/ros2_ws/install/launch_testing_examples:/home/ws2/ros2_ws/install/jetson_pkg:/home/ws2/ros2_ws/install/examples_rclpy_pointcloud_publisher:/home/ws2/ros2_ws/install/examples_rclpy_minimal_subscriber:/home/ws2/ros2_ws/install/examples_rclpy_minimal_service:/home/ws2/ros2_ws/install/examples_rclpy_minimal_publisher:/home/ws2/ros2_ws/install/examples_rclpy_minimal_client:/home/ws2/ros2_ws/install/examples_rclpy_minimal_action_server:/home/ws2/ros2_ws/install/examples_rclpy_minimal_action_client:/home/ws2/ros2_ws/install/examples_rclpy_guard_conditions:/home/ws2/ros2_ws/install/examples_rclpy_executors:/home/ws2/glenn/ros2/install/vision:/home/ws2/glenn/ros2/install/nav:/home/ws2/glenn/ros2/install/gps:/home/ws2/glenn/ros2/install/drone_test:/home/ws2/glenn/ros2/install/isaac_ros_test:/home/ws2/glenn/ros2/install/GPS:/opt/ros/humble CONDA_PROMPT_MODIFIER=(base) /home/ws2/.local/bin/cmake --build /home/ws2/ros2_ws/src/ardupilot_gz/build/ardupilot_gz_application -- -j24 -l24
[0.987s] Invoked command in '/home/ws2/ros2_ws/src/ardupilot_gz/build/ardupilot_gz_application' returned '0': CMAKE_PREFIX_PATH=${CMAKE_PREFIX_PATH}:/home/ws2/ros2_ws/install/py_srvcli:/home/ws2/ros2_ws/install/py_pubsub:/home/ws2/ros2_ws/install/ardupilot_ros:/home/ws2/ros2_ws/install/python_parameters:/home/ws2/ros2_ws/install/mission_test:/home/ws2/ros2_ws/install/ardupilot_dds_tests:/home/ws2/ros2_ws/install/launch_testing_examples:/home/ws2/ros2_ws/install/jetson_pkg:/home/ws2/ros2_ws/install/examples_rclpy_pointcloud_publisher:/home/ws2/ros2_ws/install/examples_rclpy_minimal_subscriber:/home/ws2/ros2_ws/install/examples_rclpy_minimal_service:/home/ws2/ros2_ws/install/examples_rclpy_minimal_publisher:/home/ws2/ros2_ws/install/examples_rclpy_minimal_client:/home/ws2/ros2_ws/install/examples_rclpy_minimal_action_server:/home/ws2/ros2_ws/install/examples_rclpy_minimal_action_client:/home/ws2/ros2_ws/install/examples_rclpy_guard_conditions:/home/ws2/ros2_ws/install/examples_rclpy_executors:/home/ws2/glenn/ros2/install/vision:/home/ws2/glenn/ros2/install/nav:/home/ws2/glenn/ros2/install/gps:/home/ws2/glenn/ros2/install/drone_test:/home/ws2/glenn/ros2/install/isaac_ros_test:/home/ws2/glenn/ros2/install/GPS:/opt/ros/humble CONDA_PROMPT_MODIFIER=(base) /home/ws2/.local/bin/cmake --build /home/ws2/ros2_ws/src/ardupilot_gz/build/ardupilot_gz_application -- -j24 -l24
[1.036s] Invoking command in '/home/ws2/ros2_ws/src/ardupilot_gz/build/ardupilot_gz_application': CMAKE_PREFIX_PATH=${CMAKE_PREFIX_PATH}:/home/ws2/ros2_ws/install/py_srvcli:/home/ws2/ros2_ws/install/py_pubsub:/home/ws2/ros2_ws/install/ardupilot_ros:/home/ws2/ros2_ws/install/python_parameters:/home/ws2/ros2_ws/install/mission_test:/home/ws2/ros2_ws/install/ardupilot_dds_tests:/home/ws2/ros2_ws/install/launch_testing_examples:/home/ws2/ros2_ws/install/jetson_pkg:/home/ws2/ros2_ws/install/examples_rclpy_pointcloud_publisher:/home/ws2/ros2_ws/install/examples_rclpy_minimal_subscriber:/home/ws2/ros2_ws/install/examples_rclpy_minimal_service:/home/ws2/ros2_ws/install/examples_rclpy_minimal_publisher:/home/ws2/ros2_ws/install/examples_rclpy_minimal_client:/home/ws2/ros2_ws/install/examples_rclpy_minimal_action_server:/home/ws2/ros2_ws/install/examples_rclpy_minimal_action_client:/home/ws2/ros2_ws/install/examples_rclpy_guard_conditions:/home/ws2/ros2_ws/install/examples_rclpy_executors:/home/ws2/glenn/ros2/install/vision:/home/ws2/glenn/ros2/install/nav:/home/ws2/glenn/ros2/install/gps:/home/ws2/glenn/ros2/install/drone_test:/home/ws2/glenn/ros2/install/isaac_ros_test:/home/ws2/glenn/ros2/install/GPS:/opt/ros/humble CONDA_PROMPT_MODIFIER=(base) /home/ws2/.local/bin/cmake --install /home/ws2/ros2_ws/src/ardupilot_gz/build/ardupilot_gz_application
[1.055s] -- Install configuration: ""
[1.055s] -- Installing: /home/ws2/ros2_ws/src/ardupilot_gz/install/ardupilot_gz_application/share/ament_index/resource_index/package_run_dependencies/ardupilot_gz_application
[1.055s] -- Installing: /home/ws2/ros2_ws/src/ardupilot_gz/install/ardupilot_gz_application/share/ament_index/resource_index/parent_prefix_path/ardupilot_gz_application
[1.056s] -- Installing: /home/ws2/ros2_ws/src/ardupilot_gz/install/ardupilot_gz_application/share/ardupilot_gz_application/environment/ament_prefix_path.sh
[1.056s] -- Installing: /home/ws2/ros2_ws/src/ardupilot_gz/install/ardupilot_gz_application/share/ardupilot_gz_application/environment/ament_prefix_path.dsv
[1.056s] -- Installing: /home/ws2/ros2_ws/src/ardupilot_gz/install/ardupilot_gz_application/share/ardupilot_gz_application/environment/path.sh
[1.056s] -- Installing: /home/ws2/ros2_ws/src/ardupilot_gz/install/ardupilot_gz_application/share/ardupilot_gz_application/environment/path.dsv
[1.056s] -- Installing: /home/ws2/ros2_ws/src/ardupilot_gz/install/ardupilot_gz_application/share/ardupilot_gz_application/local_setup.bash
[1.056s] -- Installing: /home/ws2/ros2_ws/src/ardupilot_gz/install/ardupilot_gz_application/share/ardupilot_gz_application/local_setup.sh
[1.056s] -- Installing: /home/ws2/ros2_ws/src/ardupilot_gz/install/ardupilot_gz_application/share/ardupilot_gz_application/local_setup.zsh
[1.056s] -- Installing: /home/ws2/ros2_ws/src/ardupilot_gz/install/ardupilot_gz_application/share/ardupilot_gz_application/local_setup.dsv
[1.056s] -- Installing: /home/ws2/ros2_ws/src/ardupilot_gz/install/ardupilot_gz_application/share/ardupilot_gz_application/package.dsv
[1.056s] -- Installing: /home/ws2/ros2_ws/src/ardupilot_gz/install/ardupilot_gz_application/share/ament_index/resource_index/packages/ardupilot_gz_application
[1.056s] -- Installing: /home/ws2/ros2_ws/src/ardupilot_gz/install/ardupilot_gz_application/share/ardupilot_gz_application/cmake/ardupilot_gz_applicationConfig.cmake
[1.056s] -- Installing: /home/ws2/ros2_ws/src/ardupilot_gz/install/ardupilot_gz_application/share/ardupilot_gz_application/cmake/ardupilot_gz_applicationConfig-version.cmake
[1.057s] -- Installing: /home/ws2/ros2_ws/src/ardupilot_gz/install/ardupilot_gz_application/share/ardupilot_gz_application/package.xml
[1.068s] Invoked command in '/home/ws2/ros2_ws/src/ardupilot_gz/build/ardupilot_gz_application' returned '0': CMAKE_PREFIX_PATH=${CMAKE_PREFIX_PATH}:/home/ws2/ros2_ws/install/py_srvcli:/home/ws2/ros2_ws/install/py_pubsub:/home/ws2/ros2_ws/install/ardupilot_ros:/home/ws2/ros2_ws/install/python_parameters:/home/ws2/ros2_ws/install/mission_test:/home/ws2/ros2_ws/install/ardupilot_dds_tests:/home/ws2/ros2_ws/install/launch_testing_examples:/home/ws2/ros2_ws/install/jetson_pkg:/home/ws2/ros2_ws/install/examples_rclpy_pointcloud_publisher:/home/ws2/ros2_ws/install/examples_rclpy_minimal_subscriber:/home/ws2/ros2_ws/install/examples_rclpy_minimal_service:/home/ws2/ros2_ws/install/examples_rclpy_minimal_publisher:/home/ws2/ros2_ws/install/examples_rclpy_minimal_client:/home/ws2/ros2_ws/install/examples_rclpy_minimal_action_server:/home/ws2/ros2_ws/install/examples_rclpy_minimal_action_client:/home/ws2/ros2_ws/install/examples_rclpy_guard_conditions:/home/ws2/ros2_ws/install/examples_rclpy_executors:/home/ws2/glenn/ros2/install/vision:/home/ws2/glenn/ros2/install/nav:/home/ws2/glenn/ros2/install/gps:/home/ws2/glenn/ros2/install/drone_test:/home/ws2/glenn/ros2/install/isaac_ros_test:/home/ws2/glenn/ros2/install/GPS:/opt/ros/humble CONDA_PROMPT_MODIFIER=(base) /home/ws2/.local/bin/cmake --install /home/ws2/ros2_ws/src/ardupilot_gz/build/ardupilot_gz_application
